[ 2016-04-12T04:51:00+08:00 ] 121.42.0.35 /
INFO: [ app_init ] --START--
INFO: Run Behavior\BuildLiteBehavior [ RunTime:0.000040s ]
INFO: [ app_init ] --END-- [ RunTime:0.000621s ]
INFO: [ app_begin ] --START--
INFO: Run Behavior\ReadHtmlCacheBehavior [ RunTime:0.001015s ]
INFO: [ app_begin ] --END-- [ RunTime:0.001098s ]
INFO: [ view_parse ] --START--
INFO: Run Behavior\ParseTemplateBehavior [ RunTime:0.000379s ]
INFO: [ view_parse ] --END-- [ RunTime:0.000444s ]
INFO: [ view_filter ] --START--
INFO: Run Behavior\WriteHtmlCacheBehavior [ RunTime:0.000287s ]
INFO: [ view_filter ] --END-- [ RunTime:0.000342s ]
INFO: [ app_end ] --START--
INFO: Run Behavior\ShowPageTraceBehavior [ RunTime:0.000718s ]
INFO: [ app_end ] --END-- [ RunTime:0.000774s ]

[ 2016-04-12T04:58:28+08:00 ] 121.42.0.59 /
INFO: [ app_init ] --START--
INFO: Run Behavior\BuildLiteBehavior [ RunTime:0.000030s ]
INFO: [ app_init ] --END-- [ RunTime:0.000449s ]
INFO: [ app_begin ] --START--
INFO: Run Behavior\ReadHtmlCacheBehavior [ RunTime:0.000709s ]
INFO: [ app_begin ] --END-- [ RunTime:0.000759s ]
INFO: [ view_parse ] --START--
INFO: Run Behavior\ParseTemplateBehavior [ RunTime:0.000330s ]
INFO: [ view_parse ] --END-- [ RunTime:0.000389s ]
INFO: [ view_filter ] --START--
INFO: Run Behavior\WriteHtmlCacheBehavior [ RunTime:0.000282s ]
INFO: [ view_filter ] --END-- [ RunTime:0.000323s ]
INFO: [ app_end ] --START--
INFO: Run Behavior\ShowPageTraceBehavior [ RunTime:0.000622s ]
INFO: [ app_end ] --END-- [ RunTime:0.000671s ]

[ 2016-04-12T04:58:29+08:00 ] 121.42.0.67 /
INFO: [ app_init ] --START--
INFO: Run Behavior\BuildLiteBehavior [ RunTime:0.000018s ]
INFO: [ app_init ] --END-- [ RunTime:0.000448s ]
INFO: [ app_begin ] --START--
INFO: Run Behavior\ReadHtmlCacheBehavior [ RunTime:0.000664s ]
INFO: [ app_begin ] --END-- [ RunTime:0.000714s ]
INFO: [ view_parse ] --START--
INFO: Run Behavior\ParseTemplateBehavior [ RunTime:0.000323s ]
INFO: [ view_parse ] --END-- [ RunTime:0.000373s ]
INFO: [ view_filter ] --START--
INFO: Run Behavior\WriteHtmlCacheBehavior [ RunTime:0.000300s ]
INFO: [ view_filter ] --END-- [ RunTime:0.000355s ]
INFO: [ app_end ] --START--
INFO: Run Behavior\ShowPageTraceBehavior [ RunTime:0.000785s ]
INFO: [ app_end ] --END-- [ RunTime:0.000881s ]

[ 2016-04-12T05:46:57+08:00 ] 121.42.0.34 /
INFO: [ app_init ] --START--
INFO: Run Behavior\BuildLiteBehavior [ RunTime:0.000018s ]
INFO: [ app_init ] --END-- [ RunTime:0.000417s ]
INFO: [ app_begin ] --START--
INFO: Run Behavior\ReadHtmlCacheBehavior [ RunTime:0.000671s ]
INFO: [ app_begin ] --END-- [ RunTime:0.000720s ]
INFO: [ view_parse ] --START--
INFO: Run Behavior\ParseTemplateBehavior [ RunTime:0.000312s ]
INFO: [ view_parse ] --END-- [ RunTime:0.000361s ]
INFO: [ view_filter ] --START--
INFO: Run Behavior\WriteHtmlCacheBehavior [ RunTime:0.000295s ]
INFO: [ view_filter ] --END-- [ RunTime:0.000336s ]
INFO: [ app_end ] --START--
INFO: Run Behavior\ShowPageTraceBehavior [ RunTime:0.000570s ]
INFO: [ app_end ] --END-- [ RunTime:0.000623s ]

[ 2016-04-12T17:28:48+08:00 ] 116.236.146.22 /
INFO: [ app_init ] --START--
INFO: Run Behavior\BuildLiteBehavior [ RunTime:0.000022s ]
INFO: [ app_init ] --END-- [ RunTime:0.000490s ]
INFO: [ app_begin ] --START--
INFO: Run Behavior\ReadHtmlCacheBehavior [ RunTime:0.000832s ]
INFO: [ app_begin ] --END-- [ RunTime:0.000888s ]
INFO: [ view_parse ] --START--
INFO: Run Behavior\ParseTemplateBehavior [ RunTime:0.000372s ]
INFO: [ view_parse ] --END-- [ RunTime:0.000444s ]
INFO: [ view_filter ] --START--
INFO: Run Behavior\WriteHtmlCacheBehavior [ RunTime:0.000326s ]
INFO: [ view_filter ] --END-- [ RunTime:0.000374s ]
INFO: [ app_end ] --START--
INFO: Run Behavior\ShowPageTraceBehavior [ RunTime:0.000673s ]
INFO: [ app_end ] --END-- [ RunTime:0.000718s ]

[ 2016-04-12T21:18:13+08:00 ] 218.241.98.204 /
INFO: [ app_init ] --START--
INFO: Run Behavior\BuildLiteBehavior [ RunTime:0.000019s ]
INFO: [ app_init ] --END-- [ RunTime:0.000437s ]
INFO: [ app_begin ] --START--
INFO: Run Behavior\ReadHtmlCacheBehavior [ RunTime:0.000671s ]
INFO: [ app_begin ] --END-- [ RunTime:0.000726s ]
INFO: [ view_parse ] --START--
INFO: Run Behavior\ParseTemplateBehavior [ RunTime:0.000312s ]
INFO: [ view_parse ] --END-- [ RunTime:0.000362s ]
INFO: [ view_filter ] --START--
INFO: Run Behavior\WriteHtmlCacheBehavior [ RunTime:0.000295s ]
INFO: [ view_filter ] --END-- [ RunTime:0.000337s ]
INFO: [ app_end ] --START--
INFO: Run Behavior\ShowPageTraceBehavior [ RunTime:0.000556s ]
INFO: [ app_end ] --END-- [ RunTime:0.000601s ]

