[ 2016-05-08T20:43:07+08:00 ] 127.0.0.1 /favicon.ico
INFO: [ app_init ] --START--
INFO: Run Behavior\BuildLiteBehavior [ RunTime:0.000018s ]
INFO: [ app_init ] --END-- [ RunTime:0.000257s ]
ERR: 无法加载模块:Favicon

[ 2016-05-08T20:43:13+08:00 ] 127.0.0.1 /fonts.googleapis.com/css@family=Open+Sans_3A300italic,400italic,600italic,700italic,800italic,400,300,600,700,800
INFO: [ app_init ] --START--
INFO: Run Behavior\BuildLiteBehavior [ RunTime:0.000037s ]
INFO: [ app_init ] --END-- [ RunTime:0.000487s ]
ERR: 无法加载模块:Fonts.googleapis.com

[ 2016-05-08T20:43:13+08:00 ] 127.0.0.1 /fonts.googleapis.com/css@family=Dosis_3A200,300,400,500,600,700,800
INFO: [ app_init ] --START--
INFO: Run Behavior\BuildLiteBehavior [ RunTime:0.000023s ]
INFO: [ app_init ] --END-- [ RunTime:0.000326s ]
ERR: 无法加载模块:Fonts.googleapis.com

[ 2016-05-08T20:43:13+08:00 ] 127.0.0.1 /fonts.googleapis.com/css@family=Raleway_3A400,100,200,300,500,600
INFO: [ app_init ] --START--
INFO: Run Behavior\BuildLiteBehavior [ RunTime:0.000035s ]
INFO: [ app_init ] --END-- [ RunTime:0.000462s ]
ERR: 无法加载模块:Fonts.googleapis.com

[ 2016-05-08T20:43:13+08:00 ] 127.0.0.1 /fonts.googleapis.com/css@family=Lato_3A400,700,900
INFO: [ app_init ] --START--
INFO: Run Behavior\BuildLiteBehavior [ RunTime:0.000016s ]
INFO: [ app_init ] --END-- [ RunTime:0.000220s ]
ERR: 无法加载模块:Fonts.googleapis.com

[ 2016-05-08T20:43:15+08:00 ] 127.0.0.1 /testIndex/Public/images/misc/body-bg.png
INFO: [ app_init ] --START--
INFO: Run Behavior\BuildLiteBehavior [ RunTime:0.000027s ]
INFO: [ app_init ] --END-- [ RunTime:0.000357s ]
ERR: 无法加载模块:TestIndex

[ 2016-05-08T20:43:15+08:00 ] 127.0.0.1 /testIndex/Public/images/misc/home-button.png
INFO: [ app_init ] --START--
INFO: Run Behavior\BuildLiteBehavior [ RunTime:0.000025s ]
INFO: [ app_init ] --END-- [ RunTime:0.007484s ]
ERR: 无法加载模块:TestIndex

[ 2016-05-08T20:43:15+08:00 ] 127.0.0.1 /testIndex/Public/images/status.gif
INFO: [ app_init ] --START--
INFO: Run Behavior\BuildLiteBehavior [ RunTime:0.000035s ]
INFO: [ app_init ] --END-- [ RunTime:0.000471s ]
ERR: 无法加载模块:TestIndex

[ 2016-05-08T20:43:15+08:00 ] 127.0.0.1 /testIndex/Public/images/misc/menu-button.png
INFO: [ app_init ] --START--
INFO: Run Behavior\BuildLiteBehavior [ RunTime:0.000026s ]
INFO: [ app_init ] --END-- [ RunTime:0.000336s ]
ERR: 无法加载模块:TestIndex

[ 2016-05-08T20:43:15+08:00 ] 127.0.0.1 /testIndex/Public/images/misc/close-button.png
INFO: [ app_init ] --START--
INFO: Run Behavior\BuildLiteBehavior [ RunTime:0.000027s ]
INFO: [ app_init ] --END-- [ RunTime:0.000361s ]
ERR: 无法加载模块:TestIndex

[ 2016-05-08T20:43:15+08:00 ] 127.0.0.1 /testIndex/Public/images/misc/arrow-right.png
INFO: [ app_init ] --START--
INFO: Run Behavior\BuildLiteBehavior [ RunTime:0.000026s ]
INFO: [ app_init ] --END-- [ RunTime:0.000368s ]
ERR: 无法加载模块:TestIndex

[ 2016-05-08T20:43:15+08:00 ] 127.0.0.1 /testIndex/Public/images/misc/arrow-left.png
INFO: [ app_init ] --START--
INFO: Run Behavior\BuildLiteBehavior [ RunTime:0.000024s ]
INFO: [ app_init ] --END-- [ RunTime:0.000349s ]
ERR: 无法加载模块:TestIndex

[ 2016-05-08T20:43:15+08:00 ] 127.0.0.1 /testIndex/Public/images/ui/next1.png
INFO: [ app_init ] --START--
INFO: Run Behavior\BuildLiteBehavior [ RunTime:0.000027s ]
INFO: [ app_init ] --END-- [ RunTime:0.000353s ]
ERR: 无法加载模块:TestIndex

[ 2016-05-08T20:43:15+08:00 ] 127.0.0.1 /testIndex/Public/images/ui/prev1.png
INFO: [ app_init ] --START--
INFO: Run Behavior\BuildLiteBehavior [ RunTime:0.000025s ]
INFO: [ app_init ] --END-- [ RunTime:0.000382s ]
ERR: 无法加载模块:TestIndex

[ 2016-05-08T20:43:15+08:00 ] 127.0.0.1 /testIndex/Public/images/misc/social/facebook.png
INFO: [ app_init ] --START--
INFO: Run Behavior\BuildLiteBehavior [ RunTime:0.000028s ]
INFO: [ app_init ] --END-- [ RunTime:0.000408s ]
ERR: 无法加载模块:TestIndex

[ 2016-05-08T20:43:15+08:00 ] 127.0.0.1 /testIndex/Public/images/misc/social/google.png
INFO: [ app_init ] --START--
INFO: Run Behavior\BuildLiteBehavior [ RunTime:0.000026s ]
INFO: [ app_init ] --END-- [ RunTime:0.000340s ]
ERR: 无法加载模块:TestIndex

[ 2016-05-08T20:43:15+08:00 ] 127.0.0.1 /testIndex/Public/images/misc/social/twitter.png
INFO: [ app_init ] --START--
INFO: Run Behavior\BuildLiteBehavior [ RunTime:0.000027s ]
INFO: [ app_init ] --END-- [ RunTime:0.000998s ]
ERR: 无法加载模块:TestIndex

[ 2016-05-08T20:43:15+08:00 ] 127.0.0.1 /testIndex/Public/images/misc/twitter.png
INFO: [ app_init ] --START--
INFO: Run Behavior\BuildLiteBehavior [ RunTime:0.000026s ]
INFO: [ app_init ] --END-- [ RunTime:0.000364s ]
ERR: 无法加载模块:TestIndex

[ 2016-05-08T20:43:15+08:00 ] 127.0.0.1 /testIndex/Public/images/misc/googleplus.png
INFO: [ app_init ] --START--
INFO: Run Behavior\BuildLiteBehavior [ RunTime:0.000033s ]
INFO: [ app_init ] --END-- [ RunTime:0.000423s ]
ERR: 无法加载模块:TestIndex

[ 2016-05-08T20:43:15+08:00 ] 127.0.0.1 /testIndex/Public/images/misc/facebook.png
INFO: [ app_init ] --START--
INFO: Run Behavior\BuildLiteBehavior [ RunTime:0.000033s ]
INFO: [ app_init ] --END-- [ RunTime:0.000458s ]
ERR: 无法加载模块:TestIndex

[ 2016-05-08T20:43:47+08:00 ] 127.0.0.1 /fonts.googleapis.com/css@family=Raleway_3A400,100,200,300,500,600
INFO: [ app_init ] --START--
INFO: Run Behavior\BuildLiteBehavior [ RunTime:0.000027s ]
INFO: [ app_init ] --END-- [ RunTime:0.000368s ]
ERR: 无法加载模块:Fonts.googleapis.com

[ 2016-05-08T20:43:47+08:00 ] 127.0.0.1 /fonts.googleapis.com/css@family=Open+Sans_3A300italic,400italic,600italic,700italic,800italic,400,300,600,700,800
INFO: [ app_init ] --START--
INFO: Run Behavior\BuildLiteBehavior [ RunTime:0.000027s ]
INFO: [ app_init ] --END-- [ RunTime:0.001505s ]
ERR: 无法加载模块:Fonts.googleapis.com

[ 2016-05-08T20:43:47+08:00 ] 127.0.0.1 /fonts.googleapis.com/css@family=Dosis_3A200,300,400,500,600,700,800
INFO: [ app_init ] --START--
INFO: Run Behavior\BuildLiteBehavior [ RunTime:0.000032s ]
INFO: [ app_init ] --END-- [ RunTime:0.000419s ]
ERR: 无法加载模块:Fonts.googleapis.com

[ 2016-05-08T20:43:47+08:00 ] 127.0.0.1 /fonts.googleapis.com/css@family=Lato_3A400,700,900
INFO: [ app_init ] --START--
INFO: Run Behavior\BuildLiteBehavior [ RunTime:0.000027s ]
INFO: [ app_init ] --END-- [ RunTime:0.000305s ]
ERR: 无法加载模块:Fonts.googleapis.com

[ 2016-05-08T20:43:48+08:00 ] 127.0.0.1 /testIndex/Public/images/misc/arrow-right.png
INFO: [ app_init ] --START--
INFO: Run Behavior\BuildLiteBehavior [ RunTime:0.000027s ]
INFO: [ app_init ] --END-- [ RunTime:0.000346s ]
ERR: 无法加载模块:TestIndex

[ 2016-05-08T20:43:48+08:00 ] 127.0.0.1 /testIndex/Public/images/misc/close-button.png
INFO: [ app_init ] --START--
INFO: Run Behavior\BuildLiteBehavior [ RunTime:0.000024s ]
INFO: [ app_init ] --END-- [ RunTime:0.000345s ]
ERR: 无法加载模块:TestIndex

[ 2016-05-08T20:43:48+08:00 ] 127.0.0.1 /testIndex/Public/images/status.gif
INFO: [ app_init ] --START--
INFO: Run Behavior\BuildLiteBehavior [ RunTime:0.000026s ]
INFO: [ app_init ] --END-- [ RunTime:0.000360s ]
ERR: 无法加载模块:TestIndex

[ 2016-05-08T20:43:48+08:00 ] 127.0.0.1 /testIndex/Public/images/misc/body-bg.png
INFO: [ app_init ] --START--
INFO: Run Behavior\BuildLiteBehavior [ RunTime:0.000024s ]
INFO: [ app_init ] --END-- [ RunTime:0.000317s ]
ERR: 无法加载模块:TestIndex

[ 2016-05-08T20:43:48+08:00 ] 127.0.0.1 /testIndex/Public/images/misc/home-button.png
INFO: [ app_init ] --START--
INFO: Run Behavior\BuildLiteBehavior [ RunTime:0.000027s ]
INFO: [ app_init ] --END-- [ RunTime:0.001889s ]
ERR: 无法加载模块:TestIndex

[ 2016-05-08T20:43:48+08:00 ] 127.0.0.1 /testIndex/Public/images/misc/menu-button.png
INFO: [ app_init ] --START--
INFO: Run Behavior\BuildLiteBehavior [ RunTime:0.000026s ]
INFO: [ app_init ] --END-- [ RunTime:0.001821s ]
ERR: 无法加载模块:TestIndex

[ 2016-05-08T20:43:48+08:00 ] 127.0.0.1 /testIndex/Public/images/misc/arrow-left.png
INFO: [ app_init ] --START--
INFO: Run Behavior\BuildLiteBehavior [ RunTime:0.000028s ]
INFO: [ app_init ] --END-- [ RunTime:0.000849s ]
ERR: 无法加载模块:TestIndex

[ 2016-05-08T20:43:48+08:00 ] 127.0.0.1 /testIndex/Public/images/ui/next1.png
INFO: [ app_init ] --START--
INFO: Run Behavior\BuildLiteBehavior [ RunTime:0.000026s ]
INFO: [ app_init ] --END-- [ RunTime:0.000352s ]
ERR: 无法加载模块:TestIndex

[ 2016-05-08T20:43:48+08:00 ] 127.0.0.1 /testIndex/Public/images/ui/prev1.png
INFO: [ app_init ] --START--
INFO: Run Behavior\BuildLiteBehavior [ RunTime:0.000029s ]
INFO: [ app_init ] --END-- [ RunTime:0.003751s ]
ERR: 无法加载模块:TestIndex

[ 2016-05-08T20:43:48+08:00 ] 127.0.0.1 /testIndex/Public/images/misc/social/facebook.png
INFO: [ app_init ] --START--
INFO: Run Behavior\BuildLiteBehavior [ RunTime:0.000028s ]
INFO: [ app_init ] --END-- [ RunTime:0.002762s ]
ERR: 无法加载模块:TestIndex

[ 2016-05-08T20:43:48+08:00 ] 127.0.0.1 /testIndex/Public/images/misc/social/twitter.png
INFO: [ app_init ] --START--
INFO: Run Behavior\BuildLiteBehavior [ RunTime:0.000025s ]
INFO: [ app_init ] --END-- [ RunTime:0.000371s ]
ERR: 无法加载模块:TestIndex

[ 2016-05-08T20:43:48+08:00 ] 127.0.0.1 /testIndex/Public/images/misc/social/google.png
INFO: [ app_init ] --START--
INFO: Run Behavior\BuildLiteBehavior [ RunTime:0.000023s ]
INFO: [ app_init ] --END-- [ RunTime:0.000564s ]
ERR: 无法加载模块:TestIndex

[ 2016-05-08T20:43:48+08:00 ] 127.0.0.1 /testIndex/Public/images/misc/twitter.png
INFO: [ app_init ] --START--
INFO: Run Behavior\BuildLiteBehavior [ RunTime:0.000032s ]
INFO: [ app_init ] --END-- [ RunTime:0.000515s ]
ERR: 无法加载模块:TestIndex

[ 2016-05-08T20:43:48+08:00 ] 127.0.0.1 /testIndex/Public/images/misc/googleplus.png
INFO: [ app_init ] --START--
INFO: Run Behavior\BuildLiteBehavior [ RunTime:0.000027s ]
INFO: [ app_init ] --END-- [ RunTime:0.000364s ]
ERR: 无法加载模块:TestIndex

[ 2016-05-08T20:43:48+08:00 ] 127.0.0.1 /testIndex/Public/images/misc/facebook.png
INFO: [ app_init ] --START--
INFO: Run Behavior\BuildLiteBehavior [ RunTime:0.000018s ]
INFO: [ app_init ] --END-- [ RunTime:0.000250s ]
ERR: 无法加载模块:TestIndex

[ 2016-05-08T20:43:49+08:00 ] 127.0.0.1 /testIndex/Public/images/misc/nav_selected.png
INFO: [ app_init ] --START--
INFO: Run Behavior\BuildLiteBehavior [ RunTime:0.000026s ]
INFO: [ app_init ] --END-- [ RunTime:0.000342s ]
ERR: 无法加载模块:TestIndex

[ 2016-05-08T20:43:49+08:00 ] 127.0.0.1 /testIndex/Public/images/misc/features.png
INFO: [ app_init ] --START--
INFO: Run Behavior\BuildLiteBehavior [ RunTime:0.000022s ]
INFO: [ app_init ] --END-- [ RunTime:0.000329s ]
ERR: 无法加载模块:TestIndex

[ 2016-05-08T20:43:49+08:00 ] 127.0.0.1 /testIndex/Public/images/misc/corner-deco.png
INFO: [ app_init ] --START--
INFO: Run Behavior\BuildLiteBehavior [ RunTime:0.000024s ]
INFO: [ app_init ] --END-- [ RunTime:0.000345s ]
ERR: 无法加载模块:TestIndex

[ 2016-05-08T20:43:49+08:00 ] 127.0.0.1 /testIndex/Public/images/misc/nav_dropup.png
INFO: [ app_init ] --START--
INFO: Run Behavior\BuildLiteBehavior [ RunTime:0.000026s ]
INFO: [ app_init ] --END-- [ RunTime:0.000367s ]
ERR: 无法加载模块:TestIndex

[ 2016-05-08T20:43:49+08:00 ] 127.0.0.1 /testIndex/Public/images/misc/homepage.png
INFO: [ app_init ] --START--
INFO: Run Behavior\BuildLiteBehavior [ RunTime:0.000024s ]
INFO: [ app_init ] --END-- [ RunTime:0.000350s ]
ERR: 无法加载模块:TestIndex

[ 2016-05-08T20:43:49+08:00 ] 127.0.0.1 /testIndex/Public/images/misc/portfolio.png
INFO: [ app_init ] --START--
INFO: Run Behavior\BuildLiteBehavior [ RunTime:0.000027s ]
INFO: [ app_init ] --END-- [ RunTime:0.001644s ]
ERR: 无法加载模块:TestIndex

[ 2016-05-08T20:43:49+08:00 ] 127.0.0.1 /testIndex/Public/images/misc/videos.png
INFO: [ app_init ] --START--
INFO: Run Behavior\BuildLiteBehavior [ RunTime:0.000031s ]
INFO: [ app_init ] --END-- [ RunTime:0.000397s ]
ERR: 无法加载模块:TestIndex

[ 2016-05-08T20:43:49+08:00 ] 127.0.0.1 /testIndex/Public/images/misc/contact.png
INFO: [ app_init ] --START--
INFO: Run Behavior\BuildLiteBehavior [ RunTime:0.000026s ]
INFO: [ app_init ] --END-- [ RunTime:0.000361s ]
ERR: 无法加载模块:TestIndex

[ 2016-05-08T20:43:49+08:00 ] 127.0.0.1 /testIndex/Public/images/misc/gallery.png
INFO: [ app_init ] --START--
INFO: Run Behavior\BuildLiteBehavior [ RunTime:0.000020s ]
INFO: [ app_init ] --END-- [ RunTime:0.000307s ]
ERR: 无法加载模块:TestIndex

[ 2016-05-08T20:43:49+08:00 ] 127.0.0.1 /testIndex/Public/images/misc/nav_unselected.png
INFO: [ app_init ] --START--
INFO: Run Behavior\BuildLiteBehavior [ RunTime:0.000026s ]
INFO: [ app_init ] --END-- [ RunTime:0.000357s ]
ERR: 无法加载模块:TestIndex

[ 2016-05-08T20:47:47+08:00 ] 127.0.0.1 /fonts.googleapis.com/css@family=Dosis_3A200,300,400,500,600,700,800
INFO: [ app_init ] --START--
INFO: Run Behavior\BuildLiteBehavior [ RunTime:0.000025s ]
INFO: [ app_init ] --END-- [ RunTime:0.000359s ]
ERR: 无法加载模块:Fonts.googleapis.com

[ 2016-05-08T20:47:47+08:00 ] 127.0.0.1 /fonts.googleapis.com/css@family=Raleway_3A400,100,200,300,500,600
INFO: [ app_init ] --START--
INFO: Run Behavior\BuildLiteBehavior [ RunTime:0.000025s ]
INFO: [ app_init ] --END-- [ RunTime:0.000359s ]
ERR: 无法加载模块:Fonts.googleapis.com

[ 2016-05-08T20:47:47+08:00 ] 127.0.0.1 /fonts.googleapis.com/css@family=Lato_3A400,700,900
INFO: [ app_init ] --START--
INFO: Run Behavior\BuildLiteBehavior [ RunTime:0.000027s ]
INFO: [ app_init ] --END-- [ RunTime:0.000388s ]
ERR: 无法加载模块:Fonts.googleapis.com

[ 2016-05-08T20:47:47+08:00 ] 127.0.0.1 /fonts.googleapis.com/css@family=Open+Sans_3A300italic,400italic,600italic,700italic,800italic,400,300,600,700,800
INFO: [ app_init ] --START--
INFO: Run Behavior\BuildLiteBehavior [ RunTime:0.000028s ]
INFO: [ app_init ] --END-- [ RunTime:0.000496s ]
ERR: 无法加载模块:Fonts.googleapis.com

[ 2016-05-08T20:47:49+08:00 ] 127.0.0.1 /testIndex/Public/images/status.gif
INFO: [ app_init ] --START--
INFO: Run Behavior\BuildLiteBehavior [ RunTime:0.000025s ]
INFO: [ app_init ] --END-- [ RunTime:0.000343s ]
ERR: 无法加载模块:TestIndex

[ 2016-05-08T20:47:49+08:00 ] 127.0.0.1 /testIndex/Public/images/misc/body-bg.png
INFO: [ app_init ] --START--
INFO: Run Behavior\BuildLiteBehavior [ RunTime:0.000023s ]
INFO: [ app_init ] --END-- [ RunTime:0.000332s ]
ERR: 无法加载模块:TestIndex

[ 2016-05-08T20:47:49+08:00 ] 127.0.0.1 /testIndex/Public/images/misc/home-button.png
INFO: [ app_init ] --START--
INFO: Run Behavior\BuildLiteBehavior [ RunTime:0.000025s ]
INFO: [ app_init ] --END-- [ RunTime:0.000341s ]
ERR: 无法加载模块:TestIndex

[ 2016-05-08T20:47:49+08:00 ] 127.0.0.1 /testIndex/Public/images/misc/menu-button.png
INFO: [ app_init ] --START--
INFO: Run Behavior\BuildLiteBehavior [ RunTime:0.000027s ]
INFO: [ app_init ] --END-- [ RunTime:0.000365s ]
ERR: 无法加载模块:TestIndex

[ 2016-05-08T20:47:49+08:00 ] 127.0.0.1 /testIndex/Public/images/misc/arrow-right.png
INFO: [ app_init ] --START--
INFO: Run Behavior\BuildLiteBehavior [ RunTime:0.000018s ]
INFO: [ app_init ] --END-- [ RunTime:0.000248s ]
ERR: 无法加载模块:TestIndex

[ 2016-05-08T20:47:49+08:00 ] 127.0.0.1 /testIndex/Public/images/misc/close-button.png
INFO: [ app_init ] --START--
INFO: Run Behavior\BuildLiteBehavior [ RunTime:0.000031s ]
INFO: [ app_init ] --END-- [ RunTime:0.000447s ]
ERR: 无法加载模块:TestIndex

[ 2016-05-08T20:47:49+08:00 ] 127.0.0.1 /testIndex/Public/images/misc/arrow-left.png
INFO: [ app_init ] --START--
INFO: Run Behavior\BuildLiteBehavior [ RunTime:0.000029s ]
INFO: [ app_init ] --END-- [ RunTime:0.000399s ]
ERR: 无法加载模块:TestIndex

[ 2016-05-08T20:47:49+08:00 ] 127.0.0.1 /testIndex/Public/images/ui/next1.png
INFO: [ app_init ] --START--
INFO: Run Behavior\BuildLiteBehavior [ RunTime:0.000030s ]
INFO: [ app_init ] --END-- [ RunTime:0.000400s ]
ERR: 无法加载模块:TestIndex

[ 2016-05-08T20:47:49+08:00 ] 127.0.0.1 /testIndex/Public/images/ui/prev1.png
INFO: [ app_init ] --START--
INFO: Run Behavior\BuildLiteBehavior [ RunTime:0.000028s ]
INFO: [ app_init ] --END-- [ RunTime:0.000378s ]
ERR: 无法加载模块:TestIndex

[ 2016-05-08T20:47:49+08:00 ] 127.0.0.1 /testIndex/Public/images/misc/social/facebook.png
INFO: [ app_init ] --START--
INFO: Run Behavior\BuildLiteBehavior [ RunTime:0.000028s ]
INFO: [ app_init ] --END-- [ RunTime:0.000416s ]
ERR: 无法加载模块:TestIndex

[ 2016-05-08T20:47:49+08:00 ] 127.0.0.1 /testIndex/Public/images/misc/social/twitter.png
INFO: [ app_init ] --START--
INFO: Run Behavior\BuildLiteBehavior [ RunTime:0.000038s ]
INFO: [ app_init ] --END-- [ RunTime:0.000504s ]
ERR: 无法加载模块:TestIndex

[ 2016-05-08T20:47:49+08:00 ] 127.0.0.1 /testIndex/Public/images/misc/social/google.png
INFO: [ app_init ] --START--
INFO: Run Behavior\BuildLiteBehavior [ RunTime:0.000026s ]
INFO: [ app_init ] --END-- [ RunTime:0.000425s ]
ERR: 无法加载模块:TestIndex

[ 2016-05-08T20:47:49+08:00 ] 127.0.0.1 /testIndex/Public/images/misc/twitter.png
INFO: [ app_init ] --START--
INFO: Run Behavior\BuildLiteBehavior [ RunTime:0.000048s ]
INFO: [ app_init ] --END-- [ RunTime:0.000605s ]
ERR: 无法加载模块:TestIndex

[ 2016-05-08T20:47:49+08:00 ] 127.0.0.1 /testIndex/Public/images/misc/facebook.png
INFO: [ app_init ] --START--
INFO: Run Behavior\BuildLiteBehavior [ RunTime:0.000028s ]
INFO: [ app_init ] --END-- [ RunTime:0.000825s ]
ERR: 无法加载模块:TestIndex

[ 2016-05-08T20:47:49+08:00 ] 127.0.0.1 /testIndex/Public/images/misc/googleplus.png
INFO: [ app_init ] --START--
INFO: Run Behavior\BuildLiteBehavior [ RunTime:0.000422s ]
INFO: [ app_init ] --END-- [ RunTime:0.001966s ]
ERR: 无法加载模块:TestIndex

[ 2016-05-08T20:47:50+08:00 ] 127.0.0.1 /fonts.googleapis.com/css@family=Raleway_3A400,100,200,300,500,600
INFO: [ app_init ] --START--
INFO: Run Behavior\BuildLiteBehavior [ RunTime:0.000026s ]
INFO: [ app_init ] --END-- [ RunTime:0.000350s ]
ERR: 无法加载模块:Fonts.googleapis.com

[ 2016-05-08T20:47:50+08:00 ] 127.0.0.1 /fonts.googleapis.com/css@family=Lato_3A400,700,900
INFO: [ app_init ] --START--
INFO: Run Behavior\BuildLiteBehavior [ RunTime:0.000026s ]
INFO: [ app_init ] --END-- [ RunTime:0.000384s ]
ERR: 无法加载模块:Fonts.googleapis.com

[ 2016-05-08T20:47:50+08:00 ] 127.0.0.1 /fonts.googleapis.com/css@family=Open+Sans_3A300italic,400italic,600italic,700italic,800italic,400,300,600,700,800
INFO: [ app_init ] --START--
INFO: Run Behavior\BuildLiteBehavior [ RunTime:0.000028s ]
INFO: [ app_init ] --END-- [ RunTime:0.000442s ]
ERR: 无法加载模块:Fonts.googleapis.com

[ 2016-05-08T20:47:50+08:00 ] 127.0.0.1 /fonts.googleapis.com/css@family=Dosis_3A200,300,400,500,600,700,800
INFO: [ app_init ] --START--
INFO: Run Behavior\BuildLiteBehavior [ RunTime:0.000028s ]
INFO: [ app_init ] --END-- [ RunTime:0.000306s ]
ERR: 无法加载模块:Fonts.googleapis.com

[ 2016-05-08T20:47:51+08:00 ] 127.0.0.1 /testIndex/Public/images/status.gif
INFO: [ app_init ] --START--
INFO: Run Behavior\BuildLiteBehavior [ RunTime:0.000026s ]
INFO: [ app_init ] --END-- [ RunTime:0.000439s ]
ERR: 无法加载模块:TestIndex

[ 2016-05-08T20:47:51+08:00 ] 127.0.0.1 /testIndex/Public/images/misc/body-bg.png
INFO: [ app_init ] --START--
INFO: Run Behavior\BuildLiteBehavior [ RunTime:0.000030s ]
INFO: [ app_init ] --END-- [ RunTime:0.004768s ]
ERR: 无法加载模块:TestIndex

[ 2016-05-08T20:47:51+08:00 ] 127.0.0.1 /testIndex/Public/images/misc/menu-button.png
INFO: [ app_init ] --START--
INFO: Run Behavior\BuildLiteBehavior [ RunTime:0.000027s ]
INFO: [ app_init ] --END-- [ RunTime:0.000355s ]
ERR: 无法加载模块:TestIndex

[ 2016-05-08T20:47:51+08:00 ] 127.0.0.1 /testIndex/Public/images/misc/home-button.png
INFO: [ app_init ] --START--
INFO: Run Behavior\BuildLiteBehavior [ RunTime:0.000027s ]
INFO: [ app_init ] --END-- [ RunTime:0.000351s ]
ERR: 无法加载模块:TestIndex

[ 2016-05-08T20:47:51+08:00 ] 127.0.0.1 /testIndex/Public/images/misc/close-button.png
INFO: [ app_init ] --START--
INFO: Run Behavior\BuildLiteBehavior [ RunTime:0.000203s ]
INFO: [ app_init ] --END-- [ RunTime:0.000720s ]
ERR: 无法加载模块:TestIndex

[ 2016-05-08T20:47:51+08:00 ] 127.0.0.1 /testIndex/Public/images/misc/arrow-right.png
INFO: [ app_init ] --START--
INFO: Run Behavior\BuildLiteBehavior [ RunTime:0.000026s ]
INFO: [ app_init ] --END-- [ RunTime:0.001418s ]
ERR: 无法加载模块:TestIndex

[ 2016-05-08T20:47:51+08:00 ] 127.0.0.1 /testIndex/Public/images/misc/arrow-left.png
INFO: [ app_init ] --START--
INFO: Run Behavior\BuildLiteBehavior [ RunTime:0.000031s ]
INFO: [ app_init ] --END-- [ RunTime:0.000488s ]
ERR: 无法加载模块:TestIndex

[ 2016-05-08T20:47:51+08:00 ] 127.0.0.1 /testIndex/Public/images/ui/next1.png
INFO: [ app_init ] --START--
INFO: Run Behavior\BuildLiteBehavior [ RunTime:0.000026s ]
INFO: [ app_init ] --END-- [ RunTime:0.000379s ]
ERR: 无法加载模块:TestIndex

[ 2016-05-08T20:47:51+08:00 ] 127.0.0.1 /testIndex/Public/images/ui/prev1.png
INFO: [ app_init ] --START--
INFO: Run Behavior\BuildLiteBehavior [ RunTime:0.000028s ]
INFO: [ app_init ] --END-- [ RunTime:0.000399s ]
ERR: 无法加载模块:TestIndex

[ 2016-05-08T20:47:51+08:00 ] 127.0.0.1 /testIndex/Public/images/misc/social/facebook.png
INFO: [ app_init ] --START--
INFO: Run Behavior\BuildLiteBehavior [ RunTime:0.000027s ]
INFO: [ app_init ] --END-- [ RunTime:0.000405s ]
ERR: 无法加载模块:TestIndex

[ 2016-05-08T20:47:51+08:00 ] 127.0.0.1 /testIndex/Public/images/misc/social/twitter.png
INFO: [ app_init ] --START--
INFO: Run Behavior\BuildLiteBehavior [ RunTime:0.000029s ]
INFO: [ app_init ] --END-- [ RunTime:0.000707s ]
ERR: 无法加载模块:TestIndex

[ 2016-05-08T20:47:51+08:00 ] 127.0.0.1 /testIndex/Public/images/misc/social/google.png
INFO: [ app_init ] --START--
INFO: Run Behavior\BuildLiteBehavior [ RunTime:0.000029s ]
INFO: [ app_init ] --END-- [ RunTime:0.000405s ]
ERR: 无法加载模块:TestIndex

[ 2016-05-08T20:47:51+08:00 ] 127.0.0.1 /testIndex/Public/images/misc/twitter.png
INFO: [ app_init ] --START--
INFO: Run Behavior\BuildLiteBehavior [ RunTime:0.000028s ]
INFO: [ app_init ] --END-- [ RunTime:0.001409s ]
ERR: 无法加载模块:TestIndex

[ 2016-05-08T20:47:51+08:00 ] 127.0.0.1 /testIndex/Public/images/misc/googleplus.png
INFO: [ app_init ] --START--
INFO: Run Behavior\BuildLiteBehavior [ RunTime:0.000017s ]
INFO: [ app_init ] --END-- [ RunTime:0.000221s ]
ERR: 无法加载模块:TestIndex

[ 2016-05-08T20:47:51+08:00 ] 127.0.0.1 /testIndex/Public/images/misc/facebook.png
INFO: [ app_init ] --START--
INFO: Run Behavior\BuildLiteBehavior [ RunTime:0.000028s ]
INFO: [ app_init ] --END-- [ RunTime:0.000412s ]
ERR: 无法加载模块:TestIndex

[ 2016-05-08T20:47:53+08:00 ] 127.0.0.1 /fonts.googleapis.com/css@family=Open+Sans_3A300italic,400italic,600italic,700italic,800italic,400,300,600,700,800
INFO: [ app_init ] --START--
INFO: Run Behavior\BuildLiteBehavior [ RunTime:0.000026s ]
INFO: [ app_init ] --END-- [ RunTime:0.000354s ]
ERR: 无法加载模块:Fonts.googleapis.com

[ 2016-05-08T20:47:53+08:00 ] 127.0.0.1 /fonts.googleapis.com/css@family=Raleway_3A400,100,200,300,500,600
INFO: [ app_init ] --START--
INFO: Run Behavior\BuildLiteBehavior [ RunTime:0.000024s ]
INFO: [ app_init ] --END-- [ RunTime:0.000348s ]
ERR: 无法加载模块:Fonts.googleapis.com

[ 2016-05-08T20:47:53+08:00 ] 127.0.0.1 /fonts.googleapis.com/css@family=Dosis_3A200,300,400,500,600,700,800
INFO: [ app_init ] --START--
INFO: Run Behavior\BuildLiteBehavior [ RunTime:0.000026s ]
INFO: [ app_init ] --END-- [ RunTime:0.000359s ]
ERR: 无法加载模块:Fonts.googleapis.com

[ 2016-05-08T20:47:53+08:00 ] 127.0.0.1 /fonts.googleapis.com/css@family=Lato_3A400,700,900
INFO: [ app_init ] --START--
INFO: Run Behavior\BuildLiteBehavior [ RunTime:0.000026s ]
INFO: [ app_init ] --END-- [ RunTime:0.000367s ]
ERR: 无法加载模块:Fonts.googleapis.com

[ 2016-05-08T20:47:53+08:00 ] 127.0.0.1 /testIndex/Public/images/status.gif
INFO: [ app_init ] --START--
INFO: Run Behavior\BuildLiteBehavior [ RunTime:0.000029s ]
INFO: [ app_init ] --END-- [ RunTime:0.005449s ]
ERR: 无法加载模块:TestIndex

[ 2016-05-08T20:47:53+08:00 ] 127.0.0.1 /testIndex/Public/images/misc/home-button.png
INFO: [ app_init ] --START--
INFO: Run Behavior\BuildLiteBehavior [ RunTime:0.000028s ]
INFO: [ app_init ] --END-- [ RunTime:0.000356s ]
ERR: 无法加载模块:TestIndex

[ 2016-05-08T20:47:53+08:00 ] 127.0.0.1 /testIndex/Public/images/misc/menu-button.png
INFO: [ app_init ] --START--
INFO: Run Behavior\BuildLiteBehavior [ RunTime:0.000026s ]
INFO: [ app_init ] --END-- [ RunTime:0.000341s ]
ERR: 无法加载模块:TestIndex

[ 2016-05-08T20:47:53+08:00 ] 127.0.0.1 /testIndex/Public/images/misc/arrow-right.png
INFO: [ app_init ] --START--
INFO: Run Behavior\BuildLiteBehavior [ RunTime:0.000030s ]
INFO: [ app_init ] --END-- [ RunTime:0.000411s ]
ERR: 无法加载模块:TestIndex

[ 2016-05-08T20:47:53+08:00 ] 127.0.0.1 /testIndex/Public/images/misc/body-bg.png
INFO: [ app_init ] --START--
INFO: Run Behavior\BuildLiteBehavior [ RunTime:0.000026s ]
INFO: [ app_init ] --END-- [ RunTime:0.000390s ]
ERR: 无法加载模块:TestIndex

[ 2016-05-08T20:47:53+08:00 ] 127.0.0.1 /testIndex/Public/images/misc/close-button.png
INFO: [ app_init ] --START--
INFO: Run Behavior\BuildLiteBehavior [ RunTime:0.000031s ]
INFO: [ app_init ] --END-- [ RunTime:0.000456s ]
ERR: 无法加载模块:TestIndex

[ 2016-05-08T20:47:53+08:00 ] 127.0.0.1 /testIndex/Public/images/ui/next1.png
INFO: [ app_init ] --START--
INFO: Run Behavior\BuildLiteBehavior [ RunTime:0.000026s ]
INFO: [ app_init ] --END-- [ RunTime:0.000367s ]
ERR: 无法加载模块:TestIndex

[ 2016-05-08T20:47:53+08:00 ] 127.0.0.1 /testIndex/Public/images/ui/prev1.png
INFO: [ app_init ] --START--
INFO: Run Behavior\BuildLiteBehavior [ RunTime:0.000024s ]
INFO: [ app_init ] --END-- [ RunTime:0.000346s ]
ERR: 无法加载模块:TestIndex

[ 2016-05-08T20:47:53+08:00 ] 127.0.0.1 /testIndex/Public/images/misc/arrow-left.png
INFO: [ app_init ] --START--
INFO: Run Behavior\BuildLiteBehavior [ RunTime:0.000031s ]
INFO: [ app_init ] --END-- [ RunTime:0.003523s ]
ERR: 无法加载模块:TestIndex

[ 2016-05-08T20:47:53+08:00 ] 127.0.0.1 /testIndex/Public/images/misc/social/facebook.png
INFO: [ app_init ] --START--
INFO: Run Behavior\BuildLiteBehavior [ RunTime:0.000029s ]
INFO: [ app_init ] --END-- [ RunTime:0.001032s ]
ERR: 无法加载模块:TestIndex

[ 2016-05-08T20:47:53+08:00 ] 127.0.0.1 /testIndex/Public/images/misc/social/twitter.png
INFO: [ app_init ] --START--
INFO: Run Behavior\BuildLiteBehavior [ RunTime:0.000025s ]
INFO: [ app_init ] --END-- [ RunTime:0.001210s ]
ERR: 无法加载模块:TestIndex

[ 2016-05-08T20:47:53+08:00 ] 127.0.0.1 /testIndex/Public/images/misc/social/google.png
INFO: [ app_init ] --START--
INFO: Run Behavior\BuildLiteBehavior [ RunTime:0.000029s ]
INFO: [ app_init ] --END-- [ RunTime:0.000378s ]
ERR: 无法加载模块:TestIndex

[ 2016-05-08T20:47:53+08:00 ] 127.0.0.1 /testIndex/Public/images/misc/twitter.png
INFO: [ app_init ] --START--
INFO: Run Behavior\BuildLiteBehavior [ RunTime:0.000030s ]
INFO: [ app_init ] --END-- [ RunTime:0.000504s ]
ERR: 无法加载模块:TestIndex

[ 2016-05-08T20:47:53+08:00 ] 127.0.0.1 /testIndex/Public/images/misc/googleplus.png
INFO: [ app_init ] --START--
INFO: Run Behavior\BuildLiteBehavior [ RunTime:0.000030s ]
INFO: [ app_init ] --END-- [ RunTime:0.000404s ]
ERR: 无法加载模块:TestIndex

[ 2016-05-08T20:47:53+08:00 ] 127.0.0.1 /testIndex/Public/images/misc/facebook.png
INFO: [ app_init ] --START--
INFO: Run Behavior\BuildLiteBehavior [ RunTime:0.000019s ]
INFO: [ app_init ] --END-- [ RunTime:0.000289s ]
ERR: 无法加载模块:TestIndex

[ 2016-05-08T20:49:35+08:00 ] 127.0.0.1 /testIndex/Public/images/misc/nav_selected.png
INFO: [ app_init ] --START--
INFO: Run Behavior\BuildLiteBehavior [ RunTime:0.000028s ]
INFO: [ app_init ] --END-- [ RunTime:0.000399s ]
ERR: 无法加载模块:TestIndex

[ 2016-05-08T20:49:35+08:00 ] 127.0.0.1 /testIndex/Public/images/misc/homepage.png
INFO: [ app_init ] --START--
INFO: Run Behavior\BuildLiteBehavior [ RunTime:0.000028s ]
INFO: [ app_init ] --END-- [ RunTime:0.000369s ]
ERR: 无法加载模块:TestIndex

[ 2016-05-08T20:49:35+08:00 ] 127.0.0.1 /testIndex/Public/images/misc/nav_dropup.png
INFO: [ app_init ] --START--
INFO: Run Behavior\BuildLiteBehavior [ RunTime:0.000025s ]
INFO: [ app_init ] --END-- [ RunTime:0.000358s ]
ERR: 无法加载模块:TestIndex

[ 2016-05-08T20:49:35+08:00 ] 127.0.0.1 /testIndex/Public/images/misc/portfolio.png
INFO: [ app_init ] --START--
INFO: Run Behavior\BuildLiteBehavior [ RunTime:0.014361s ]
INFO: [ app_init ] --END-- [ RunTime:0.014751s ]
ERR: 无法加载模块:TestIndex

[ 2016-05-08T20:49:35+08:00 ] 127.0.0.1 /testIndex/Public/images/misc/features.png
INFO: [ app_init ] --START--
INFO: Run Behavior\BuildLiteBehavior [ RunTime:0.000026s ]
INFO: [ app_init ] --END-- [ RunTime:0.000419s ]
ERR: 无法加载模块:TestIndex

[ 2016-05-08T20:49:35+08:00 ] 127.0.0.1 /testIndex/Public/images/misc/corner-deco.png
INFO: [ app_init ] --START--
INFO: Run Behavior\BuildLiteBehavior [ RunTime:0.000024s ]
INFO: [ app_init ] --END-- [ RunTime:0.000421s ]
ERR: 无法加载模块:TestIndex

[ 2016-05-08T20:49:35+08:00 ] 127.0.0.1 /testIndex/Public/images/misc/videos.png
INFO: [ app_init ] --START--
INFO: Run Behavior\BuildLiteBehavior [ RunTime:0.000027s ]
INFO: [ app_init ] --END-- [ RunTime:0.000347s ]
ERR: 无法加载模块:TestIndex

[ 2016-05-08T20:49:35+08:00 ] 127.0.0.1 /testIndex/Public/images/misc/gallery.png
INFO: [ app_init ] --START--
INFO: Run Behavior\BuildLiteBehavior [ RunTime:0.000028s ]
INFO: [ app_init ] --END-- [ RunTime:0.003996s ]
ERR: 无法加载模块:TestIndex

[ 2016-05-08T20:49:35+08:00 ] 127.0.0.1 /testIndex/Public/images/misc/contact.png
INFO: [ app_init ] --START--
INFO: Run Behavior\BuildLiteBehavior [ RunTime:0.000027s ]
INFO: [ app_init ] --END-- [ RunTime:0.000388s ]
ERR: 无法加载模块:TestIndex

[ 2016-05-08T20:49:35+08:00 ] 127.0.0.1 /testIndex/Public/images/misc/nav_unselected.png
INFO: [ app_init ] --START--
INFO: Run Behavior\BuildLiteBehavior [ RunTime:0.000015s ]
INFO: [ app_init ] --END-- [ RunTime:0.000222s ]
ERR: 无法加载模块:TestIndex

[ 2016-05-08T20:49:53+08:00 ] 127.0.0.1 /fonts.googleapis.com/css@family=Open+Sans_3A300italic,400italic,600italic,700italic,800italic,400,300,600,700,800
INFO: [ app_init ] --START--
INFO: Run Behavior\BuildLiteBehavior [ RunTime:0.000026s ]
INFO: [ app_init ] --END-- [ RunTime:0.002912s ]
ERR: 无法加载模块:Fonts.googleapis.com

[ 2016-05-08T20:49:53+08:00 ] 127.0.0.1 /fonts.googleapis.com/css@family=Dosis_3A200,300,400,500,600,700,800
INFO: [ app_init ] --START--
INFO: Run Behavior\BuildLiteBehavior [ RunTime:0.000024s ]
INFO: [ app_init ] --END-- [ RunTime:0.000339s ]
ERR: 无法加载模块:Fonts.googleapis.com

[ 2016-05-08T20:49:53+08:00 ] 127.0.0.1 /fonts.googleapis.com/css@family=Lato_3A400,700,900
INFO: [ app_init ] --START--
INFO: Run Behavior\BuildLiteBehavior [ RunTime:0.000029s ]
INFO: [ app_init ] --END-- [ RunTime:0.000379s ]
ERR: 无法加载模块:Fonts.googleapis.com

[ 2016-05-08T20:49:53+08:00 ] 127.0.0.1 /fonts.googleapis.com/css@family=Raleway_3A400,100,200,300,500,600
INFO: [ app_init ] --START--
INFO: Run Behavior\BuildLiteBehavior [ RunTime:0.000046s ]
INFO: [ app_init ] --END-- [ RunTime:0.000365s ]
ERR: 无法加载模块:Fonts.googleapis.com

[ 2016-05-08T20:49:54+08:00 ] 127.0.0.1 /testIndex/Public/images/misc/body-bg.png
INFO: [ app_init ] --START--
INFO: Run Behavior\BuildLiteBehavior [ RunTime:0.000028s ]
INFO: [ app_init ] --END-- [ RunTime:0.000372s ]
ERR: 无法加载模块:TestIndex

[ 2016-05-08T20:49:54+08:00 ] 127.0.0.1 /testIndex/Public/images/misc/home-button.png
INFO: [ app_init ] --START--
INFO: Run Behavior\BuildLiteBehavior [ RunTime:0.000025s ]
INFO: [ app_init ] --END-- [ RunTime:0.000341s ]
ERR: 无法加载模块:TestIndex

[ 2016-05-08T20:49:54+08:00 ] 127.0.0.1 /testIndex/Public/images/status.gif
INFO: [ app_init ] --START--
INFO: Run Behavior\BuildLiteBehavior [ RunTime:0.000030s ]
INFO: [ app_init ] --END-- [ RunTime:0.006393s ]
ERR: 无法加载模块:TestIndex

[ 2016-05-08T20:49:54+08:00 ] 127.0.0.1 /testIndex/Public/images/misc/menu-button.png
INFO: [ app_init ] --START--
INFO: Run Behavior\BuildLiteBehavior [ RunTime:0.000028s ]
INFO: [ app_init ] --END-- [ RunTime:0.000357s ]
ERR: 无法加载模块:TestIndex

[ 2016-05-08T20:49:54+08:00 ] 127.0.0.1 /testIndex/Public/images/misc/close-button.png
INFO: [ app_init ] --START--
INFO: Run Behavior\BuildLiteBehavior [ RunTime:0.000031s ]
INFO: [ app_init ] --END-- [ RunTime:0.004234s ]
ERR: 无法加载模块:TestIndex

[ 2016-05-08T20:49:54+08:00 ] 127.0.0.1 /testIndex/Public/images/misc/arrow-right.png
INFO: [ app_init ] --START--
INFO: Run Behavior\BuildLiteBehavior [ RunTime:0.000028s ]
INFO: [ app_init ] --END-- [ RunTime:0.002424s ]
ERR: 无法加载模块:TestIndex

[ 2016-05-08T20:49:54+08:00 ] 127.0.0.1 /testIndex/Public/images/misc/arrow-left.png
INFO: [ app_init ] --START--
INFO: Run Behavior\BuildLiteBehavior [ RunTime:0.000026s ]
INFO: [ app_init ] --END-- [ RunTime:0.000347s ]
ERR: 无法加载模块:TestIndex

[ 2016-05-08T20:49:54+08:00 ] 127.0.0.1 /testIndex/Public/images/ui/next1.png
INFO: [ app_init ] --START--
INFO: Run Behavior\BuildLiteBehavior [ RunTime:0.000027s ]
INFO: [ app_init ] --END-- [ RunTime:0.000345s ]
ERR: 无法加载模块:TestIndex

[ 2016-05-08T20:49:54+08:00 ] 127.0.0.1 /testIndex/Public/images/ui/prev1.png
INFO: [ app_init ] --START--
INFO: Run Behavior\BuildLiteBehavior [ RunTime:0.000028s ]
INFO: [ app_init ] --END-- [ RunTime:0.000392s ]
ERR: 无法加载模块:TestIndex

[ 2016-05-08T20:49:54+08:00 ] 127.0.0.1 /testIndex/Public/images/misc/social/facebook.png
INFO: [ app_init ] --START--
INFO: Run Behavior\BuildLiteBehavior [ RunTime:0.000026s ]
INFO: [ app_init ] --END-- [ RunTime:0.000371s ]
ERR: 无法加载模块:TestIndex

[ 2016-05-08T20:49:54+08:00 ] 127.0.0.1 /testIndex/Public/images/misc/social/twitter.png
INFO: [ app_init ] --START--
INFO: Run Behavior\BuildLiteBehavior [ RunTime:0.000025s ]
INFO: [ app_init ] --END-- [ RunTime:0.000353s ]
ERR: 无法加载模块:TestIndex

[ 2016-05-08T20:49:54+08:00 ] 127.0.0.1 /testIndex/Public/images/misc/social/google.png
INFO: [ app_init ] --START--
INFO: Run Behavior\BuildLiteBehavior [ RunTime:0.000025s ]
INFO: [ app_init ] --END-- [ RunTime:0.000333s ]
ERR: 无法加载模块:TestIndex

[ 2016-05-08T20:49:54+08:00 ] 127.0.0.1 /testIndex/Public/images/misc/twitter.png
INFO: [ app_init ] --START--
INFO: Run Behavior\BuildLiteBehavior [ RunTime:0.000028s ]
INFO: [ app_init ] --END-- [ RunTime:0.000464s ]
ERR: 无法加载模块:TestIndex

[ 2016-05-08T20:49:54+08:00 ] 127.0.0.1 /testIndex/Public/images/misc/googleplus.png
INFO: [ app_init ] --START--
INFO: Run Behavior\BuildLiteBehavior [ RunTime:0.000030s ]
INFO: [ app_init ] --END-- [ RunTime:0.000383s ]
ERR: 无法加载模块:TestIndex

[ 2016-05-08T20:49:54+08:00 ] 127.0.0.1 /testIndex/Public/images/misc/facebook.png
INFO: [ app_init ] --START--
INFO: Run Behavior\BuildLiteBehavior [ RunTime:0.000028s ]
INFO: [ app_init ] --END-- [ RunTime:0.000574s ]
ERR: 无法加载模块:TestIndex

[ 2016-05-08T20:50:03+08:00 ] 127.0.0.1 /fonts.googleapis.com/css@family=Raleway_3A400,100,200,300,500,600
INFO: [ app_init ] --START--
INFO: Run Behavior\BuildLiteBehavior [ RunTime:0.000038s ]
INFO: [ app_init ] --END-- [ RunTime:0.000343s ]
ERR: 无法加载模块:Fonts.googleapis.com

[ 2016-05-08T20:50:03+08:00 ] 127.0.0.1 /fonts.googleapis.com/css@family=Dosis_3A200,300,400,500,600,700,800
INFO: [ app_init ] --START--
INFO: Run Behavior\BuildLiteBehavior [ RunTime:0.000026s ]
INFO: [ app_init ] --END-- [ RunTime:0.000395s ]
ERR: 无法加载模块:Fonts.googleapis.com

[ 2016-05-08T20:50:03+08:00 ] 127.0.0.1 /fonts.googleapis.com/css@family=Open+Sans_3A300italic,400italic,600italic,700italic,800italic,400,300,600,700,800
INFO: [ app_init ] --START--
INFO: Run Behavior\BuildLiteBehavior [ RunTime:0.000025s ]
INFO: [ app_init ] --END-- [ RunTime:0.000410s ]
ERR: 无法加载模块:Fonts.googleapis.com

[ 2016-05-08T20:50:03+08:00 ] 127.0.0.1 /fonts.googleapis.com/css@family=Lato_3A400,700,900
INFO: [ app_init ] --START--
INFO: Run Behavior\BuildLiteBehavior [ RunTime:0.000026s ]
INFO: [ app_init ] --END-- [ RunTime:0.000378s ]
ERR: 无法加载模块:Fonts.googleapis.com

[ 2016-05-08T20:50:05+08:00 ] 127.0.0.1 /testIndex/Public/images/misc/body-bg.png
INFO: [ app_init ] --START--
INFO: Run Behavior\BuildLiteBehavior [ RunTime:0.000026s ]
INFO: [ app_init ] --END-- [ RunTime:0.002950s ]
ERR: 无法加载模块:TestIndex

[ 2016-05-08T20:50:05+08:00 ] 127.0.0.1 /testIndex/Public/images/status.gif
INFO: [ app_init ] --START--
INFO: Run Behavior\BuildLiteBehavior [ RunTime:0.000026s ]
INFO: [ app_init ] --END-- [ RunTime:0.000338s ]
ERR: 无法加载模块:TestIndex

[ 2016-05-08T20:50:05+08:00 ] 127.0.0.1 /testIndex/Public/images/misc/menu-button.png
INFO: [ app_init ] --START--
INFO: Run Behavior\BuildLiteBehavior [ RunTime:0.000027s ]
INFO: [ app_init ] --END-- [ RunTime:0.000364s ]
ERR: 无法加载模块:TestIndex

[ 2016-05-08T20:50:05+08:00 ] 127.0.0.1 /testIndex/Public/images/misc/home-button.png
INFO: [ app_init ] --START--
INFO: Run Behavior\BuildLiteBehavior [ RunTime:0.000027s ]
INFO: [ app_init ] --END-- [ RunTime:0.000362s ]
ERR: 无法加载模块:TestIndex

[ 2016-05-08T20:50:05+08:00 ] 127.0.0.1 /testIndex/Public/images/misc/close-button.png
INFO: [ app_init ] --START--
INFO: Run Behavior\BuildLiteBehavior [ RunTime:0.000030s ]
INFO: [ app_init ] --END-- [ RunTime:0.000415s ]
ERR: 无法加载模块:TestIndex

[ 2016-05-08T20:50:05+08:00 ] 127.0.0.1 /testIndex/Public/images/misc/arrow-right.png
INFO: [ app_init ] --START--
INFO: Run Behavior\BuildLiteBehavior [ RunTime:0.000033s ]
INFO: [ app_init ] --END-- [ RunTime:0.001148s ]
ERR: 无法加载模块:TestIndex

[ 2016-05-08T20:50:05+08:00 ] 127.0.0.1 /testIndex/Public/images/misc/arrow-left.png
INFO: [ app_init ] --START--
INFO: Run Behavior\BuildLiteBehavior [ RunTime:0.000027s ]
INFO: [ app_init ] --END-- [ RunTime:0.000492s ]
ERR: 无法加载模块:TestIndex

[ 2016-05-08T20:50:05+08:00 ] 127.0.0.1 /testIndex/Public/images/ui/next1.png
INFO: [ app_init ] --START--
INFO: Run Behavior\BuildLiteBehavior [ RunTime:0.000026s ]
INFO: [ app_init ] --END-- [ RunTime:0.000344s ]
ERR: 无法加载模块:TestIndex

[ 2016-05-08T20:50:05+08:00 ] 127.0.0.1 /testIndex/Public/images/ui/prev1.png
INFO: [ app_init ] --START--
INFO: Run Behavior\BuildLiteBehavior [ RunTime:0.000026s ]
INFO: [ app_init ] --END-- [ RunTime:0.000326s ]
ERR: 无法加载模块:TestIndex

[ 2016-05-08T20:50:05+08:00 ] 127.0.0.1 /testIndex/Public/images/misc/social/facebook.png
INFO: [ app_init ] --START--
INFO: Run Behavior\BuildLiteBehavior [ RunTime:0.000028s ]
INFO: [ app_init ] --END-- [ RunTime:0.000375s ]
ERR: 无法加载模块:TestIndex

[ 2016-05-08T20:50:05+08:00 ] 127.0.0.1 /testIndex/Public/images/misc/social/twitter.png
INFO: [ app_init ] --START--
INFO: Run Behavior\BuildLiteBehavior [ RunTime:0.000032s ]
INFO: [ app_init ] --END-- [ RunTime:0.000572s ]
ERR: 无法加载模块:TestIndex

[ 2016-05-08T20:50:05+08:00 ] 127.0.0.1 /testIndex/Public/images/misc/social/google.png
INFO: [ app_init ] --START--
INFO: Run Behavior\BuildLiteBehavior [ RunTime:0.000027s ]
INFO: [ app_init ] --END-- [ RunTime:0.000418s ]
ERR: 无法加载模块:TestIndex

[ 2016-05-08T20:50:05+08:00 ] 127.0.0.1 /testIndex/Public/images/misc/twitter.png
INFO: [ app_init ] --START--
INFO: Run Behavior\BuildLiteBehavior [ RunTime:0.000027s ]
INFO: [ app_init ] --END-- [ RunTime:0.000394s ]
ERR: 无法加载模块:TestIndex

[ 2016-05-08T20:50:05+08:00 ] 127.0.0.1 /testIndex/Public/images/misc/googleplus.png
INFO: [ app_init ] --START--
INFO: Run Behavior\BuildLiteBehavior [ RunTime:0.000027s ]
INFO: [ app_init ] --END-- [ RunTime:0.000371s ]
ERR: 无法加载模块:TestIndex

[ 2016-05-08T20:50:05+08:00 ] 127.0.0.1 /testIndex/Public/images/misc/facebook.png
INFO: [ app_init ] --START--
INFO: Run Behavior\BuildLiteBehavior [ RunTime:0.000035s ]
INFO: [ app_init ] --END-- [ RunTime:0.000562s ]
ERR: 无法加载模块:TestIndex

[ 2016-05-08T20:50:08+08:00 ] 127.0.0.1 /testIndex/Public/images/misc/homepage.png
INFO: [ app_init ] --START--
INFO: Run Behavior\BuildLiteBehavior [ RunTime:0.000025s ]
INFO: [ app_init ] --END-- [ RunTime:0.000348s ]
ERR: 无法加载模块:TestIndex

[ 2016-05-08T20:50:08+08:00 ] 127.0.0.1 /testIndex/Public/images/misc/nav_dropup.png
INFO: [ app_init ] --START--
INFO: Run Behavior\BuildLiteBehavior [ RunTime:0.000024s ]
INFO: [ app_init ] --END-- [ RunTime:0.000397s ]
ERR: 无法加载模块:TestIndex

[ 2016-05-08T20:50:08+08:00 ] 127.0.0.1 /testIndex/Public/images/misc/features.png
INFO: [ app_init ] --START--
INFO: Run Behavior\BuildLiteBehavior [ RunTime:0.000026s ]
INFO: [ app_init ] --END-- [ RunTime:0.001571s ]
ERR: 无法加载模块:TestIndex

[ 2016-05-08T20:50:08+08:00 ] 127.0.0.1 /testIndex/Public/images/misc/corner-deco.png
INFO: [ app_init ] --START--
INFO: Run Behavior\BuildLiteBehavior [ RunTime:0.000024s ]
INFO: [ app_init ] --END-- [ RunTime:0.000335s ]
ERR: 无法加载模块:TestIndex

[ 2016-05-08T20:50:08+08:00 ] 127.0.0.1 /testIndex/Public/images/misc/portfolio.png
INFO: [ app_init ] --START--
INFO: Run Behavior\BuildLiteBehavior [ RunTime:0.000030s ]
INFO: [ app_init ] --END-- [ RunTime:0.000471s ]
ERR: 无法加载模块:TestIndex

[ 2016-05-08T20:50:08+08:00 ] 127.0.0.1 /testIndex/Public/images/misc/nav_selected.png
INFO: [ app_init ] --START--
INFO: Run Behavior\BuildLiteBehavior [ RunTime:0.000028s ]
INFO: [ app_init ] --END-- [ RunTime:0.008479s ]
ERR: 无法加载模块:TestIndex

[ 2016-05-08T20:50:08+08:00 ] 127.0.0.1 /testIndex/Public/images/misc/videos.png
INFO: [ app_init ] --START--
INFO: Run Behavior\BuildLiteBehavior [ RunTime:0.000061s ]
INFO: [ app_init ] --END-- [ RunTime:0.001976s ]
ERR: 无法加载模块:TestIndex

[ 2016-05-08T20:50:08+08:00 ] 127.0.0.1 /testIndex/Public/images/misc/gallery.png
INFO: [ app_init ] --START--
INFO: Run Behavior\BuildLiteBehavior [ RunTime:0.000032s ]
INFO: [ app_init ] --END-- [ RunTime:0.000405s ]
ERR: 无法加载模块:TestIndex

[ 2016-05-08T20:50:08+08:00 ] 127.0.0.1 /testIndex/Public/images/misc/contact.png
INFO: [ app_init ] --START--
INFO: Run Behavior\BuildLiteBehavior [ RunTime:0.000027s ]
INFO: [ app_init ] --END-- [ RunTime:0.000371s ]
ERR: 无法加载模块:TestIndex

[ 2016-05-08T20:50:08+08:00 ] 127.0.0.1 /testIndex/Public/images/misc/nav_unselected.png
INFO: [ app_init ] --START--
INFO: Run Behavior\BuildLiteBehavior [ RunTime:0.000030s ]
INFO: [ app_init ] --END-- [ RunTime:0.000467s ]
ERR: 无法加载模块:TestIndex

[ 2016-05-08T20:50:18+08:00 ] 127.0.0.1 /fonts.googleapis.com/css@family=Raleway_3A400,100,200,300,500,600
INFO: [ app_init ] --START--
INFO: Run Behavior\BuildLiteBehavior [ RunTime:0.000027s ]
INFO: [ app_init ] --END-- [ RunTime:0.000337s ]
ERR: 无法加载模块:Fonts.googleapis.com

[ 2016-05-08T20:50:18+08:00 ] 127.0.0.1 /fonts.googleapis.com/css@family=Open+Sans_3A300italic,400italic,600italic,700italic,800italic,400,300,600,700,800
INFO: [ app_init ] --START--
INFO: Run Behavior\BuildLiteBehavior [ RunTime:0.000027s ]
INFO: [ app_init ] --END-- [ RunTime:0.000363s ]
ERR: 无法加载模块:Fonts.googleapis.com

[ 2016-05-08T20:50:18+08:00 ] 127.0.0.1 /fonts.googleapis.com/css@family=Lato_3A400,700,900
INFO: [ app_init ] --START--
INFO: Run Behavior\BuildLiteBehavior [ RunTime:0.000029s ]
INFO: [ app_init ] --END-- [ RunTime:0.000514s ]
ERR: 无法加载模块:Fonts.googleapis.com

[ 2016-05-08T20:50:18+08:00 ] 127.0.0.1 /fonts.googleapis.com/css@family=Dosis_3A200,300,400,500,600,700,800
INFO: [ app_init ] --START--
INFO: Run Behavior\BuildLiteBehavior [ RunTime:0.000021s ]
INFO: [ app_init ] --END-- [ RunTime:0.000422s ]
ERR: 无法加载模块:Fonts.googleapis.com

[ 2016-05-08T20:50:19+08:00 ] 127.0.0.1 /testIndex/Public/images/status.gif
INFO: [ app_init ] --START--
INFO: Run Behavior\BuildLiteBehavior [ RunTime:0.000026s ]
INFO: [ app_init ] --END-- [ RunTime:0.000333s ]
ERR: 无法加载模块:TestIndex

[ 2016-05-08T20:50:19+08:00 ] 127.0.0.1 /testIndex/Public/images/misc/menu-button.png
INFO: [ app_init ] --START--
INFO: Run Behavior\BuildLiteBehavior [ RunTime:0.000026s ]
INFO: [ app_init ] --END-- [ RunTime:0.000343s ]
ERR: 无法加载模块:TestIndex

[ 2016-05-08T20:50:19+08:00 ] 127.0.0.1 /testIndex/Public/images/misc/close-button.png
INFO: [ app_init ] --START--
INFO: Run Behavior\BuildLiteBehavior [ RunTime:0.000026s ]
INFO: [ app_init ] --END-- [ RunTime:0.000342s ]
ERR: 无法加载模块:TestIndex

[ 2016-05-08T20:50:19+08:00 ] 127.0.0.1 /testIndex/Public/images/misc/home-button.png
INFO: [ app_init ] --START--
INFO: Run Behavior\BuildLiteBehavior [ RunTime:0.000026s ]
INFO: [ app_init ] --END-- [ RunTime:0.000344s ]
ERR: 无法加载模块:TestIndex

[ 2016-05-08T20:50:19+08:00 ] 127.0.0.1 /testIndex/Public/images/misc/body-bg.png
INFO: [ app_init ] --START--
INFO: Run Behavior\BuildLiteBehavior [ RunTime:0.000030s ]
INFO: [ app_init ] --END-- [ RunTime:0.002266s ]
ERR: 无法加载模块:TestIndex

[ 2016-05-08T20:50:19+08:00 ] 127.0.0.1 /testIndex/Public/images/misc/arrow-right.png
INFO: [ app_init ] --START--
INFO: Run Behavior\BuildLiteBehavior [ RunTime:0.000040s ]
INFO: [ app_init ] --END-- [ RunTime:0.001040s ]
ERR: 无法加载模块:TestIndex

[ 2016-05-08T20:50:19+08:00 ] 127.0.0.1 /testIndex/Public/images/ui/next1.png
INFO: [ app_init ] --START--
INFO: Run Behavior\BuildLiteBehavior [ RunTime:0.000025s ]
INFO: [ app_init ] --END-- [ RunTime:0.001923s ]
ERR: 无法加载模块:TestIndex

[ 2016-05-08T20:50:19+08:00 ] 127.0.0.1 /testIndex/Public/images/misc/arrow-left.png
INFO: [ app_init ] --START--
INFO: Run Behavior\BuildLiteBehavior [ RunTime:0.000027s ]
INFO: [ app_init ] --END-- [ RunTime:0.000361s ]
ERR: 无法加载模块:TestIndex

[ 2016-05-08T20:50:19+08:00 ] 127.0.0.1 /testIndex/Public/images/ui/prev1.png
INFO: [ app_init ] --START--
INFO: Run Behavior\BuildLiteBehavior [ RunTime:0.000024s ]
INFO: [ app_init ] --END-- [ RunTime:0.000335s ]
ERR: 无法加载模块:TestIndex

[ 2016-05-08T20:50:19+08:00 ] 127.0.0.1 /testIndex/Public/images/misc/social/twitter.png
INFO: [ app_init ] --START--
INFO: Run Behavior\BuildLiteBehavior [ RunTime:0.000028s ]
INFO: [ app_init ] --END-- [ RunTime:0.000350s ]
ERR: 无法加载模块:TestIndex

[ 2016-05-08T20:50:19+08:00 ] 127.0.0.1 /testIndex/Public/images/misc/social/facebook.png
INFO: [ app_init ] --START--
INFO: Run Behavior\BuildLiteBehavior [ RunTime:0.000026s ]
INFO: [ app_init ] --END-- [ RunTime:0.000379s ]
ERR: 无法加载模块:TestIndex

[ 2016-05-08T20:50:19+08:00 ] 127.0.0.1 /testIndex/Public/images/misc/social/google.png
INFO: [ app_init ] --START--
INFO: Run Behavior\BuildLiteBehavior [ RunTime:0.000028s ]
INFO: [ app_init ] --END-- [ RunTime:0.000406s ]
ERR: 无法加载模块:TestIndex

[ 2016-05-08T20:50:19+08:00 ] 127.0.0.1 /testIndex/Public/images/misc/twitter.png
INFO: [ app_init ] --START--
INFO: Run Behavior\BuildLiteBehavior [ RunTime:0.000027s ]
INFO: [ app_init ] --END-- [ RunTime:0.001265s ]
ERR: 无法加载模块:TestIndex

[ 2016-05-08T20:50:19+08:00 ] 127.0.0.1 /testIndex/Public/images/misc/googleplus.png
INFO: [ app_init ] --START--
INFO: Run Behavior\BuildLiteBehavior [ RunTime:0.000026s ]
INFO: [ app_init ] --END-- [ RunTime:0.000347s ]
ERR: 无法加载模块:TestIndex

[ 2016-05-08T20:50:19+08:00 ] 127.0.0.1 /testIndex/Public/images/misc/facebook.png
INFO: [ app_init ] --START--
INFO: Run Behavior\BuildLiteBehavior [ RunTime:0.000031s ]
INFO: [ app_init ] --END-- [ RunTime:0.000540s ]
ERR: 无法加载模块:TestIndex

[ 2016-05-08T20:50:20+08:00 ] 127.0.0.1 /testIndex/Public/images/misc/homepage.png
INFO: [ app_init ] --START--
INFO: Run Behavior\BuildLiteBehavior [ RunTime:0.000028s ]
INFO: [ app_init ] --END-- [ RunTime:0.000347s ]
ERR: 无法加载模块:TestIndex

[ 2016-05-08T20:50:20+08:00 ] 127.0.0.1 /testIndex/Public/images/misc/corner-deco.png
INFO: [ app_init ] --START--
INFO: Run Behavior\BuildLiteBehavior [ RunTime:0.000025s ]
INFO: [ app_init ] --END-- [ RunTime:0.000350s ]
ERR: 无法加载模块:TestIndex

[ 2016-05-08T20:50:20+08:00 ] 127.0.0.1 /testIndex/Public/images/misc/nav_dropup.png
INFO: [ app_init ] --START--
INFO: Run Behavior\BuildLiteBehavior [ RunTime:0.000023s ]
INFO: [ app_init ] --END-- [ RunTime:0.000354s ]
ERR: 无法加载模块:TestIndex

[ 2016-05-08T20:50:20+08:00 ] 127.0.0.1 /testIndex/Public/images/misc/nav_selected.png
INFO: [ app_init ] --START--
INFO: Run Behavior\BuildLiteBehavior [ RunTime:0.000024s ]
INFO: [ app_init ] --END-- [ RunTime:0.000306s ]
ERR: 无法加载模块:TestIndex

[ 2016-05-08T20:50:20+08:00 ] 127.0.0.1 /testIndex/Public/images/misc/features.png
INFO: [ app_init ] --START--
INFO: Run Behavior\BuildLiteBehavior [ RunTime:0.000032s ]
INFO: [ app_init ] --END-- [ RunTime:0.000443s ]
ERR: 无法加载模块:TestIndex

[ 2016-05-08T20:50:20+08:00 ] 127.0.0.1 /testIndex/Public/images/misc/portfolio.png
INFO: [ app_init ] --START--
INFO: Run Behavior\BuildLiteBehavior [ RunTime:0.000027s ]
INFO: [ app_init ] --END-- [ RunTime:0.000386s ]
ERR: 无法加载模块:TestIndex

[ 2016-05-08T20:50:20+08:00 ] 127.0.0.1 /testIndex/Public/images/misc/contact.png
INFO: [ app_init ] --START--
INFO: Run Behavior\BuildLiteBehavior [ RunTime:0.000026s ]
INFO: [ app_init ] --END-- [ RunTime:0.000397s ]
ERR: 无法加载模块:TestIndex

[ 2016-05-08T20:50:20+08:00 ] 127.0.0.1 /testIndex/Public/images/misc/videos.png
INFO: [ app_init ] --START--
INFO: Run Behavior\BuildLiteBehavior [ RunTime:0.000020s ]
INFO: [ app_init ] --END-- [ RunTime:0.000341s ]
ERR: 无法加载模块:TestIndex

[ 2016-05-08T20:50:20+08:00 ] 127.0.0.1 /testIndex/Public/images/misc/gallery.png
INFO: [ app_init ] --START--
INFO: Run Behavior\BuildLiteBehavior [ RunTime:0.000025s ]
INFO: [ app_init ] --END-- [ RunTime:0.000388s ]
ERR: 无法加载模块:TestIndex

[ 2016-05-08T20:50:20+08:00 ] 127.0.0.1 /testIndex/Public/images/misc/nav_unselected.png
INFO: [ app_init ] --START--
INFO: Run Behavior\BuildLiteBehavior [ RunTime:0.000042s ]
INFO: [ app_init ] --END-- [ RunTime:0.000536s ]
ERR: 无法加载模块:TestIndex

[ 2016-05-08T20:50:45+08:00 ] 127.0.0.1 /fonts.googleapis.com/css@family=Open+Sans_3A300italic,400italic,600italic,700italic,800italic,400,300,600,700,800
INFO: [ app_init ] --START--
INFO: Run Behavior\BuildLiteBehavior [ RunTime:0.000030s ]
INFO: [ app_init ] --END-- [ RunTime:0.002278s ]
ERR: 无法加载模块:Fonts.googleapis.com

[ 2016-05-08T20:50:45+08:00 ] 127.0.0.1 /fonts.googleapis.com/css@family=Raleway_3A400,100,200,300,500,600
INFO: [ app_init ] --START--
INFO: Run Behavior\BuildLiteBehavior [ RunTime:0.000027s ]
INFO: [ app_init ] --END-- [ RunTime:0.000361s ]
ERR: 无法加载模块:Fonts.googleapis.com

[ 2016-05-08T20:50:45+08:00 ] 127.0.0.1 /fonts.googleapis.com/css@family=Dosis_3A200,300,400,500,600,700,800
INFO: [ app_init ] --START--
INFO: Run Behavior\BuildLiteBehavior [ RunTime:0.000028s ]
INFO: [ app_init ] --END-- [ RunTime:0.000395s ]
ERR: 无法加载模块:Fonts.googleapis.com

[ 2016-05-08T20:50:45+08:00 ] 127.0.0.1 /fonts.googleapis.com/css@family=Lato_3A400,700,900
INFO: [ app_init ] --START--
INFO: Run Behavior\BuildLiteBehavior [ RunTime:0.000314s ]
INFO: [ app_init ] --END-- [ RunTime:0.000683s ]
ERR: 无法加载模块:Fonts.googleapis.com

[ 2016-05-08T20:52:03+08:00 ] 127.0.0.1 /fonts.googleapis.com/css@family=Dosis_3A200,300,400,500,600,700,800
INFO: [ app_init ] --START--
INFO: Run Behavior\BuildLiteBehavior [ RunTime:0.000024s ]
INFO: [ app_init ] --END-- [ RunTime:0.000340s ]
ERR: 无法加载模块:Fonts.googleapis.com

[ 2016-05-08T20:52:03+08:00 ] 127.0.0.1 /fonts.googleapis.com/css@family=Open+Sans_3A300italic,400italic,600italic,700italic,800italic,400,300,600,700,800
INFO: [ app_init ] --START--
INFO: Run Behavior\BuildLiteBehavior [ RunTime:0.001761s ]
INFO: [ app_init ] --END-- [ RunTime:0.002100s ]
ERR: 无法加载模块:Fonts.googleapis.com

[ 2016-05-08T20:52:03+08:00 ] 127.0.0.1 /fonts.googleapis.com/css@family=Lato_3A400,700,900
INFO: [ app_init ] --START--
INFO: Run Behavior\BuildLiteBehavior [ RunTime:0.000027s ]
INFO: [ app_init ] --END-- [ RunTime:0.002873s ]
ERR: 无法加载模块:Fonts.googleapis.com

[ 2016-05-08T20:52:03+08:00 ] 127.0.0.1 /fonts.googleapis.com/css@family=Raleway_3A400,100,200,300,500,600
INFO: [ app_init ] --START--
INFO: Run Behavior\BuildLiteBehavior [ RunTime:0.000070s ]
INFO: [ app_init ] --END-- [ RunTime:0.000482s ]
ERR: 无法加载模块:Fonts.googleapis.com

[ 2016-05-08T20:52:04+08:00 ] 127.0.0.1 /testIndex/Public/images/misc/home-button.png
INFO: [ app_init ] --START--
INFO: Run Behavior\BuildLiteBehavior [ RunTime:0.000025s ]
INFO: [ app_init ] --END-- [ RunTime:0.009923s ]
ERR: 无法加载模块:TestIndex

[ 2016-05-08T20:52:04+08:00 ] 127.0.0.1 /testIndex/Public/images/status.gif
INFO: [ app_init ] --START--
INFO: Run Behavior\BuildLiteBehavior [ RunTime:0.000027s ]
INFO: [ app_init ] --END-- [ RunTime:0.010417s ]
ERR: 无法加载模块:TestIndex

[ 2016-05-08T20:52:04+08:00 ] 127.0.0.1 /testIndex/Public/images/misc/body-bg.png
INFO: [ app_init ] --START--
INFO: Run Behavior\BuildLiteBehavior [ RunTime:0.000025s ]
INFO: [ app_init ] --END-- [ RunTime:0.010418s ]
ERR: 无法加载模块:TestIndex

[ 2016-05-08T20:52:04+08:00 ] 127.0.0.1 /testIndex/Public/images/misc/menu-button.png
INFO: [ app_init ] --START--
INFO: Run Behavior\BuildLiteBehavior [ RunTime:0.000025s ]
INFO: [ app_init ] --END-- [ RunTime:0.000370s ]
ERR: 无法加载模块:TestIndex

[ 2016-05-08T20:52:04+08:00 ] 127.0.0.1 /testIndex/Public/images/misc/close-button.png
INFO: [ app_init ] --START--
INFO: Run Behavior\BuildLiteBehavior [ RunTime:0.000029s ]
INFO: [ app_init ] --END-- [ RunTime:0.000358s ]
ERR: 无法加载模块:TestIndex

[ 2016-05-08T20:52:04+08:00 ] 127.0.0.1 /testIndex/Public/images/misc/arrow-right.png
INFO: [ app_init ] --START--
INFO: Run Behavior\BuildLiteBehavior [ RunTime:0.000027s ]
INFO: [ app_init ] --END-- [ RunTime:0.000350s ]
ERR: 无法加载模块:TestIndex

[ 2016-05-08T20:52:04+08:00 ] 127.0.0.1 /testIndex/Public/images/misc/arrow-left.png
INFO: [ app_init ] --START--
INFO: Run Behavior\BuildLiteBehavior [ RunTime:0.000023s ]
INFO: [ app_init ] --END-- [ RunTime:0.000323s ]
ERR: 无法加载模块:TestIndex

[ 2016-05-08T20:52:04+08:00 ] 127.0.0.1 /testIndex/Public/images/ui/next1.png
INFO: [ app_init ] --START--
INFO: Run Behavior\BuildLiteBehavior [ RunTime:0.000025s ]
INFO: [ app_init ] --END-- [ RunTime:0.000353s ]
ERR: 无法加载模块:TestIndex

[ 2016-05-08T20:52:04+08:00 ] 127.0.0.1 /testIndex/Public/images/misc/social/facebook.png
INFO: [ app_init ] --START--
INFO: Run Behavior\BuildLiteBehavior [ RunTime:0.000026s ]
INFO: [ app_init ] --END-- [ RunTime:0.000366s ]
ERR: 无法加载模块:TestIndex

[ 2016-05-08T20:52:04+08:00 ] 127.0.0.1 /testIndex/Public/images/ui/prev1.png
INFO: [ app_init ] --START--
INFO: Run Behavior\BuildLiteBehavior [ RunTime:0.000028s ]
INFO: [ app_init ] --END-- [ RunTime:0.000383s ]
ERR: 无法加载模块:TestIndex

[ 2016-05-08T20:52:04+08:00 ] 127.0.0.1 /testIndex/Public/images/misc/social/twitter.png
INFO: [ app_init ] --START--
INFO: Run Behavior\BuildLiteBehavior [ RunTime:0.000027s ]
INFO: [ app_init ] --END-- [ RunTime:0.000376s ]
ERR: 无法加载模块:TestIndex

[ 2016-05-08T20:52:04+08:00 ] 127.0.0.1 /testIndex/Public/images/misc/social/google.png
INFO: [ app_init ] --START--
INFO: Run Behavior\BuildLiteBehavior [ RunTime:0.000024s ]
INFO: [ app_init ] --END-- [ RunTime:0.000357s ]
ERR: 无法加载模块:TestIndex

[ 2016-05-08T20:52:04+08:00 ] 127.0.0.1 /testIndex/Public/images/misc/twitter.png
INFO: [ app_init ] --START--
INFO: Run Behavior\BuildLiteBehavior [ RunTime:0.000059s ]
INFO: [ app_init ] --END-- [ RunTime:0.000421s ]
ERR: 无法加载模块:TestIndex

[ 2016-05-08T20:52:04+08:00 ] 127.0.0.1 /testIndex/Public/images/misc/googleplus.png
INFO: [ app_init ] --START--
INFO: Run Behavior\BuildLiteBehavior [ RunTime:0.000029s ]
INFO: [ app_init ] --END-- [ RunTime:0.001289s ]
ERR: 无法加载模块:TestIndex

[ 2016-05-08T20:52:04+08:00 ] 127.0.0.1 /testIndex/Public/images/misc/facebook.png
INFO: [ app_init ] --START--
INFO: Run Behavior\BuildLiteBehavior [ RunTime:0.000030s ]
INFO: [ app_init ] --END-- [ RunTime:0.000403s ]
ERR: 无法加载模块:TestIndex

[ 2016-05-08T20:52:22+08:00 ] 127.0.0.1 /fonts.googleapis.com/css@family=Raleway_3A400,100,200,300,500,600
INFO: [ app_init ] --START--
INFO: Run Behavior\BuildLiteBehavior [ RunTime:0.000027s ]
INFO: [ app_init ] --END-- [ RunTime:0.000414s ]
ERR: 无法加载模块:Fonts.googleapis.com

[ 2016-05-08T20:52:22+08:00 ] 127.0.0.1 /fonts.googleapis.com/css@family=Lato_3A400,700,900
INFO: [ app_init ] --START--
INFO: Run Behavior\BuildLiteBehavior [ RunTime:0.000027s ]
INFO: [ app_init ] --END-- [ RunTime:0.000352s ]
ERR: 无法加载模块:Fonts.googleapis.com

[ 2016-05-08T20:52:22+08:00 ] 127.0.0.1 /fonts.googleapis.com/css@family=Open+Sans_3A300italic,400italic,600italic,700italic,800italic,400,300,600,700,800
INFO: [ app_init ] --START--
INFO: Run Behavior\BuildLiteBehavior [ RunTime:0.000028s ]
INFO: [ app_init ] --END-- [ RunTime:0.000355s ]
ERR: 无法加载模块:Fonts.googleapis.com

[ 2016-05-08T20:52:22+08:00 ] 127.0.0.1 /fonts.googleapis.com/css@family=Dosis_3A200,300,400,500,600,700,800
INFO: [ app_init ] --START--
INFO: Run Behavior\BuildLiteBehavior [ RunTime:0.000028s ]
INFO: [ app_init ] --END-- [ RunTime:0.000410s ]
ERR: 无法加载模块:Fonts.googleapis.com

[ 2016-05-08T20:52:23+08:00 ] 127.0.0.1 /testIndex/Public/images/status.gif
INFO: [ app_init ] --START--
INFO: Run Behavior\BuildLiteBehavior [ RunTime:0.000026s ]
INFO: [ app_init ] --END-- [ RunTime:0.000363s ]
ERR: 无法加载模块:TestIndex

[ 2016-05-08T20:52:23+08:00 ] 127.0.0.1 /testIndex/Public/images/misc/menu-button.png
INFO: [ app_init ] --START--
INFO: Run Behavior\BuildLiteBehavior [ RunTime:0.000025s ]
INFO: [ app_init ] --END-- [ RunTime:0.000369s ]
ERR: 无法加载模块:TestIndex

[ 2016-05-08T20:52:23+08:00 ] 127.0.0.1 /testIndex/Public/images/misc/home-button.png
INFO: [ app_init ] --START--
INFO: Run Behavior\BuildLiteBehavior [ RunTime:0.000024s ]
INFO: [ app_init ] --END-- [ RunTime:0.000361s ]
ERR: 无法加载模块:TestIndex

[ 2016-05-08T20:52:23+08:00 ] 127.0.0.1 /testIndex/Public/images/misc/body-bg.png
INFO: [ app_init ] --START--
INFO: Run Behavior\BuildLiteBehavior [ RunTime:0.000027s ]
INFO: [ app_init ] --END-- [ RunTime:0.000361s ]
ERR: 无法加载模块:TestIndex

[ 2016-05-08T20:52:23+08:00 ] 127.0.0.1 /testIndex/Public/images/misc/arrow-right.png
INFO: [ app_init ] --START--
INFO: Run Behavior\BuildLiteBehavior [ RunTime:0.000027s ]
INFO: [ app_init ] --END-- [ RunTime:0.000712s ]
ERR: 无法加载模块:TestIndex

[ 2016-05-08T20:52:23+08:00 ] 127.0.0.1 /testIndex/Public/images/misc/close-button.png
INFO: [ app_init ] --START--
INFO: Run Behavior\BuildLiteBehavior [ RunTime:0.000028s ]
INFO: [ app_init ] --END-- [ RunTime:0.001099s ]
ERR: 无法加载模块:TestIndex

[ 2016-05-08T20:52:23+08:00 ] 127.0.0.1 /testIndex/Public/images/misc/arrow-left.png
INFO: [ app_init ] --START--
INFO: Run Behavior\BuildLiteBehavior [ RunTime:0.000028s ]
INFO: [ app_init ] --END-- [ RunTime:0.000564s ]
ERR: 无法加载模块:TestIndex

[ 2016-05-08T20:52:23+08:00 ] 127.0.0.1 /testIndex/Public/images/ui/next1.png
INFO: [ app_init ] --START--
INFO: Run Behavior\BuildLiteBehavior [ RunTime:0.000035s ]
INFO: [ app_init ] --END-- [ RunTime:0.000447s ]
ERR: 无法加载模块:TestIndex

[ 2016-05-08T20:52:23+08:00 ] 127.0.0.1 /testIndex/Public/images/ui/prev1.png
INFO: [ app_init ] --START--
INFO: Run Behavior\BuildLiteBehavior [ RunTime:0.000027s ]
INFO: [ app_init ] --END-- [ RunTime:0.000382s ]
ERR: 无法加载模块:TestIndex

[ 2016-05-08T20:52:23+08:00 ] 127.0.0.1 /testIndex/Public/images/misc/social/facebook.png
INFO: [ app_init ] --START--
INFO: Run Behavior\BuildLiteBehavior [ RunTime:0.000028s ]
INFO: [ app_init ] --END-- [ RunTime:0.000388s ]
ERR: 无法加载模块:TestIndex

[ 2016-05-08T20:52:23+08:00 ] 127.0.0.1 /testIndex/Public/images/misc/social/twitter.png
INFO: [ app_init ] --START--
INFO: Run Behavior\BuildLiteBehavior [ RunTime:0.000028s ]
INFO: [ app_init ] --END-- [ RunTime:0.000388s ]
ERR: 无法加载模块:TestIndex

[ 2016-05-08T20:52:23+08:00 ] 127.0.0.1 /testIndex/Public/images/misc/social/google.png
INFO: [ app_init ] --START--
INFO: Run Behavior\BuildLiteBehavior [ RunTime:0.000028s ]
INFO: [ app_init ] --END-- [ RunTime:0.000394s ]
ERR: 无法加载模块:TestIndex

[ 2016-05-08T20:52:23+08:00 ] 127.0.0.1 /testIndex/Public/images/misc/twitter.png
INFO: [ app_init ] --START--
INFO: Run Behavior\BuildLiteBehavior [ RunTime:0.000027s ]
INFO: [ app_init ] --END-- [ RunTime:0.000381s ]
ERR: 无法加载模块:TestIndex

[ 2016-05-08T20:52:23+08:00 ] 127.0.0.1 /testIndex/Public/images/misc/googleplus.png
INFO: [ app_init ] --START--
INFO: Run Behavior\BuildLiteBehavior [ RunTime:0.000025s ]
INFO: [ app_init ] --END-- [ RunTime:0.000359s ]
ERR: 无法加载模块:TestIndex

[ 2016-05-08T20:52:23+08:00 ] 127.0.0.1 /testIndex/Public/images/misc/facebook.png
INFO: [ app_init ] --START--
INFO: Run Behavior\BuildLiteBehavior [ RunTime:0.000036s ]
INFO: [ app_init ] --END-- [ RunTime:0.000648s ]
ERR: 无法加载模块:TestIndex

[ 2016-05-08T20:52:49+08:00 ] 127.0.0.1 /fonts.googleapis.com/css@family=Dosis_3A200,300,400,500,600,700,800
INFO: [ app_init ] --START--
INFO: Run Behavior\BuildLiteBehavior [ RunTime:0.000027s ]
INFO: [ app_init ] --END-- [ RunTime:0.000404s ]
ERR: 无法加载模块:Fonts.googleapis.com

[ 2016-05-08T20:52:49+08:00 ] 127.0.0.1 /fonts.googleapis.com/css@family=Raleway_3A400,100,200,300,500,600
INFO: [ app_init ] --START--
INFO: Run Behavior\BuildLiteBehavior [ RunTime:0.000038s ]
INFO: [ app_init ] --END-- [ RunTime:0.000440s ]
ERR: 无法加载模块:Fonts.googleapis.com

[ 2016-05-08T20:52:49+08:00 ] 127.0.0.1 /fonts.googleapis.com/css@family=Open+Sans_3A300italic,400italic,600italic,700italic,800italic,400,300,600,700,800
INFO: [ app_init ] --START--
INFO: Run Behavior\BuildLiteBehavior [ RunTime:0.000029s ]
INFO: [ app_init ] --END-- [ RunTime:0.000745s ]
ERR: 无法加载模块:Fonts.googleapis.com

[ 2016-05-08T20:52:49+08:00 ] 127.0.0.1 /fonts.googleapis.com/css@family=Lato_3A400,700,900
INFO: [ app_init ] --START--
INFO: Run Behavior\BuildLiteBehavior [ RunTime:0.000023s ]
INFO: [ app_init ] --END-- [ RunTime:0.000315s ]
ERR: 无法加载模块:Fonts.googleapis.com

[ 2016-05-08T20:52:50+08:00 ] 127.0.0.1 /testIndex/Public/images/status.gif
INFO: [ app_init ] --START--
INFO: Run Behavior\BuildLiteBehavior [ RunTime:0.000025s ]
INFO: [ app_init ] --END-- [ RunTime:0.000341s ]
ERR: 无法加载模块:TestIndex

[ 2016-05-08T20:52:50+08:00 ] 127.0.0.1 /testIndex/Public/images/misc/home-button.png
INFO: [ app_init ] --START--
INFO: Run Behavior\BuildLiteBehavior [ RunTime:0.000024s ]
INFO: [ app_init ] --END-- [ RunTime:0.000346s ]
ERR: 无法加载模块:TestIndex

[ 2016-05-08T20:52:50+08:00 ] 127.0.0.1 /testIndex/Public/images/misc/menu-button.png
INFO: [ app_init ] --START--
INFO: Run Behavior\BuildLiteBehavior [ RunTime:0.000024s ]
INFO: [ app_init ] --END-- [ RunTime:0.000339s ]
ERR: 无法加载模块:TestIndex

[ 2016-05-08T20:52:50+08:00 ] 127.0.0.1 /testIndex/Public/images/misc/body-bg.png
INFO: [ app_init ] --START--
INFO: Run Behavior\BuildLiteBehavior [ RunTime:0.000026s ]
INFO: [ app_init ] --END-- [ RunTime:0.000358s ]
ERR: 无法加载模块:TestIndex

[ 2016-05-08T20:52:50+08:00 ] 127.0.0.1 /testIndex/Public/images/misc/arrow-right.png
INFO: [ app_init ] --START--
INFO: Run Behavior\BuildLiteBehavior [ RunTime:0.000027s ]
INFO: [ app_init ] --END-- [ RunTime:0.001392s ]
ERR: 无法加载模块:TestIndex

[ 2016-05-08T20:52:50+08:00 ] 127.0.0.1 /testIndex/Public/images/misc/close-button.png
INFO: [ app_init ] --START--
INFO: Run Behavior\BuildLiteBehavior [ RunTime:0.000028s ]
INFO: [ app_init ] --END-- [ RunTime:0.001726s ]
ERR: 无法加载模块:TestIndex

[ 2016-05-08T20:52:50+08:00 ] 127.0.0.1 /testIndex/Public/images/misc/arrow-left.png
INFO: [ app_init ] --START--
INFO: Run Behavior\BuildLiteBehavior [ RunTime:0.000028s ]
INFO: [ app_init ] --END-- [ RunTime:0.000351s ]
ERR: 无法加载模块:TestIndex

[ 2016-05-08T20:52:50+08:00 ] 127.0.0.1 /testIndex/Public/images/ui/prev1.png
INFO: [ app_init ] --START--
INFO: Run Behavior\BuildLiteBehavior [ RunTime:0.000027s ]
INFO: [ app_init ] --END-- [ RunTime:0.000394s ]
ERR: 无法加载模块:TestIndex

[ 2016-05-08T20:52:50+08:00 ] 127.0.0.1 /testIndex/Public/images/ui/next1.png
INFO: [ app_init ] --START--
INFO: Run Behavior\BuildLiteBehavior [ RunTime:0.000032s ]
INFO: [ app_init ] --END-- [ RunTime:0.001046s ]
ERR: 无法加载模块:TestIndex

[ 2016-05-08T20:52:50+08:00 ] 127.0.0.1 /testIndex/Public/images/misc/social/facebook.png
INFO: [ app_init ] --START--
INFO: Run Behavior\BuildLiteBehavior [ RunTime:0.000027s ]
INFO: [ app_init ] --END-- [ RunTime:0.000583s ]
ERR: 无法加载模块:TestIndex

[ 2016-05-08T20:52:50+08:00 ] 127.0.0.1 /testIndex/Public/images/misc/social/twitter.png
INFO: [ app_init ] --START--
INFO: Run Behavior\BuildLiteBehavior [ RunTime:0.000028s ]
INFO: [ app_init ] --END-- [ RunTime:0.000963s ]
ERR: 无法加载模块:TestIndex

[ 2016-05-08T20:52:50+08:00 ] 127.0.0.1 /testIndex/Public/images/misc/social/google.png
INFO: [ app_init ] --START--
INFO: Run Behavior\BuildLiteBehavior [ RunTime:0.000025s ]
INFO: [ app_init ] --END-- [ RunTime:0.000355s ]
ERR: 无法加载模块:TestIndex

[ 2016-05-08T20:52:50+08:00 ] 127.0.0.1 /testIndex/Public/images/misc/twitter.png
INFO: [ app_init ] --START--
INFO: Run Behavior\BuildLiteBehavior [ RunTime:0.002904s ]
INFO: [ app_init ] --END-- [ RunTime:0.003246s ]
ERR: 无法加载模块:TestIndex

[ 2016-05-08T20:52:50+08:00 ] 127.0.0.1 /testIndex/Public/images/misc/googleplus.png
INFO: [ app_init ] --START--
INFO: Run Behavior\BuildLiteBehavior [ RunTime:0.000027s ]
INFO: [ app_init ] --END-- [ RunTime:0.000375s ]
ERR: 无法加载模块:TestIndex

[ 2016-05-08T20:52:50+08:00 ] 127.0.0.1 /testIndex/Public/images/misc/facebook.png
INFO: [ app_init ] --START--
INFO: Run Behavior\BuildLiteBehavior [ RunTime:0.000068s ]
INFO: [ app_init ] --END-- [ RunTime:0.000474s ]
ERR: 无法加载模块:TestIndex

