[ 2016-04-02T19:19:04+08:00 ] 121.42.0.17 /admin/images/menu-current-arrow.gif
INFO: [ app_init ] --START--
INFO: Run Behavior\BuildLiteBehavior [ RunTime:0.000021s ]
INFO: [ app_init ] --END-- [ RunTime:0.000457s ]
ERR: 无法加载模块:Admin

[ 2016-04-02T19:19:05+08:00 ] 121.42.0.17 /install/images/default/top1_r.jpg
INFO: [ app_init ] --START--
INFO: Run Behavior\BuildLiteBehavior [ RunTime:0.000020s ]
INFO: [ app_init ] --END-- [ RunTime:0.000425s ]
ERR: 无法加载模块:Install

[ 2016-04-02T19:19:05+08:00 ] 121.42.0.17 /images/default/hd_a1.gif
INFO: [ app_init ] --START--
INFO: Run Behavior\BuildLiteBehavior [ RunTime:0.000021s ]
INFO: [ app_init ] --END-- [ RunTime:0.000431s ]
ERR: 无法加载模块:Images

[ 2016-04-02T19:19:05+08:00 ] 121.42.0.17 /upload/200812/20081230023106860.gif
INFO: [ app_init ] --START--
INFO: Run Behavior\BuildLiteBehavior [ RunTime:0.000020s ]
INFO: [ app_init ] --END-- [ RunTime:0.000466s ]
ERR: 无法加载模块:Upload

[ 2016-04-02T19:19:05+08:00 ] 121.42.0.17 /Images/Mlogin/Bitmap02.gif
INFO: [ app_init ] --START--
INFO: Run Behavior\BuildLiteBehavior [ RunTime:0.000021s ]
INFO: [ app_init ] --END-- [ RunTime:0.000446s ]
ERR: 无法加载模块:Images

[ 2016-04-02T19:19:06+08:00 ] 121.42.0.17 /theme/admin/images/upload.gif
INFO: [ app_init ] --START--
INFO: Run Behavior\BuildLiteBehavior [ RunTime:0.000020s ]
INFO: [ app_init ] --END-- [ RunTime:0.000461s ]
ERR: 无法加载模块:Theme

[ 2016-04-02T19:19:06+08:00 ] 121.42.0.17 /install/images/steptab.png
INFO: [ app_init ] --START--
INFO: Run Behavior\BuildLiteBehavior [ RunTime:0.000019s ]
INFO: [ app_init ] --END-- [ RunTime:0.000448s ]
ERR: 无法加载模块:Install

[ 2016-04-02T19:19:06+08:00 ] 121.42.0.17 /lib/images/tip_layer.png
INFO: [ app_init ] --START--
INFO: Run Behavior\BuildLiteBehavior [ RunTime:0.000016s ]
INFO: [ app_init ] --END-- [ RunTime:0.000410s ]
ERR: 无法加载模块:Lib

[ 2016-04-02T19:19:06+08:00 ] 121.42.0.17 /admin/image/menu_h4.png
INFO: [ app_init ] --START--
INFO: Run Behavior\BuildLiteBehavior [ RunTime:0.000016s ]
INFO: [ app_init ] --END-- [ RunTime:0.000419s ]
ERR: 无法加载模块:Admin

[ 2016-04-02T19:19:07+08:00 ] 121.42.0.17 /images/list_bg.png
INFO: [ app_init ] --START--
INFO: Run Behavior\BuildLiteBehavior [ RunTime:0.000022s ]
INFO: [ app_init ] --END-- [ RunTime:0.000456s ]
ERR: 无法加载模块:Images

[ 2016-04-02T19:19:07+08:00 ] 121.42.0.17 /data/admin/allowurl.txt
INFO: [ app_init ] --START--
INFO: Run Behavior\BuildLiteBehavior [ RunTime:0.000017s ]
INFO: [ app_init ] --END-- [ RunTime:0.000475s ]
ERR: 无法加载模块:Data

[ 2016-04-02T19:19:07+08:00 ] 121.42.0.17 /include/data/vdcode.jpg
INFO: [ app_init ] --START--
INFO: Run Behavior\BuildLiteBehavior [ RunTime:0.000019s ]
INFO: [ app_init ] --END-- [ RunTime:0.000432s ]
ERR: 无法加载模块:Include

[ 2016-04-02T19:19:07+08:00 ] 121.42.0.17 /images/loadinglit.gif
INFO: [ app_init ] --START--
INFO: Run Behavior\BuildLiteBehavior [ RunTime:0.000018s ]
INFO: [ app_init ] --END-- [ RunTime:0.000459s ]
ERR: 无法加载模块:Images

[ 2016-04-02T19:19:07+08:00 ] 121.42.0.17 /plus/img/wbg.gif
INFO: [ app_init ] --START--
INFO: Run Behavior\BuildLiteBehavior [ RunTime:0.000026s ]
INFO: [ app_init ] --END-- [ RunTime:0.000560s ]
ERR: 无法加载模块:Plus

[ 2016-04-02T19:19:08+08:00 ] 121.42.0.17 /data/cache/index.htm
INFO: [ app_init ] --START--
INFO: Run Behavior\BuildLiteBehavior [ RunTime:0.000020s ]
INFO: [ app_init ] --END-- [ RunTime:0.000436s ]
ERR: 无法加载模块:Data

[ 2016-04-02T19:19:08+08:00 ] 121.42.0.17 /templets/default/images/ico-3.gif
INFO: [ app_init ] --START--
INFO: Run Behavior\BuildLiteBehavior [ RunTime:0.000016s ]
INFO: [ app_init ] --END-- [ RunTime:0.000413s ]
ERR: 无法加载模块:Templets

[ 2016-04-02T19:19:08+08:00 ] 121.42.0.17 /images/topbanner_bg.png
INFO: [ app_init ] --START--
INFO: Run Behavior\BuildLiteBehavior [ RunTime:0.000018s ]
INFO: [ app_init ] --END-- [ RunTime:0.000445s ]
ERR: 无法加载模块:Images

[ 2016-04-02T19:19:08+08:00 ] 121.42.0.17 /system/images/lnk/system.gif
INFO: [ app_init ] --START--
INFO: Run Behavior\BuildLiteBehavior [ RunTime:0.000017s ]
INFO: [ app_init ] --END-- [ RunTime:0.000424s ]
ERR: 无法加载模块:System

[ 2016-04-02T19:19:09+08:00 ] 121.42.0.17 /images/confirm_close.gif
INFO: [ app_init ] --START--
INFO: Run Behavior\BuildLiteBehavior [ RunTime:0.000019s ]
INFO: [ app_init ] --END-- [ RunTime:0.000447s ]
ERR: 无法加载模块:Images

[ 2016-04-02T19:19:09+08:00 ] 121.42.0.17 /user/images/must.gif
INFO: [ app_init ] --START--
INFO: Run Behavior\BuildLiteBehavior [ RunTime:0.000019s ]
INFO: [ app_init ] --END-- [ RunTime:0.000465s ]
ERR: 无法加载模块:User

[ 2016-04-02T19:19:09+08:00 ] 121.42.0.17 /template/images/li1.gif
INFO: [ app_init ] --START--
INFO: Run Behavior\BuildLiteBehavior [ RunTime:0.000024s ]
INFO: [ app_init ] --END-- [ RunTime:0.000486s ]
ERR: 无法加载模块:Template

[ 2016-04-02T19:19:09+08:00 ] 121.42.0.17 /favicon.ico
INFO: [ app_init ] --START--
INFO: Run Behavior\BuildLiteBehavior [ RunTime:0.000017s ]
INFO: [ app_init ] --END-- [ RunTime:0.000434s ]
ERR: 无法加载模块:Favicon

[ 2016-04-02T19:19:10+08:00 ] 121.42.0.17 /images/page_code.png
INFO: [ app_init ] --START--
INFO: Run Behavior\BuildLiteBehavior [ RunTime:0.000017s ]
INFO: [ app_init ] --END-- [ RunTime:0.000411s ]
ERR: 无法加载模块:Images

[ 2016-04-02T19:19:10+08:00 ] 121.42.0.17 /editors/index.html
INFO: [ app_init ] --START--
INFO: Run Behavior\BuildLiteBehavior [ RunTime:0.000020s ]
INFO: [ app_init ] --END-- [ RunTime:0.000478s ]
ERR: 无法加载模块:Editors

[ 2016-04-02T19:19:10+08:00 ] 121.42.0.17 /images/samples/4_small.jpg
INFO: [ app_init ] --START--
INFO: Run Behavior\BuildLiteBehavior [ RunTime:0.000018s ]
INFO: [ app_init ] --END-- [ RunTime:0.000425s ]
ERR: 无法加载模块:Images

[ 2016-04-02T19:19:10+08:00 ] 121.42.0.17 /includes/templates/classic/images/stars_5.gif
INFO: [ app_init ] --START--
INFO: Run Behavior\BuildLiteBehavior [ RunTime:0.000016s ]
INFO: [ app_init ] --END-- [ RunTime:0.000434s ]
ERR: 无法加载模块:Includes

[ 2016-04-02T19:19:11+08:00 ] 121.42.0.17 /includes/templates/template_default/images/always-free-shipping.gif
INFO: [ app_init ] --START--
INFO: Run Behavior\BuildLiteBehavior [ RunTime:0.000017s ]
INFO: [ app_init ] --END-- [ RunTime:0.000439s ]
ERR: 无法加载模块:Includes

[ 2016-04-02T19:19:11+08:00 ] 121.42.0.17 /includes/templates/template_default/buttons/english/button_tell_a_friend.gif
INFO: [ app_init ] --START--
INFO: Run Behavior\BuildLiteBehavior [ RunTime:0.000019s ]
INFO: [ app_init ] --END-- [ RunTime:0.000448s ]
ERR: 无法加载模块:Includes

[ 2016-04-02T19:19:11+08:00 ] 121.42.0.17 /admin/images/login/index_hz02.gif
INFO: [ app_init ] --START--
INFO: Run Behavior\BuildLiteBehavior [ RunTime:0.000022s ]
INFO: [ app_init ] --END-- [ RunTime:0.000583s ]
ERR: 无法加载模块:Admin

[ 2016-04-02T19:19:11+08:00 ] 121.42.0.17 /admin/images/login/index_hz03.gif
INFO: [ app_init ] --START--
INFO: Run Behavior\BuildLiteBehavior [ RunTime:0.000018s ]
INFO: [ app_init ] --END-- [ RunTime:0.000451s ]
ERR: 无法加载模块:Admin

[ 2016-04-02T19:19:12+08:00 ] 121.42.0.17 /images/default/ico_loading3.gif
INFO: [ app_init ] --START--
INFO: Run Behavior\BuildLiteBehavior [ RunTime:0.000019s ]
INFO: [ app_init ] --END-- [ RunTime:0.000423s ]
ERR: 无法加载模块:Images

[ 2016-04-02T19:19:12+08:00 ] 121.42.0.17 /a_d/install/data.sql
INFO: [ app_init ] --START--
INFO: Run Behavior\BuildLiteBehavior [ RunTime:0.000017s ]
INFO: [ app_init ] --END-- [ RunTime:0.000415s ]
ERR: 无法加载模块:A_d

[ 2016-04-02T19:19:12+08:00 ] 121.42.0.17 /admin/images/cutimg/ccc.gif
INFO: [ app_init ] --START--
INFO: Run Behavior\BuildLiteBehavior [ RunTime:0.000018s ]
INFO: [ app_init ] --END-- [ RunTime:0.000415s ]
ERR: 无法加载模块:Admin

[ 2016-04-02T19:19:12+08:00 ] 121.42.0.17 /template/user/images/manage_r2_c18.jpg
INFO: [ app_init ] --START--
INFO: Run Behavior\BuildLiteBehavior [ RunTime:0.000017s ]
INFO: [ app_init ] --END-- [ RunTime:0.000450s ]
ERR: 无法加载模块:Template

[ 2016-04-02T19:19:12+08:00 ] 121.42.0.17 /admin/images/admintitlebg.gif
INFO: [ app_init ] --START--
INFO: Run Behavior\BuildLiteBehavior [ RunTime:0.000034s ]
INFO: [ app_init ] --END-- [ RunTime:0.001266s ]
ERR: 无法加载模块:Admin

[ 2016-04-02T19:19:13+08:00 ] 121.42.0.17 /images/gengtie.jpg
INFO: [ app_init ] --START--
INFO: Run Behavior\BuildLiteBehavior [ RunTime:0.000017s ]
INFO: [ app_init ] --END-- [ RunTime:0.000417s ]
ERR: 无法加载模块:Images

[ 2016-04-02T19:19:13+08:00 ] 121.42.0.17 /README.txt
INFO: [ app_init ] --START--
INFO: Run Behavior\BuildLiteBehavior [ RunTime:0.000028s ]
INFO: [ app_init ] --END-- [ RunTime:0.000638s ]
ERR: 无法加载模块:README

[ 2016-04-02T19:19:13+08:00 ] 121.42.0.17 /themes/README.txt
INFO: [ app_init ] --START--
INFO: Run Behavior\BuildLiteBehavior [ RunTime:0.000017s ]
INFO: [ app_init ] --END-- [ RunTime:0.000441s ]
ERR: 无法加载模块:Themes

[ 2016-04-02T19:19:14+08:00 ] 121.42.0.17 /Admin/Images/icon_lpdhjl.png
INFO: [ app_init ] --START--
INFO: Run Behavior\BuildLiteBehavior [ RunTime:0.000019s ]
INFO: [ app_init ] --END-- [ RunTime:0.000425s ]
ERR: 无法加载模块:Admin

[ 2016-04-02T19:19:14+08:00 ] 121.42.0.17 /store/Images/hdfk.gif
INFO: [ app_init ] --START--
INFO: Run Behavior\BuildLiteBehavior [ RunTime:0.000018s ]
INFO: [ app_init ] --END-- [ RunTime:0.000433s ]
ERR: 无法加载模块:Store

[ 2016-04-02T19:19:14+08:00 ] 121.42.0.17 /skins/doccms_model_1/images/bg_contact_a.png
INFO: [ app_init ] --START--
INFO: Run Behavior\BuildLiteBehavior [ RunTime:0.000025s ]
INFO: [ app_init ] --END-- [ RunTime:0.000554s ]
ERR: 无法加载模块:Skins

[ 2016-04-02T19:19:14+08:00 ] 121.42.0.17 /admini/images/s_managehtml/icon_refresh.png
INFO: [ app_init ] --START--
INFO: Run Behavior\BuildLiteBehavior [ RunTime:0.000018s ]
INFO: [ app_init ] --END-- [ RunTime:0.000445s ]
ERR: 无法加载模块:Admini

[ 2016-04-02T19:19:15+08:00 ] 121.42.0.17 /app/resource/images/coupon-hd-bg.png
INFO: [ app_init ] --START--
INFO: Run Behavior\BuildLiteBehavior [ RunTime:0.000157s ]
INFO: [ app_init ] --END-- [ RunTime:0.000823s ]
ERR: 无法加载模块:App

[ 2016-04-02T19:19:15+08:00 ] 121.42.0.17 /Admin/Images/Icon-Nav-Close-over.gif
INFO: [ app_init ] --START--
INFO: Run Behavior\BuildLiteBehavior [ RunTime:0.000021s ]
INFO: [ app_init ] --END-- [ RunTime:0.000433s ]
ERR: 无法加载模块:Admin

[ 2016-04-02T19:19:15+08:00 ] 121.42.0.17 /images/menu_righttop.gif
INFO: [ app_init ] --START--
INFO: Run Behavior\BuildLiteBehavior [ RunTime:0.000021s ]
INFO: [ app_init ] --END-- [ RunTime:0.000526s ]
ERR: 无法加载模块:Images

[ 2016-04-02T19:19:15+08:00 ] 121.42.0.17 /face/5.gif
INFO: [ app_init ] --START--
INFO: Run Behavior\BuildLiteBehavior [ RunTime:0.000021s ]
INFO: [ app_init ] --END-- [ RunTime:0.000455s ]
ERR: 无法加载模块:Face

[ 2016-04-02T19:19:16+08:00 ] 121.42.0.17 /xin/btn_regis.gif
INFO: [ app_init ] --START--
INFO: Run Behavior\BuildLiteBehavior [ RunTime:0.000020s ]
INFO: [ app_init ] --END-- [ RunTime:0.000454s ]
ERR: 无法加载模块:Xin

[ 2016-04-02T19:19:16+08:00 ] 121.42.0.17 /admin/Tpl/default/ThemeFiles/Images/login/bg-interior-tile-drk.jpg
INFO: [ app_init ] --START--
INFO: Run Behavior\BuildLiteBehavior [ RunTime:0.000020s ]
INFO: [ app_init ] --END-- [ RunTime:0.000441s ]
ERR: 无法加载模块:Admin

[ 2016-04-02T19:19:16+08:00 ] 121.42.0.17 /app/Tpl/lashou3/Public/images/adbg_t.png
INFO: [ app_init ] --START--
INFO: Run Behavior\BuildLiteBehavior [ RunTime:0.000036s ]
INFO: [ app_init ] --END-- [ RunTime:0.000452s ]
ERR: 无法加载模块:App

[ 2016-04-02T19:19:16+08:00 ] 121.42.0.17 /Public/img_loading.gif
INFO: [ app_init ] --START--
INFO: Run Behavior\BuildLiteBehavior [ RunTime:0.000019s ]
INFO: [ app_init ] --END-- [ RunTime:0.000444s ]
ERR: 无法加载模块:Public

[ 2016-04-02T19:19:17+08:00 ] 121.42.0.17 /robots.txt
INFO: [ app_init ] --START--
INFO: Run Behavior\BuildLiteBehavior [ RunTime:0.000020s ]
INFO: [ app_init ] --END-- [ RunTime:0.000446s ]
ERR: 无法加载模块:Robots

[ 2016-04-02T19:19:17+08:00 ] 121.42.0.17 /system/images/tab_17.gif
INFO: [ app_init ] --START--
INFO: Run Behavior\BuildLiteBehavior [ RunTime:0.000017s ]
INFO: [ app_init ] --END-- [ RunTime:0.000418s ]
ERR: 无法加载模块:System

[ 2016-04-02T19:19:17+08:00 ] 121.42.0.17 /admin/images/tab_17.gif
INFO: [ app_init ] --START--
INFO: Run Behavior\BuildLiteBehavior [ RunTime:0.000017s ]
INFO: [ app_init ] --END-- [ RunTime:0.000442s ]
ERR: 无法加载模块:Admin

[ 2016-04-02T19:19:17+08:00 ] 121.42.0.17 /admin/images/top_tt_bg.gif
INFO: [ app_init ] --START--
INFO: Run Behavior\BuildLiteBehavior [ RunTime:0.000030s ]
INFO: [ app_init ] --END-- [ RunTime:0.000461s ]
ERR: 无法加载模块:Admin

[ 2016-04-02T19:19:17+08:00 ] 121.42.0.17 /m/_/images/fileicon/jpg.png
INFO: [ app_init ] --START--
INFO: Run Behavior\BuildLiteBehavior [ RunTime:0.000019s ]
INFO: [ app_init ] --END-- [ RunTime:0.000428s ]
ERR: 无法加载模块:M

[ 2016-04-02T19:19:18+08:00 ] 121.42.0.17 /Public/img/fotorama.png
INFO: [ app_init ] --START--
INFO: Run Behavior\BuildLiteBehavior [ RunTime:0.000018s ]
INFO: [ app_init ] --END-- [ RunTime:0.000442s ]
ERR: 无法加载模块:Public

[ 2016-04-02T19:19:18+08:00 ] 121.42.0.17 /inc_img/vote/vote2_1.gif
INFO: [ app_init ] --START--
INFO: Run Behavior\BuildLiteBehavior [ RunTime:0.000018s ]
INFO: [ app_init ] --END-- [ RunTime:0.000425s ]
ERR: 无法加载模块:Inc_img

[ 2016-04-02T19:19:18+08:00 ] 121.42.0.17 /admin/images/login/login_submit.gif
INFO: [ app_init ] --START--
INFO: Run Behavior\BuildLiteBehavior [ RunTime:0.000018s ]
INFO: [ app_init ] --END-- [ RunTime:0.000423s ]
ERR: 无法加载模块:Admin

[ 2016-04-02T19:19:18+08:00 ] 121.42.0.17 /images/webZx_bg.jpg
INFO: [ app_init ] --START--
INFO: Run Behavior\BuildLiteBehavior [ RunTime:0.000017s ]
INFO: [ app_init ] --END-- [ RunTime:0.000428s ]
ERR: 无法加载模块:Images

[ 2016-04-02T19:19:19+08:00 ] 121.42.0.17 /skins/images/ico_catalogue.png
INFO: [ app_init ] --START--
INFO: Run Behavior\BuildLiteBehavior [ RunTime:0.000023s ]
INFO: [ app_init ] --END-- [ RunTime:0.000519s ]
ERR: 无法加载模块:Skins

[ 2016-04-02T19:19:19+08:00 ] 121.42.0.17 /images/logout1.png
INFO: [ app_init ] --START--
INFO: Run Behavior\BuildLiteBehavior [ RunTime:0.000018s ]
INFO: [ app_init ] --END-- [ RunTime:0.000438s ]
ERR: 无法加载模块:Images

[ 2016-04-02T19:19:19+08:00 ] 121.42.0.17 /forum/images/logout1.png
INFO: [ app_init ] --START--
INFO: Run Behavior\BuildLiteBehavior [ RunTime:0.000019s ]
INFO: [ app_init ] --END-- [ RunTime:0.000425s ]
ERR: 无法加载模块:Forum

[ 2016-04-02T19:19:19+08:00 ] 121.42.0.17 /console/images/bg11.jpg
INFO: [ app_init ] --START--
INFO: Run Behavior\BuildLiteBehavior [ RunTime:0.000022s ]
INFO: [ app_init ] --END-- [ RunTime:0.000460s ]
ERR: 无法加载模块:Console

[ 2016-04-02T19:19:20+08:00 ] 121.42.0.17 /console/images/login.gif
INFO: [ app_init ] --START--
INFO: Run Behavior\BuildLiteBehavior [ RunTime:0.000018s ]
INFO: [ app_init ] --END-- [ RunTime:0.000492s ]
ERR: 无法加载模块:Console

[ 2016-04-02T19:19:20+08:00 ] 121.42.0.17 /images-global/zoom/zoom-caption-fill.png
INFO: [ app_init ] --START--
INFO: Run Behavior\BuildLiteBehavior [ RunTime:0.000020s ]
INFO: [ app_init ] --END-- [ RunTime:0.000453s ]
ERR: 无法加载模块:Images-global

[ 2016-04-02T19:19:20+08:00 ] 121.42.0.17 /statics/blueth.gif
INFO: [ app_init ] --START--
INFO: Run Behavior\BuildLiteBehavior [ RunTime:0.000016s ]
INFO: [ app_init ] --END-- [ RunTime:0.000417s ]
ERR: 无法加载模块:Statics

[ 2016-04-02T19:19:20+08:00 ] 121.42.0.17 /statics/arrowleft-orange.gif
INFO: [ app_init ] --START--
INFO: Run Behavior\BuildLiteBehavior [ RunTime:0.000020s ]
INFO: [ app_init ] --END-- [ RunTime:0.000466s ]
ERR: 无法加载模块:Statics

[ 2016-04-02T19:19:21+08:00 ] 121.42.0.17 /favicon.ico
INFO: [ app_init ] --START--
INFO: Run Behavior\BuildLiteBehavior [ RunTime:0.000017s ]
INFO: [ app_init ] --END-- [ RunTime:0.000416s ]
ERR: 无法加载模块:Favicon

[ 2016-04-02T19:19:21+08:00 ] 121.42.0.17 /admin/images/netgather_com.gif
INFO: [ app_init ] --START--
INFO: Run Behavior\BuildLiteBehavior [ RunTime:0.000019s ]
INFO: [ app_init ] --END-- [ RunTime:0.000463s ]
ERR: 无法加载模块:Admin

[ 2016-04-02T19:19:21+08:00 ] 121.42.0.17 /cn/images/banner_page_bg.gif
INFO: [ app_init ] --START--
INFO: Run Behavior\BuildLiteBehavior [ RunTime:0.000017s ]
INFO: [ app_init ] --END-- [ RunTime:0.000411s ]
ERR: 无法加载模块:Cn

[ 2016-04-02T19:19:21+08:00 ] 121.42.0.17 /themes/forum/default/images/forum/lock.gif
INFO: [ app_init ] --START--
INFO: Run Behavior\BuildLiteBehavior [ RunTime:0.000020s ]
INFO: [ app_init ] --END-- [ RunTime:0.000438s ]
ERR: 无法加载模块:Themes

[ 2016-04-02T19:19:22+08:00 ] 121.42.0.17 /themes/space/default/images/fans_follow.png
INFO: [ app_init ] --START--
INFO: Run Behavior\BuildLiteBehavior [ RunTime:0.000017s ]
INFO: [ app_init ] --END-- [ RunTime:0.000425s ]
ERR: 无法加载模块:Themes

[ 2016-04-02T19:19:22+08:00 ] 121.42.0.17 /themes/site/default/images/logo.png
INFO: [ app_init ] --START--
INFO: Run Behavior\BuildLiteBehavior [ RunTime:0.000017s ]
INFO: [ app_init ] --END-- [ RunTime:0.000442s ]
ERR: 无法加载模块:Themes

[ 2016-04-02T19:19:22+08:00 ] 121.42.0.17 /favicon.ico
INFO: [ app_init ] --START--
INFO: Run Behavior\BuildLiteBehavior [ RunTime:0.000018s ]
INFO: [ app_init ] --END-- [ RunTime:0.000431s ]
ERR: 无法加载模块:Favicon

[ 2016-04-02T19:19:22+08:00 ] 121.42.0.17 /js/pw_ajax.js
INFO: [ app_init ] --START--
INFO: Run Behavior\BuildLiteBehavior [ RunTime:0.000020s ]
INFO: [ app_init ] --END-- [ RunTime:0.000464s ]
ERR: 无法加载模块:Js

[ 2016-04-02T19:19:22+08:00 ] 121.42.0.17 /licence.txt
INFO: [ app_init ] --START--
INFO: Run Behavior\BuildLiteBehavior [ RunTime:0.000016s ]
INFO: [ app_init ] --END-- [ RunTime:0.000406s ]
ERR: 无法加载模块:Licence

[ 2016-04-02T19:19:23+08:00 ] 121.42.0.17 /static/images/buttons_40.png
INFO: [ app_init ] --START--
INFO: Run Behavior\BuildLiteBehavior [ RunTime:0.000019s ]
INFO: [ app_init ] --END-- [ RunTime:0.000432s ]
ERR: 无法加载模块:Static

[ 2016-04-02T19:19:23+08:00 ] 121.42.0.17 /include/image/dui_r.gif
INFO: [ app_init ] --START--
INFO: Run Behavior\BuildLiteBehavior [ RunTime:0.000018s ]
INFO: [ app_init ] --END-- [ RunTime:0.000482s ]
ERR: 无法加载模块:Include

[ 2016-04-02T19:19:23+08:00 ] 121.42.0.17 /template/default/index/images/anvico.png
INFO: [ app_init ] --START--
INFO: Run Behavior\BuildLiteBehavior [ RunTime:0.000017s ]
INFO: [ app_init ] --END-- [ RunTime:0.000447s ]
ERR: 无法加载模块:Template

[ 2016-04-02T19:19:23+08:00 ] 121.42.0.17 /skin/default/image/add_job.gif
INFO: [ app_init ] --START--
INFO: Run Behavior\BuildLiteBehavior [ RunTime:0.000021s ]
INFO: [ app_init ] --END-- [ RunTime:0.000451s ]
ERR: 无法加载模块:Skin

[ 2016-04-02T19:19:24+08:00 ] 121.42.0.17 /inc/images/captcha_bg.jpg
INFO: [ app_init ] --START--
INFO: Run Behavior\BuildLiteBehavior [ RunTime:0.000018s ]
INFO: [ app_init ] --END-- [ RunTime:0.000437s ]
ERR: 无法加载模块:Inc

[ 2016-04-02T19:19:24+08:00 ] 121.42.0.17 /inc/templates/manage/images/cross_grey_small.png
INFO: [ app_init ] --START--
INFO: Run Behavior\BuildLiteBehavior [ RunTime:0.000017s ]
INFO: [ app_init ] --END-- [ RunTime:0.000421s ]
ERR: 无法加载模块:Inc

[ 2016-04-02T19:19:24+08:00 ] 121.42.0.17 /views/images/admin/closex.gif
INFO: [ app_init ] --START--
INFO: Run Behavior\BuildLiteBehavior [ RunTime:0.000019s ]
INFO: [ app_init ] --END-- [ RunTime:0.000445s ]
ERR: 无法加载模块:Views

[ 2016-04-02T19:19:24+08:00 ] 121.42.0.17 /template/default/images/gbook_btn_bg.gif
INFO: [ app_init ] --START--
INFO: Run Behavior\BuildLiteBehavior [ RunTime:0.000020s ]
INFO: [ app_init ] --END-- [ RunTime:0.000451s ]
ERR: 无法加载模块:Template

[ 2016-04-02T19:19:25+08:00 ] 121.42.0.17 /admin/views/images/admindex_itembg.gif
INFO: [ app_init ] --START--
INFO: Run Behavior\BuildLiteBehavior [ RunTime:0.000018s ]
INFO: [ app_init ] --END-- [ RunTime:0.000423s ]
ERR: 无法加载模块:Admin

[ 2016-04-02T19:19:25+08:00 ] 121.42.0.17 /content/templates/default/images/bg_cal_today.gif
INFO: [ app_init ] --START--
INFO: Run Behavior\BuildLiteBehavior [ RunTime:0.000018s ]
INFO: [ app_init ] --END-- [ RunTime:0.000443s ]
ERR: 无法加载模块:Content

[ 2016-04-02T19:19:25+08:00 ] 121.42.0.17 /admin/templates/met/images/logosmall.gif
INFO: [ app_init ] --START--
INFO: Run Behavior\BuildLiteBehavior [ RunTime:0.000021s ]
INFO: [ app_init ] --END-- [ RunTime:0.000451s ]
ERR: 无法加载模块:Admin

[ 2016-04-02T19:19:25+08:00 ] 121.42.0.17 /favicon.ico
INFO: [ app_init ] --START--
INFO: Run Behavior\BuildLiteBehavior [ RunTime:0.000022s ]
INFO: [ app_init ] --END-- [ RunTime:0.000602s ]
ERR: 无法加载模块:Favicon

[ 2016-04-02T19:19:26+08:00 ] 121.42.0.17 /job/templates/met/css/style.css
INFO: [ app_init ] --START--
INFO: Run Behavior\BuildLiteBehavior [ RunTime:0.000017s ]
INFO: [ app_init ] --END-- [ RunTime:0.000418s ]
ERR: 无法加载模块:Job

[ 2016-04-02T19:19:26+08:00 ] 121.42.0.17 /wap/templates/met/images/listico.gif
INFO: [ app_init ] --START--
INFO: Run Behavior\BuildLiteBehavior [ RunTime:0.000017s ]
INFO: [ app_init ] --END-- [ RunTime:0.000419s ]
ERR: 无法加载模块:Wap

[ 2016-04-02T19:19:26+08:00 ] 121.42.0.17 /images/receipt/dly_yto.jpg
INFO: [ app_init ] --START--
INFO: Run Behavior\BuildLiteBehavior [ RunTime:0.000021s ]
INFO: [ app_init ] --END-- [ RunTime:0.000445s ]
ERR: 无法加载模块:Images

[ 2016-04-02T19:19:26+08:00 ] 121.42.0.17 /images/wap_logo.png
INFO: [ app_init ] --START--
INFO: Run Behavior\BuildLiteBehavior [ RunTime:0.000017s ]
INFO: [ app_init ] --END-- [ RunTime:0.000417s ]
ERR: 无法加载模块:Images

[ 2016-04-02T19:19:26+08:00 ] 121.42.0.17 /admin/ecshopfiles.md5
INFO: [ app_init ] --START--
INFO: Run Behavior\BuildLiteBehavior [ RunTime:0.000019s ]
INFO: [ app_init ] --END-- [ RunTime:0.000434s ]
ERR: 无法加载模块:Admin

[ 2016-04-02T19:19:27+08:00 ] 121.42.0.17 /admin/help/zh_cn/database.xml
INFO: [ app_init ] --START--
INFO: Run Behavior\BuildLiteBehavior [ RunTime:0.000017s ]
INFO: [ app_init ] --END-- [ RunTime:0.000435s ]
ERR: 无法加载模块:Admin

[ 2016-04-02T19:19:27+08:00 ] 121.42.0.17 /favicon.ico
INFO: [ app_init ] --START--
INFO: Run Behavior\BuildLiteBehavior [ RunTime:0.000018s ]
INFO: [ app_init ] --END-- [ RunTime:0.000441s ]
ERR: 无法加载模块:Favicon

[ 2016-04-02T19:19:27+08:00 ] 121.42.0.17 /Images/estar.gif
INFO: [ app_init ] --START--
INFO: Run Behavior\BuildLiteBehavior [ RunTime:0.000016s ]
INFO: [ app_init ] --END-- [ RunTime:0.000412s ]
ERR: 无法加载模块:Images

[ 2016-04-02T19:19:27+08:00 ] 121.42.0.17 /Template/Default/Layout/1s2s2/ico.gif
INFO: [ app_init ] --START--
INFO: Run Behavior\BuildLiteBehavior [ RunTime:0.000020s ]
INFO: [ app_init ] --END-- [ RunTime:0.000425s ]
ERR: 无法加载模块:Template

[ 2016-04-02T19:19:28+08:00 ] 121.42.0.17 /t3/style/css/common/card.css
INFO: [ app_init ] --START--
INFO: Run Behavior\BuildLiteBehavior [ RunTime:0.000017s ]
INFO: [ app_init ] --END-- [ RunTime:0.000435s ]
ERR: 无法加载模块:T3

[ 2016-04-02T19:19:28+08:00 ] 121.42.0.17 /images/admina/logo.png
INFO: [ app_init ] --START--
INFO: Run Behavior\BuildLiteBehavior [ RunTime:0.000024s ]
INFO: [ app_init ] --END-- [ RunTime:0.000491s ]
ERR: 无法加载模块:Images

[ 2016-04-02T19:19:28+08:00 ] 121.42.0.17 /images/admina/sitmap0.png
INFO: [ app_init ] --START--
INFO: Run Behavior\BuildLiteBehavior [ RunTime:0.000021s ]
INFO: [ app_init ] --END-- [ RunTime:0.000426s ]
ERR: 无法加载模块:Images

[ 2016-04-02T19:19:28+08:00 ] 121.42.0.17 /e/tool/feedback/temp/test.txt
INFO: [ app_init ] --START--
INFO: Run Behavior\BuildLiteBehavior [ RunTime:0.000021s ]
INFO: [ app_init ] --END-- [ RunTime:0.000443s ]
ERR: 无法加载模块:E

[ 2016-04-02T19:19:29+08:00 ] 121.42.0.17 /e/data/ecmseditor/images/blank.html
INFO: [ app_init ] --START--
INFO: Run Behavior\BuildLiteBehavior [ RunTime:0.000017s ]
INFO: [ app_init ] --END-- [ RunTime:0.000421s ]
ERR: 无法加载模块:E

[ 2016-04-02T19:19:29+08:00 ] 121.42.0.17 /robots.txt
INFO: [ app_init ] --START--
INFO: Run Behavior\BuildLiteBehavior [ RunTime:0.000021s ]
INFO: [ app_init ] --END-- [ RunTime:0.000510s ]
ERR: 无法加载模块:Robots

[ 2016-04-02T19:19:29+08:00 ] 121.42.0.17 /robots.txt
INFO: [ app_init ] --START--
INFO: Run Behavior\BuildLiteBehavior [ RunTime:0.000021s ]
INFO: [ app_init ] --END-- [ RunTime:0.000441s ]
ERR: 无法加载模块:Robots

[ 2016-04-02T19:19:29+08:00 ] 121.42.0.17 /siteserver/pic/company/logo.gif
INFO: [ app_init ] --START--
INFO: Run Behavior\BuildLiteBehavior [ RunTime:0.000017s ]
INFO: [ app_init ] --END-- [ RunTime:0.000430s ]
ERR: 无法加载模块:Siteserver

[ 2016-04-02T19:19:30+08:00 ] 121.42.0.17 /system/blue_point.png
INFO: [ app_init ] --START--
INFO: Run Behavior\BuildLiteBehavior [ RunTime:0.000022s ]
INFO: [ app_init ] --END-- [ RunTime:0.000455s ]
ERR: 无法加载模块:System

[ 2016-04-02T19:19:30+08:00 ] 121.42.0.17 /admin/Tpl/default/Common/images/blank.gif
INFO: [ app_init ] --START--
INFO: Run Behavior\BuildLiteBehavior [ RunTime:0.000018s ]
INFO: [ app_init ] --END-- [ RunTime:0.000417s ]
ERR: 无法加载模块:Admin

[ 2016-04-02T19:19:30+08:00 ] 121.42.0.17 /statics/images/applst_lbg.jpg
INFO: [ app_init ] --START--
INFO: Run Behavior\BuildLiteBehavior [ RunTime:0.000032s ]
INFO: [ app_init ] --END-- [ RunTime:0.000529s ]
ERR: 无法加载模块:Statics

[ 2016-04-02T19:19:30+08:00 ] 121.42.0.17 /statics/images/icon/error.png
INFO: [ app_init ] --START--
INFO: Run Behavior\BuildLiteBehavior [ RunTime:0.000016s ]
INFO: [ app_init ] --END-- [ RunTime:0.000410s ]
ERR: 无法加载模块:Statics

[ 2016-04-02T19:19:31+08:00 ] 121.42.0.17 /robots.txt
INFO: [ app_init ] --START--
INFO: Run Behavior\BuildLiteBehavior [ RunTime:0.000019s ]
INFO: [ app_init ] --END-- [ RunTime:0.000448s ]
ERR: 无法加载模块:Robots

[ 2016-04-02T19:19:31+08:00 ] 121.42.0.17 /favicon.ico
INFO: [ app_init ] --START--
INFO: Run Behavior\BuildLiteBehavior [ RunTime:0.000018s ]
INFO: [ app_init ] --END-- [ RunTime:0.000426s ]
ERR: 无法加载模块:Favicon

[ 2016-04-02T19:19:31+08:00 ] 121.42.0.17 /images/buddies.png
INFO: [ app_init ] --START--
INFO: Run Behavior\BuildLiteBehavior [ RunTime:0.000017s ]
INFO: [ app_init ] --END-- [ RunTime:0.000412s ]
ERR: 无法加载模块:Images

[ 2016-04-02T19:19:31+08:00 ] 121.42.0.17 /script/valid_formdata.js
INFO: [ app_init ] --START--
INFO: Run Behavior\BuildLiteBehavior [ RunTime:0.000023s ]
INFO: [ app_init ] --END-- [ RunTime:0.000467s ]
ERR: 无法加载模块:Script

[ 2016-04-02T19:19:32+08:00 ] 121.42.0.17 /images/ad_location_middle_center1.jpg
INFO: [ app_init ] --START--
INFO: Run Behavior\BuildLiteBehavior [ RunTime:0.000021s ]
INFO: [ app_init ] --END-- [ RunTime:0.000463s ]
ERR: 无法加载模块:Images

[ 2016-04-02T19:19:32+08:00 ] 121.42.0.17 /theme/t1/themebg_preview.jpg
INFO: [ app_init ] --START--
INFO: Run Behavior\BuildLiteBehavior [ RunTime:0.000021s ]
INFO: [ app_init ] --END-- [ RunTime:0.000463s ]
ERR: 无法加载模块:Theme

[ 2016-04-02T19:19:32+08:00 ] 121.42.0.17 /images/table_bg.jpg
INFO: [ app_init ] --START--
INFO: Run Behavior\BuildLiteBehavior [ RunTime:0.000017s ]
INFO: [ app_init ] --END-- [ RunTime:0.000423s ]
ERR: 无法加载模块:Images

[ 2016-04-02T19:19:32+08:00 ] 121.42.0.17 /images/ext/midi.gif
INFO: [ app_init ] --START--
INFO: Run Behavior\BuildLiteBehavior [ RunTime:0.000019s ]
INFO: [ app_init ] --END-- [ RunTime:0.000427s ]
ERR: 无法加载模块:Images

[ 2016-04-02T19:19:32+08:00 ] 121.42.0.17 /data/setmealimg/3.gif
INFO: [ app_init ] --START--
INFO: Run Behavior\BuildLiteBehavior [ RunTime:0.000020s ]
INFO: [ app_init ] --END-- [ RunTime:0.000455s ]
ERR: 无法加载模块:Data

[ 2016-04-02T19:19:33+08:00 ] 121.42.0.17 /admin/images/admin_submit.jpg
INFO: [ app_init ] --START--
INFO: Run Behavior\BuildLiteBehavior [ RunTime:0.000018s ]
INFO: [ app_init ] --END-- [ RunTime:0.000411s ]
ERR: 无法加载模块:Admin

[ 2016-04-02T19:19:33+08:00 ] 121.42.0.17 /include/payment/logo/remittance.gif
INFO: [ app_init ] --START--
INFO: Run Behavior\BuildLiteBehavior [ RunTime:0.000020s ]
INFO: [ app_init ] --END-- [ RunTime:0.000422s ]
ERR: 无法加载模块:Include

[ 2016-04-02T19:19:33+08:00 ] 121.42.0.17 /views/default/skin/blue/images/front/buying.gif
INFO: [ app_init ] --START--
INFO: Run Behavior\BuildLiteBehavior [ RunTime:0.000021s ]
INFO: [ app_init ] --END-- [ RunTime:0.000548s ]
ERR: 无法加载模块:Views

[ 2016-04-02T19:19:33+08:00 ] 121.42.0.17 /install/images/guide_1.gif
INFO: [ app_init ] --START--
INFO: Run Behavior\BuildLiteBehavior [ RunTime:0.000021s ]
INFO: [ app_init ] --END-- [ RunTime:0.000445s ]
ERR: 无法加载模块:Install

[ 2016-04-02T19:19:34+08:00 ] 121.42.0.17 /upload/2011/11/30/20111130113535527.jpg
INFO: [ app_init ] --START--
INFO: Run Behavior\BuildLiteBehavior [ RunTime:0.000021s ]
INFO: [ app_init ] --END-- [ RunTime:0.000461s ]
ERR: 无法加载模块:Upload

[ 2016-04-02T19:19:34+08:00 ] 121.42.0.17 /plus/weather/icon/a_12.gif
INFO: [ app_init ] --START--
INFO: Run Behavior\BuildLiteBehavior [ RunTime:0.000018s ]
INFO: [ app_init ] --END-- [ RunTime:0.000499s ]
ERR: 无法加载模块:Plus

[ 2016-04-02T19:19:34+08:00 ] 121.42.0.17 /question/images/face/images/ico_face_arrow.gif
INFO: [ app_init ] --START--
INFO: Run Behavior\BuildLiteBehavior [ RunTime:0.000019s ]
INFO: [ app_init ] --END-- [ RunTime:0.000440s ]
ERR: 无法加载模块:Question

[ 2016-04-02T19:19:34+08:00 ] 121.42.0.17 /wp-includes/images/icon-pointer-flag.png
INFO: [ app_init ] --START--
INFO: Run Behavior\BuildLiteBehavior [ RunTime:0.000018s ]
INFO: [ app_init ] --END-- [ RunTime:0.000417s ]
ERR: 无法加载模块:Wp-includes

[ 2016-04-02T19:19:35+08:00 ] 121.42.0.17 /wp-admin/images/yes.png
INFO: [ app_init ] --START--
INFO: Run Behavior\BuildLiteBehavior [ RunTime:0.000017s ]
INFO: [ app_init ] --END-- [ RunTime:0.000439s ]
ERR: 无法加载模块:Wp-admin

[ 2016-04-02T19:19:35+08:00 ] 121.42.0.17 /wp-includes/js/swfobject.js
INFO: [ app_init ] --START--
INFO: Run Behavior\BuildLiteBehavior [ RunTime:0.000018s ]
INFO: [ app_init ] --END-- [ RunTime:0.000434s ]
ERR: 无法加载模块:Wp-includes

[ 2016-04-02T19:19:35+08:00 ] 121.42.0.17 /base/admin/images/linksup.gif
INFO: [ app_init ] --START--
INFO: Run Behavior\BuildLiteBehavior [ RunTime:0.000024s ]
INFO: [ app_init ] --END-- [ RunTime:0.000527s ]
ERR: 无法加载模块:Base

[ 2016-04-02T19:19:35+08:00 ] 121.42.0.17 /base/templates/images/2.png
INFO: [ app_init ] --START--
INFO: Run Behavior\BuildLiteBehavior [ RunTime:0.000021s ]
INFO: [ app_init ] --END-- [ RunTime:0.000471s ]
ERR: 无法加载模块:Base

[ 2016-04-02T19:19:36+08:00 ] 121.42.0.17 /zb_users/AVATAR/0.png
INFO: [ app_init ] --START--
INFO: Run Behavior\BuildLiteBehavior [ RunTime:0.000023s ]
INFO: [ app_init ] --END-- [ RunTime:0.000581s ]
ERR: 无法加载模块:Zb_users

[ 2016-04-02T19:19:36+08:00 ] 121.42.0.17 /zb_users/avatar/0.png
INFO: [ app_init ] --START--
INFO: Run Behavior\BuildLiteBehavior [ RunTime:0.000020s ]
INFO: [ app_init ] --END-- [ RunTime:0.000457s ]
ERR: 无法加载模块:Zb_users

[ 2016-04-02T19:19:36+08:00 ] 121.42.0.17 /admin/skins/images/ads_set3.gif
INFO: [ app_init ] --START--
INFO: Run Behavior\BuildLiteBehavior [ RunTime:0.000019s ]
INFO: [ app_init ] --END-- [ RunTime:0.000455s ]
ERR: 无法加载模块:Admin

[ 2016-04-02T19:19:36+08:00 ] 121.42.0.17 /images/forum_readme.gif
INFO: [ app_init ] --START--
INFO: Run Behavior\BuildLiteBehavior [ RunTime:0.000015s ]
INFO: [ app_init ] --END-- [ RunTime:0.000424s ]
ERR: 无法加载模块:Images

[ 2016-04-02T19:19:37+08:00 ] 121.42.0.17 /img/images/commentLoad.gif
INFO: [ app_init ] --START--
INFO: Run Behavior\BuildLiteBehavior [ RunTime:0.000022s ]
INFO: [ app_init ] --END-- [ RunTime:0.000577s ]
ERR: 无法加载模块:Img

[ 2016-04-02T19:19:37+08:00 ] 121.42.0.17 /install/images/bg-cmstop.jpg
INFO: [ app_init ] --START--
INFO: Run Behavior\BuildLiteBehavior [ RunTime:0.000019s ]
INFO: [ app_init ] --END-- [ RunTime:0.000462s ]
ERR: 无法加载模块:Install

[ 2016-04-02T19:19:37+08:00 ] 121.42.0.17 /admin/images/loadingAnimation.gif
INFO: [ app_init ] --START--
INFO: Run Behavior\BuildLiteBehavior [ RunTime:0.000020s ]
INFO: [ app_init ] --END-- [ RunTime:0.000431s ]
ERR: 无法加载模块:Admin

[ 2016-04-02T19:19:37+08:00 ] 121.42.0.17 /data/adtool/theme/d2.jpg
INFO: [ app_init ] --START--
INFO: Run Behavior\BuildLiteBehavior [ RunTime:0.000021s ]
INFO: [ app_init ] --END-- [ RunTime:0.000446s ]
ERR: 无法加载模块:Data

[ 2016-04-02T19:19:37+08:00 ] 121.42.0.17 /images/wp-background-preview-bg.gif
INFO: [ app_init ] --START--
INFO: Run Behavior\BuildLiteBehavior [ RunTime:0.000028s ]
INFO: [ app_init ] --END-- [ RunTime:0.000448s ]
ERR: 无法加载模块:Images

[ 2016-04-02T19:19:38+08:00 ] 121.42.0.17 /install/images/r.gif
INFO: [ app_init ] --START--
INFO: Run Behavior\BuildLiteBehavior [ RunTime:0.000029s ]
INFO: [ app_init ] --END-- [ RunTime:0.000690s ]
ERR: 无法加载模块:Install

[ 2016-04-02T19:19:38+08:00 ] 121.42.0.17 /images/sampledata/fruitshop/fruits.gif
INFO: [ app_init ] --START--
INFO: Run Behavior\BuildLiteBehavior [ RunTime:0.000038s ]
INFO: [ app_init ] --END-- [ RunTime:0.000591s ]
ERR: 无法加载模块:Images

[ 2016-04-02T19:19:38+08:00 ] 121.42.0.17 /images/banners/shop-ad-books.jpg
INFO: [ app_init ] --START--
INFO: Run Behavior\BuildLiteBehavior [ RunTime:0.000017s ]
INFO: [ app_init ] --END-- [ RunTime:0.000424s ]
ERR: 无法加载模块:Images

[ 2016-04-02T19:19:38+08:00 ] 121.42.0.17 /components/com_mailto/views/sent/metadata.xml
INFO: [ app_init ] --START--
INFO: Run Behavior\BuildLiteBehavior [ RunTime:0.000022s ]
INFO: [ app_init ] --END-- [ RunTime:0.000415s ]
ERR: 无法加载模块:Components

[ 2016-04-02T19:19:39+08:00 ] 121.42.0.17 /Images/arrow_04.gif
INFO: [ app_init ] --START--
INFO: Run Behavior\BuildLiteBehavior [ RunTime:0.000017s ]
INFO: [ app_init ] --END-- [ RunTime:0.000418s ]
ERR: 无法加载模块:Images

[ 2016-04-02T19:19:39+08:00 ] 121.42.0.17 /Images/bg_bodyer_page.gif
INFO: [ app_init ] --START--
INFO: Run Behavior\BuildLiteBehavior [ RunTime:0.000018s ]
INFO: [ app_init ] --END-- [ RunTime:0.000439s ]
ERR: 无法加载模块:Images

[ 2016-04-02T19:19:39+08:00 ] 121.42.0.17 /Admin/Images/southidc.css
INFO: [ app_init ] --START--
INFO: Run Behavior\BuildLiteBehavior [ RunTime:0.000021s ]
INFO: [ app_init ] --END-- [ RunTime:0.000470s ]
ERR: 无法加载模块:Admin

[ 2016-04-02T19:19:39+08:00 ] 121.42.0.17 /Inc/NoSqlHack.Asp
INFO: [ app_init ] --START--
INFO: Run Behavior\BuildLiteBehavior [ RunTime:0.000021s ]
INFO: [ app_init ] --END-- [ RunTime:0.000460s ]
ERR: 无法加载模块:Inc

[ 2016-04-02T19:19:40+08:00 ] 121.42.0.17 /Script/Html.js
INFO: [ app_init ] --START--
INFO: Run Behavior\BuildLiteBehavior [ RunTime:0.000020s ]
INFO: [ app_init ] --END-- [ RunTime:0.000501s ]
ERR: 无法加载模块:Script

[ 2016-04-02T19:19:40+08:00 ] 121.42.0.17 /e/install/images/bg_1.gif
INFO: [ app_init ] --START--
INFO: Run Behavior\BuildLiteBehavior [ RunTime:0.000021s ]
INFO: [ app_init ] --END-- [ RunTime:0.000443s ]
ERR: 无法加载模块:E

[ 2016-04-02T19:19:40+08:00 ] 121.42.0.17 /e/install/images/logo.gif
INFO: [ app_init ] --START--
INFO: Run Behavior\BuildLiteBehavior [ RunTime:0.000020s ]
INFO: [ app_init ] --END-- [ RunTime:0.000476s ]
ERR: 无法加载模块:E

[ 2016-04-02T19:19:40+08:00 ] 121.42.0.17 /e/js/lang/zh-cn.js
INFO: [ app_init ] --START--
INFO: Run Behavior\BuildLiteBehavior [ RunTime:0.000036s ]
INFO: [ app_init ] --END-- [ RunTime:0.000476s ]
ERR: 无法加载模块:E

[ 2016-04-02T19:19:41+08:00 ] 121.42.0.17 /e/js/zh-cn/lang.js
INFO: [ app_init ] --START--
INFO: Run Behavior\BuildLiteBehavior [ RunTime:0.000024s ]
INFO: [ app_init ] --END-- [ RunTime:0.000666s ]
ERR: 无法加载模块:E

[ 2016-04-02T19:19:41+08:00 ] 121.42.0.17 /e/master/images/login_r1_c1.jpg
INFO: [ app_init ] --START--
INFO: Run Behavior\BuildLiteBehavior [ RunTime:0.000029s ]
INFO: [ app_init ] --END-- [ RunTime:0.000713s ]
ERR: 无法加载模块:E

[ 2016-04-02T19:19:41+08:00 ] 121.42.0.17 /admin/Images/del.gif
INFO: [ app_init ] --START--
INFO: Run Behavior\BuildLiteBehavior [ RunTime:0.000022s ]
INFO: [ app_init ] --END-- [ RunTime:0.000476s ]
ERR: 无法加载模块:Admin

[ 2016-04-02T19:19:41+08:00 ] 121.42.0.17 /Admin/Include/version.xml
INFO: [ app_init ] --START--
INFO: Run Behavior\BuildLiteBehavior [ RunTime:0.000020s ]
INFO: [ app_init ] --END-- [ RunTime:0.000429s ]
ERR: 无法加载模块:Admin

[ 2016-04-02T19:19:42+08:00 ] 121.42.0.17 /KS_Inc/ajax.js
INFO: [ app_init ] --START--
INFO: Run Behavior\BuildLiteBehavior [ RunTime:0.000017s ]
INFO: [ app_init ] --END-- [ RunTime:0.000495s ]
ERR: 无法加载模块:KS_Inc

[ 2016-04-02T19:19:42+08:00 ] 121.42.0.17 /KS_Inc/common.js
INFO: [ app_init ] --START--
INFO: Run Behavior\BuildLiteBehavior [ RunTime:0.000018s ]
INFO: [ app_init ] --END-- [ RunTime:0.000421s ]
ERR: 无法加载模块:KS_Inc

[ 2016-04-02T19:19:42+08:00 ] 121.42.0.17 /template/skin6/cn/images/ico_zlxz.gif
INFO: [ app_init ] --START--
INFO: Run Behavior\BuildLiteBehavior [ RunTime:0.000017s ]
INFO: [ app_init ] --END-- [ RunTime:0.000436s ]
ERR: 无法加载模块:Template

[ 2016-04-02T19:19:42+08:00 ] 121.42.0.17 /inc/image/bj.gif
INFO: [ app_init ] --START--
INFO: Run Behavior\BuildLiteBehavior [ RunTime:0.000023s ]
INFO: [ app_init ] --END-- [ RunTime:0.000466s ]
ERR: 无法加载模块:Inc

[ 2016-04-02T19:19:43+08:00 ] 121.42.0.17 /install/style.css
INFO: [ app_init ] --START--
INFO: Run Behavior\BuildLiteBehavior [ RunTime:0.000025s ]
INFO: [ app_init ] --END-- [ RunTime:0.000499s ]
ERR: 无法加载模块:Install

[ 2016-04-02T19:19:43+08:00 ] 121.42.0.17 /admin/images/arrow_right_8x8.png
INFO: [ app_init ] --START--
INFO: Run Behavior\BuildLiteBehavior [ RunTime:0.000019s ]
INFO: [ app_init ] --END-- [ RunTime:0.000425s ]
ERR: 无法加载模块:Admin

[ 2016-04-02T19:19:43+08:00 ] 121.42.0.17 /static/common/topic-min-img.png
INFO: [ app_init ] --START--
INFO: Run Behavior\BuildLiteBehavior [ RunTime:0.000019s ]
INFO: [ app_init ] --END-- [ RunTime:0.000453s ]
ERR: 无法加载模块:Static

[ 2016-04-02T19:19:43+08:00 ] 121.42.0.17 /image/admin/add.gif
INFO: [ app_init ] --START--
INFO: Run Behavior\BuildLiteBehavior [ RunTime:0.000021s ]
INFO: [ app_init ] --END-- [ RunTime:0.000661s ]
ERR: 无法加载模块:Image

[ 2016-04-02T19:19:43+08:00 ] 121.42.0.17 /image/cflag/ad.gif
INFO: [ app_init ] --START--
INFO: Run Behavior\BuildLiteBehavior [ RunTime:0.000022s ]
INFO: [ app_init ] --END-- [ RunTime:0.000469s ]
ERR: 无法加载模块:Image

[ 2016-04-02T19:19:44+08:00 ] 121.42.0.17 /Admin/images/houtaijs_16.jpg
INFO: [ app_init ] --START--
INFO: Run Behavior\BuildLiteBehavior [ RunTime:0.000039s ]
INFO: [ app_init ] --END-- [ RunTime:0.000800s ]
ERR: 无法加载模块:Admin

[ 2016-04-02T19:19:44+08:00 ] 121.42.0.17 /Templates/master/default/images/ddwc_06.gif
INFO: [ app_init ] --START--
INFO: Run Behavior\BuildLiteBehavior [ RunTime:0.000044s ]
INFO: [ app_init ] --END-- [ RunTime:0.000860s ]
ERR: 无法加载模块:Templates

[ 2016-04-02T19:19:44+08:00 ] 121.42.0.17 /Admin/images/install_logo.jpg
INFO: [ app_init ] --START--
INFO: Run Behavior\BuildLiteBehavior [ RunTime:0.000018s ]
INFO: [ app_init ] --END-- [ RunTime:0.000436s ]
ERR: 无法加载模块:Admin

[ 2016-04-02T19:19:44+08:00 ] 121.42.0.17 /images/i_3.jpg
INFO: [ app_init ] --START--
INFO: Run Behavior\BuildLiteBehavior [ RunTime:0.000021s ]
INFO: [ app_init ] --END-- [ RunTime:0.000573s ]
ERR: 无法加载模块:Images

[ 2016-04-02T19:19:45+08:00 ] 121.42.0.17 /system/phpqrcode/cache/frame_6.png
INFO: [ app_init ] --START--
INFO: Run Behavior\BuildLiteBehavior [ RunTime:0.000024s ]
INFO: [ app_init ] --END-- [ RunTime:0.000495s ]
ERR: 无法加载模块:System

[ 2016-04-02T19:19:45+08:00 ] 121.42.0.17 /public/attachment/201011/4cdde85a27105.gif
INFO: [ app_init ] --START--
INFO: Run Behavior\BuildLiteBehavior [ RunTime:0.000020s ]
INFO: [ app_init ] --END-- [ RunTime:0.000433s ]
ERR: 无法加载模块:Public

[ 2016-04-02T19:19:45+08:00 ] 121.42.0.17 /product/waterimage/200x200.png
INFO: [ app_init ] --START--
INFO: Run Behavior\BuildLiteBehavior [ RunTime:0.000017s ]
INFO: [ app_init ] --END-- [ RunTime:0.000431s ]
ERR: 无法加载模块:Product

[ 2016-04-02T19:19:45+08:00 ] 121.42.0.17 /install/images/header-corners.png
INFO: [ app_init ] --START--
INFO: Run Behavior\BuildLiteBehavior [ RunTime:0.000018s ]
INFO: [ app_init ] --END-- [ RunTime:0.000417s ]
ERR: 无法加载模块:Install

[ 2016-04-02T19:19:46+08:00 ] 121.42.0.17 /images/gif_47_106.gif
INFO: [ app_init ] --START--
INFO: Run Behavior\BuildLiteBehavior [ RunTime:0.000024s ]
INFO: [ app_init ] --END-- [ RunTime:0.000497s ]
ERR: 无法加载模块:Images

[ 2016-04-02T19:19:46+08:00 ] 121.42.0.17 /zb_users/plugin/UEditor/themes/default/images/highlighted.gif
INFO: [ app_init ] --START--
INFO: Run Behavior\BuildLiteBehavior [ RunTime:0.000028s ]
INFO: [ app_init ] --END-- [ RunTime:0.000715s ]
ERR: 无法加载模块:Zb_users

[ 2016-04-02T19:19:46+08:00 ] 121.42.0.17 /media/xmlconnect/system/ok.gif
INFO: [ app_init ] --START--
INFO: Run Behavior\BuildLiteBehavior [ RunTime:0.000019s ]
INFO: [ app_init ] --END-- [ RunTime:0.000470s ]
ERR: 无法加载模块:Media

[ 2016-04-02T19:19:46+08:00 ] 121.42.0.17 /LICENSE.txt
INFO: [ app_init ] --START--
INFO: Run Behavior\BuildLiteBehavior [ RunTime:0.000018s ]
INFO: [ app_init ] --END-- [ RunTime:0.000447s ]
ERR: 无法加载模块:LICENSE

[ 2016-04-02T19:19:47+08:00 ] 121.42.0.17 /skin/frontend/base/default/favicon.ico
INFO: [ app_init ] --START--
INFO: Run Behavior\BuildLiteBehavior [ RunTime:0.000021s ]
INFO: [ app_init ] --END-- [ RunTime:0.000507s ]
ERR: 无法加载模块:Skin

[ 2016-04-02T19:19:47+08:00 ] 121.42.0.17 /static/ayacms.gif
INFO: [ app_init ] --START--
INFO: Run Behavior\BuildLiteBehavior [ RunTime:0.000019s ]
INFO: [ app_init ] --END-- [ RunTime:0.000481s ]
ERR: 无法加载模块:Static

[ 2016-04-02T19:19:47+08:00 ] 121.42.0.17 /static/none.gif
INFO: [ app_init ] --START--
INFO: Run Behavior\BuildLiteBehavior [ RunTime:0.000020s ]
INFO: [ app_init ] --END-- [ RunTime:0.000431s ]
ERR: 无法加载模块:Static

[ 2016-04-02T19:19:47+08:00 ] 121.42.0.17 /bbs/css/images/announ.gif
INFO: [ app_init ] --START--
INFO: Run Behavior\BuildLiteBehavior [ RunTime:0.000018s ]
INFO: [ app_init ] --END-- [ RunTime:0.000424s ]
ERR: 无法加载模块:Bbs

[ 2016-04-02T19:19:47+08:00 ] 121.42.0.17 /bbs/css/images/avatar.gif
INFO: [ app_init ] --START--
INFO: Run Behavior\BuildLiteBehavior [ RunTime:0.000020s ]
INFO: [ app_init ] --END-- [ RunTime:0.000468s ]
ERR: 无法加载模块:Bbs

[ 2016-04-02T19:19:48+08:00 ] 121.42.0.17 /celive/admin/live/loading.gif
INFO: [ app_init ] --START--
INFO: Run Behavior\BuildLiteBehavior [ RunTime:0.000024s ]
INFO: [ app_init ] --END-- [ RunTime:0.000496s ]
ERR: 无法加载模块:Celive

[ 2016-04-02T19:19:48+08:00 ] 121.42.0.17 /celive/js/images/btn.gif
INFO: [ app_init ] --START--
INFO: Run Behavior\BuildLiteBehavior [ RunTime:0.000018s ]
INFO: [ app_init ] --END-- [ RunTime:0.000436s ]
ERR: 无法加载模块:Celive

[ 2016-04-02T19:19:48+08:00 ] 121.42.0.17 /celive/templates/default/images/admin/yes.gif
INFO: [ app_init ] --START--
INFO: Run Behavior\BuildLiteBehavior [ RunTime:0.000020s ]
INFO: [ app_init ] --END-- [ RunTime:0.000448s ]
ERR: 无法加载模块:Celive

[ 2016-04-02T19:19:48+08:00 ] 121.42.0.17 /zb_users/PLUGIN/Gravatar/Logo.png
INFO: [ app_init ] --START--
INFO: Run Behavior\BuildLiteBehavior [ RunTime:0.000016s ]
INFO: [ app_init ] --END-- [ RunTime:0.000415s ]
ERR: 无法加载模块:Zb_users

[ 2016-04-02T19:19:49+08:00 ] 121.42.0.17 /images/qq/qqkf2/Kf_bg03_03.gif
INFO: [ app_init ] --START--
INFO: Run Behavior\BuildLiteBehavior [ RunTime:0.000024s ]
INFO: [ app_init ] --END-- [ RunTime:0.000520s ]
ERR: 无法加载模块:Images

[ 2016-04-02T19:19:49+08:00 ] 121.42.0.17 /js/close.gif
INFO: [ app_init ] --START--
INFO: Run Behavior\BuildLiteBehavior [ RunTime:0.000097s ]
INFO: [ app_init ] --END-- [ RunTime:0.000823s ]
ERR: 无法加载模块:Js

[ 2016-04-02T19:19:49+08:00 ] 121.42.0.17 /dayrui/statics/default/images/sd02.png
INFO: [ app_init ] --START--
INFO: Run Behavior\BuildLiteBehavior [ RunTime:0.000016s ]
INFO: [ app_init ] --END-- [ RunTime:0.000421s ]
ERR: 无法加载模块:Dayrui

[ 2016-04-02T19:19:49+08:00 ] 121.42.0.17 /dayrui/statics/default/images/shop/login.gif
INFO: [ app_init ] --START--
INFO: Run Behavior\BuildLiteBehavior [ RunTime:0.000018s ]
INFO: [ app_init ] --END-- [ RunTime:0.000413s ]
ERR: 无法加载模块:Dayrui

[ 2016-04-02T19:19:50+08:00 ] 121.42.0.17 /dayrui/statics/default/images/touming.png
INFO: [ app_init ] --START--
INFO: Run Behavior\BuildLiteBehavior [ RunTime:0.000024s ]
INFO: [ app_init ] --END-- [ RunTime:0.000527s ]
ERR: 无法加载模块:Dayrui

[ 2016-04-02T19:19:50+08:00 ] 121.42.0.17 /extensions/calendar/img/nav-left.gif
INFO: [ app_init ] --START--
INFO: Run Behavior\BuildLiteBehavior [ RunTime:0.000018s ]
INFO: [ app_init ] --END-- [ RunTime:0.000449s ]
ERR: 无法加载模块:Extensions

[ 2016-04-02T19:19:50+08:00 ] 121.42.0.17 /extensions/kindeditor/plugins/emoticons/images/118.gif
INFO: [ app_init ] --START--
INFO: Run Behavior\BuildLiteBehavior [ RunTime:0.000017s ]
INFO: [ app_init ] --END-- [ RunTime:0.000444s ]
ERR: 无法加载模块:Extensions

[ 2016-04-02T19:19:50+08:00 ] 121.42.0.17 /style/default/hdwiki.css
INFO: [ app_init ] --START--
INFO: Run Behavior\BuildLiteBehavior [ RunTime:0.000020s ]
INFO: [ app_init ] --END-- [ RunTime:0.000474s ]
ERR: 无法加载模块:Style

[ 2016-04-02T19:19:51+08:00 ] 121.42.0.17 /style/default/fujian_top_bg.jpg
INFO: [ app_init ] --START--
INFO: Run Behavior\BuildLiteBehavior [ RunTime:0.000020s ]
INFO: [ app_init ] --END-- [ RunTime:0.000452s ]
ERR: 无法加载模块:Style

[ 2016-04-02T19:19:51+08:00 ] 121.42.0.17 /style/default/index_login_bg.jpg
INFO: [ app_init ] --START--
INFO: Run Behavior\BuildLiteBehavior [ RunTime:0.000021s ]
INFO: [ app_init ] --END-- [ RunTime:0.000436s ]
ERR: 无法加载模块:Style

[ 2016-04-02T19:19:51+08:00 ] 121.42.0.17 /style/default/style/bg_title.jpg
INFO: [ app_init ] --START--
INFO: Run Behavior\BuildLiteBehavior [ RunTime:0.000020s ]
INFO: [ app_init ] --END-- [ RunTime:0.000434s ]
ERR: 无法加载模块:Style

[ 2016-04-02T19:19:51+08:00 ] 121.42.0.17 /style/default/login_bg.jpg
INFO: [ app_init ] --START--
INFO: Run Behavior\BuildLiteBehavior [ RunTime:0.000020s ]
INFO: [ app_init ] --END-- [ RunTime:0.000449s ]
ERR: 无法加载模块:Style

[ 2016-04-02T19:19:52+08:00 ] 121.42.0.17 /CN/nite/images/title.gif
INFO: [ app_init ] --START--
INFO: Run Behavior\BuildLiteBehavior [ RunTime:0.000021s ]
INFO: [ app_init ] --END-- [ RunTime:0.000441s ]
ERR: 无法加载模块:CN

[ 2016-04-02T19:19:52+08:00 ] 121.42.0.17 /Images/dialog_closebtn_over.gif
INFO: [ app_init ] --START--
INFO: Run Behavior\BuildLiteBehavior [ RunTime:0.000019s ]
INFO: [ app_init ] --END-- [ RunTime:0.000446s ]
ERR: 无法加载模块:Images

[ 2016-04-02T19:19:52+08:00 ] 121.42.0.17 /App_Themes/AdminDefaultTheme/DateTheme/bgteuw.jpg
INFO: [ app_init ] --START--
INFO: Run Behavior\BuildLiteBehavior [ RunTime:0.000020s ]
INFO: [ app_init ] --END-- [ RunTime:0.000425s ]
ERR: 无法加载模块:App_Themes

[ 2016-04-02T19:19:52+08:00 ] 121.42.0.17 /Images/Microblog/dialog_rt.gif
INFO: [ app_init ] --START--
INFO: Run Behavior\BuildLiteBehavior [ RunTime:0.000021s ]
INFO: [ app_init ] --END-- [ RunTime:0.000525s ]
ERR: 无法加载模块:Images

[ 2016-04-02T19:19:52+08:00 ] 121.42.0.17 /admin/Images/Login_tit.gif
INFO: [ app_init ] --START--
INFO: Run Behavior\BuildLiteBehavior [ RunTime:0.000020s ]
INFO: [ app_init ] --END-- [ RunTime:0.000437s ]
ERR: 无法加载模块:Admin

[ 2016-04-02T19:19:53+08:00 ] 121.42.0.17 /admin/Images/Sort_Folder_Close.gif
INFO: [ app_init ] --START--
INFO: Run Behavior\BuildLiteBehavior [ RunTime:0.000019s ]
INFO: [ app_init ] --END-- [ RunTime:0.000450s ]
ERR: 无法加载模块:Admin

[ 2016-04-02T19:19:53+08:00 ] 121.42.0.17 /admin/Limages/left-corners.png
INFO: [ app_init ] --START--
INFO: Run Behavior\BuildLiteBehavior [ RunTime:0.000020s ]
INFO: [ app_init ] --END-- [ RunTime:0.000425s ]
ERR: 无法加载模块:Admin

[ 2016-04-02T19:19:53+08:00 ] 121.42.0.17 /admin/images/li_4.gif
INFO: [ app_init ] --START--
INFO: Run Behavior\BuildLiteBehavior [ RunTime:0.000021s ]
INFO: [ app_init ] --END-- [ RunTime:0.000427s ]
ERR: 无法加载模块:Admin

[ 2016-04-02T19:19:53+08:00 ] 121.42.0.17 /images/default/listico.gif
INFO: [ app_init ] --START--
INFO: Run Behavior\BuildLiteBehavior [ RunTime:0.000016s ]
INFO: [ app_init ] --END-- [ RunTime:0.000429s ]
ERR: 无法加载模块:Images

[ 2016-04-02T19:19:54+08:00 ] 121.42.0.17 /images/default/images/button_plain_hover.png
INFO: [ app_init ] --START--
INFO: Run Behavior\BuildLiteBehavior [ RunTime:0.000022s ]
INFO: [ app_init ] --END-- [ RunTime:0.000456s ]
ERR: 无法加载模块:Images

[ 2016-04-02T19:19:54+08:00 ] 121.42.0.17 /admin/tpl/images/welcome_h1.gif
INFO: [ app_init ] --START--
INFO: Run Behavior\BuildLiteBehavior [ RunTime:0.000018s ]
INFO: [ app_init ] --END-- [ RunTime:0.000447s ]
ERR: 无法加载模块:Admin

[ 2016-04-02T19:19:54+08:00 ] 121.42.0.17 /admin/images/bg-pay-return-success.gif
INFO: [ app_init ] --START--
INFO: Run Behavior\BuildLiteBehavior [ RunTime:0.000021s ]
INFO: [ app_init ] --END-- [ RunTime:0.000448s ]
ERR: 无法加载模块:Admin

[ 2016-04-02T19:19:54+08:00 ] 121.42.0.17 /template/default/images/ad_scroll_forward.png
INFO: [ app_init ] --START--
INFO: Run Behavior\BuildLiteBehavior [ RunTime:0.000018s ]
INFO: [ app_init ] --END-- [ RunTime:0.000451s ]
ERR: 无法加载模块:Template

[ 2016-04-02T19:19:55+08:00 ] 121.42.0.17 /adfile/ad9.js
INFO: [ app_init ] --START--
INFO: Run Behavior\BuildLiteBehavior [ RunTime:0.000017s ]
INFO: [ app_init ] --END-- [ RunTime:0.000403s ]
ERR: 无法加载模块:Adfile

[ 2016-04-02T19:19:55+08:00 ] 121.42.0.17 /admin/images/login_06.jpg
INFO: [ app_init ] --START--
INFO: Run Behavior\BuildLiteBehavior [ RunTime:0.000020s ]
INFO: [ app_init ] --END-- [ RunTime:0.000445s ]
ERR: 无法加载模块:Admin

[ 2016-04-02T19:19:55+08:00 ] 121.42.0.17 /robots.txt
INFO: [ app_init ] --START--
INFO: Run Behavior\BuildLiteBehavior [ RunTime:0.000020s ]
INFO: [ app_init ] --END-- [ RunTime:0.000435s ]
ERR: 无法加载模块:Robots

[ 2016-04-02T19:19:55+08:00 ] 121.42.0.17 /images/common/online_member.gif
INFO: [ app_init ] --START--
INFO: Run Behavior\BuildLiteBehavior [ RunTime:0.000021s ]
INFO: [ app_init ] --END-- [ RunTime:0.000559s ]
ERR: 无法加载模块:Images

[ 2016-04-02T19:19:56+08:00 ] 121.42.0.17 /images/default/reply.gif
INFO: [ app_init ] --START--
INFO: Run Behavior\BuildLiteBehavior [ RunTime:0.000031s ]
INFO: [ app_init ] --END-- [ RunTime:0.001179s ]
ERR: 无法加载模块:Images

[ 2016-04-02T19:19:56+08:00 ] 121.42.0.17 /static/image/admincp/ajax_loader.gif
INFO: [ app_init ] --START--
INFO: Run Behavior\BuildLiteBehavior [ RunTime:0.000017s ]
INFO: [ app_init ] --END-- [ RunTime:0.000436s ]
ERR: 无法加载模块:Static

[ 2016-04-02T19:19:56+08:00 ] 121.42.0.17 /templates/uchome/images/title.gif
INFO: [ app_init ] --START--
INFO: Run Behavior\BuildLiteBehavior [ RunTime:0.000019s ]
INFO: [ app_init ] --END-- [ RunTime:0.000441s ]
ERR: 无法加载模块:Templates

[ 2016-04-02T19:19:56+08:00 ] 121.42.0.17 /extmail/default/images/lastpg.d.gif
INFO: [ app_init ] --START--
INFO: Run Behavior\BuildLiteBehavior [ RunTime:0.000021s ]
INFO: [ app_init ] --END-- [ RunTime:0.000470s ]
ERR: 无法加载模块:Extmail

[ 2016-04-02T19:19:57+08:00 ] 121.42.0.17 /adminsoft/templates/images/login_line.png
INFO: [ app_init ] --START--
INFO: Run Behavior\BuildLiteBehavior [ RunTime:0.000017s ]
INFO: [ app_init ] --END-- [ RunTime:0.000423s ]
ERR: 无法加载模块:Adminsoft

[ 2016-04-02T19:19:57+08:00 ] 121.42.0.17 /adminsoft/templates/images/login_title.png
INFO: [ app_init ] --START--
INFO: Run Behavior\BuildLiteBehavior [ RunTime:0.000025s ]
INFO: [ app_init ] --END-- [ RunTime:0.000585s ]
ERR: 无法加载模块:Adminsoft

[ 2016-04-02T19:19:57+08:00 ] 121.42.0.17 /public/plug/im/im_bg.png
INFO: [ app_init ] --START--
INFO: Run Behavior\BuildLiteBehavior [ RunTime:0.000017s ]
INFO: [ app_init ] --END-- [ RunTime:0.000426s ]
ERR: 无法加载模块:Public

[ 2016-04-02T19:19:57+08:00 ] 121.42.0.17 /images/admin/logo.gif
INFO: [ app_init ] --START--
INFO: Run Behavior\BuildLiteBehavior [ RunTime:0.000017s ]
INFO: [ app_init ] --END-- [ RunTime:0.000419s ]
ERR: 无法加载模块:Images

[ 2016-04-02T19:19:57+08:00 ] 121.42.0.17 /images/admin/sprites.png
INFO: [ app_init ] --START--
INFO: Run Behavior\BuildLiteBehavior [ RunTime:0.000017s ]
INFO: [ app_init ] --END-- [ RunTime:0.000407s ]
ERR: 无法加载模块:Images

[ 2016-04-02T19:19:58+08:00 ] 121.42.0.17 /ACT_inc/ItemBg.gif
INFO: [ app_init ] --START--
INFO: Run Behavior\BuildLiteBehavior [ RunTime:0.000018s ]
INFO: [ app_init ] --END-- [ RunTime:0.000438s ]
ERR: 无法加载模块:ACT_inc

[ 2016-04-02T19:19:58+08:00 ] 121.42.0.17 /ACT_inc/share/minusbottom.gif
INFO: [ app_init ] --START--
INFO: Run Behavior\BuildLiteBehavior [ RunTime:0.000019s ]
INFO: [ app_init ] --END-- [ RunTime:0.000473s ]
ERR: 无法加载模块:ACT_inc

[ 2016-04-02T19:19:58+08:00 ] 121.42.0.17 /Admin/Images/bg_admin.jpg
INFO: [ app_init ] --START--
INFO: Run Behavior\BuildLiteBehavior [ RunTime:0.000018s ]
INFO: [ app_init ] --END-- [ RunTime:0.000433s ]
ERR: 无法加载模块:Admin

[ 2016-04-02T19:19:58+08:00 ] 121.42.0.17 /images/act_1.gif
INFO: [ app_init ] --START--
INFO: Run Behavior\BuildLiteBehavior [ RunTime:0.000020s ]
INFO: [ app_init ] --END-- [ RunTime:0.000472s ]
ERR: 无法加载模块:Images

[ 2016-04-02T19:19:59+08:00 ] 121.42.0.17 /images/reg.gif
INFO: [ app_init ] --START--
INFO: Run Behavior\BuildLiteBehavior [ RunTime:0.000018s ]
INFO: [ app_init ] --END-- [ RunTime:0.000416s ]
ERR: 无法加载模块:Images

