[ 2016-04-27T20:42:42+08:00 ] 127.0.0.1 /favicon.ico
INFO: [ app_init ] --START--
INFO: Run Behavior\BuildLiteBehavior [ RunTime:0.000019s ]
INFO: [ app_init ] --END-- [ RunTime:0.000300s ]
ERR: 无法加载模块:Favicon

[ 2016-04-27T22:20:40+08:00 ] 127.0.0.1 /fonts.googleapis.com/css@family=Open+Sans_3A300italic,400italic,600italic,700italic,800italic,400,300,600,700,800
INFO: [ app_init ] --START--
INFO: Run Behavior\BuildLiteBehavior [ RunTime:0.000025s ]
INFO: [ app_init ] --END-- [ RunTime:0.000391s ]
ERR: 无法加载模块:Fonts.googleapis.com

[ 2016-04-27T22:20:40+08:00 ] 127.0.0.1 /fonts.googleapis.com/css@family=Dosis_3A200,300,400,500,600,700,800
INFO: [ app_init ] --START--
INFO: Run Behavior\BuildLiteBehavior [ RunTime:0.000026s ]
INFO: [ app_init ] --END-- [ RunTime:0.000370s ]
ERR: 无法加载模块:Fonts.googleapis.com

[ 2016-04-27T22:20:40+08:00 ] 127.0.0.1 /fonts.googleapis.com/css@family=Raleway_3A400,100,200,300,500,600
INFO: [ app_init ] --START--
INFO: Run Behavior\BuildLiteBehavior [ RunTime:0.000027s ]
INFO: [ app_init ] --END-- [ RunTime:0.000378s ]
ERR: 无法加载模块:Fonts.googleapis.com

[ 2016-04-27T22:20:40+08:00 ] 127.0.0.1 /fonts.googleapis.com/css@family=Lato_3A400,700,900
INFO: [ app_init ] --START--
INFO: Run Behavior\BuildLiteBehavior [ RunTime:0.000020s ]
INFO: [ app_init ] --END-- [ RunTime:0.000309s ]
ERR: 无法加载模块:Fonts.googleapis.com

[ 2016-04-27T22:20:41+08:00 ] 127.0.0.1 /testIndex/Public/images/misc/body-bg.png
INFO: [ app_init ] --START--
INFO: Run Behavior\BuildLiteBehavior [ RunTime:0.000024s ]
INFO: [ app_init ] --END-- [ RunTime:0.000355s ]
ERR: 无法加载模块:TestIndex

[ 2016-04-27T22:20:41+08:00 ] 127.0.0.1 /testIndex/Public/images/misc/home-button.png
INFO: [ app_init ] --START--
INFO: Run Behavior\BuildLiteBehavior [ RunTime:0.000026s ]
INFO: [ app_init ] --END-- [ RunTime:0.000407s ]
ERR: 无法加载模块:TestIndex

[ 2016-04-27T22:20:41+08:00 ] 127.0.0.1 /testIndex/Public/images/status.gif
INFO: [ app_init ] --START--
INFO: Run Behavior\BuildLiteBehavior [ RunTime:0.000023s ]
INFO: [ app_init ] --END-- [ RunTime:0.000355s ]
ERR: 无法加载模块:TestIndex

[ 2016-04-27T22:20:41+08:00 ] 127.0.0.1 /testIndex/Public/images/misc/close-button.png
INFO: [ app_init ] --START--
INFO: Run Behavior\BuildLiteBehavior [ RunTime:0.000027s ]
INFO: [ app_init ] --END-- [ RunTime:0.000377s ]
ERR: 无法加载模块:TestIndex

[ 2016-04-27T22:20:41+08:00 ] 127.0.0.1 /testIndex/Public/images/misc/menu-button.png
INFO: [ app_init ] --START--
INFO: Run Behavior\BuildLiteBehavior [ RunTime:0.000028s ]
INFO: [ app_init ] --END-- [ RunTime:0.000384s ]
ERR: 无法加载模块:TestIndex

[ 2016-04-27T22:20:41+08:00 ] 127.0.0.1 /testIndex/Public/images/misc/arrow-right.png
INFO: [ app_init ] --START--
INFO: Run Behavior\BuildLiteBehavior [ RunTime:0.000024s ]
INFO: [ app_init ] --END-- [ RunTime:0.000338s ]
ERR: 无法加载模块:TestIndex

[ 2016-04-27T22:20:41+08:00 ] 127.0.0.1 /testIndex/Public/images/misc/arrow-left.png
INFO: [ app_init ] --START--
INFO: Run Behavior\BuildLiteBehavior [ RunTime:0.000028s ]
INFO: [ app_init ] --END-- [ RunTime:0.007468s ]
ERR: 无法加载模块:TestIndex

[ 2016-04-27T22:20:41+08:00 ] 127.0.0.1 /testIndex/Public/images/ui/next1.png
INFO: [ app_init ] --START--
INFO: Run Behavior\BuildLiteBehavior [ RunTime:0.000025s ]
INFO: [ app_init ] --END-- [ RunTime:0.000331s ]
ERR: 无法加载模块:TestIndex

[ 2016-04-27T22:20:41+08:00 ] 127.0.0.1 /testIndex/Public/images/ui/prev1.png
INFO: [ app_init ] --START--
INFO: Run Behavior\BuildLiteBehavior [ RunTime:0.000027s ]
INFO: [ app_init ] --END-- [ RunTime:0.000468s ]
ERR: 无法加载模块:TestIndex

[ 2016-04-27T22:20:41+08:00 ] 127.0.0.1 /testIndex/Public/images/misc/social/facebook.png
INFO: [ app_init ] --START--
INFO: Run Behavior\BuildLiteBehavior [ RunTime:0.000025s ]
INFO: [ app_init ] --END-- [ RunTime:0.000350s ]
ERR: 无法加载模块:TestIndex

[ 2016-04-27T22:20:41+08:00 ] 127.0.0.1 /testIndex/Public/images/misc/social/twitter.png
INFO: [ app_init ] --START--
INFO: Run Behavior\BuildLiteBehavior [ RunTime:0.000024s ]
INFO: [ app_init ] --END-- [ RunTime:0.000358s ]
ERR: 无法加载模块:TestIndex

[ 2016-04-27T22:20:41+08:00 ] 127.0.0.1 /testIndex/Public/images/misc/social/google.png
INFO: [ app_init ] --START--
INFO: Run Behavior\BuildLiteBehavior [ RunTime:0.000027s ]
INFO: [ app_init ] --END-- [ RunTime:0.000357s ]
ERR: 无法加载模块:TestIndex

[ 2016-04-27T22:20:41+08:00 ] 127.0.0.1 /testIndex/Public/images/misc/twitter.png
INFO: [ app_init ] --START--
INFO: Run Behavior\BuildLiteBehavior [ RunTime:0.000025s ]
INFO: [ app_init ] --END-- [ RunTime:0.000361s ]
ERR: 无法加载模块:TestIndex

[ 2016-04-27T22:20:41+08:00 ] 127.0.0.1 /testIndex/Public/images/misc/googleplus.png
INFO: [ app_init ] --START--
INFO: Run Behavior\BuildLiteBehavior [ RunTime:0.000028s ]
INFO: [ app_init ] --END-- [ RunTime:0.000398s ]
ERR: 无法加载模块:TestIndex

[ 2016-04-27T22:20:41+08:00 ] 127.0.0.1 /testIndex/Public/images/misc/facebook.png
INFO: [ app_init ] --START--
INFO: Run Behavior\BuildLiteBehavior [ RunTime:0.000017s ]
INFO: [ app_init ] --END-- [ RunTime:0.000321s ]
ERR: 无法加载模块:TestIndex

[ 2016-04-27T22:21:48+08:00 ] 127.0.0.1 /fonts.googleapis.com/css@family=Dosis_3A200,300,400,500,600,700,800
INFO: [ app_init ] --START--
INFO: Run Behavior\BuildLiteBehavior [ RunTime:0.000026s ]
INFO: [ app_init ] --END-- [ RunTime:0.000343s ]
ERR: 无法加载模块:Fonts.googleapis.com

[ 2016-04-27T22:21:48+08:00 ] 127.0.0.1 /fonts.googleapis.com/css@family=Open+Sans_3A300italic,400italic,600italic,700italic,800italic,400,300,600,700,800
INFO: [ app_init ] --START--
INFO: Run Behavior\BuildLiteBehavior [ RunTime:0.000023s ]
INFO: [ app_init ] --END-- [ RunTime:0.002234s ]
ERR: 无法加载模块:Fonts.googleapis.com

[ 2016-04-27T22:21:48+08:00 ] 127.0.0.1 /fonts.googleapis.com/css@family=Raleway_3A400,100,200,300,500,600
INFO: [ app_init ] --START--
INFO: Run Behavior\BuildLiteBehavior [ RunTime:0.000027s ]
INFO: [ app_init ] --END-- [ RunTime:0.000799s ]
ERR: 无法加载模块:Fonts.googleapis.com

[ 2016-04-27T22:21:48+08:00 ] 127.0.0.1 /fonts.googleapis.com/css@family=Lato_3A400,700,900
INFO: [ app_init ] --START--
INFO: Run Behavior\BuildLiteBehavior [ RunTime:0.000033s ]
INFO: [ app_init ] --END-- [ RunTime:0.000464s ]
ERR: 无法加载模块:Fonts.googleapis.com

[ 2016-04-27T22:21:48+08:00 ] 127.0.0.1 /testIndex/Public/images/misc/body-bg.png
INFO: [ app_init ] --START--
INFO: Run Behavior\BuildLiteBehavior [ RunTime:0.000026s ]
INFO: [ app_init ] --END-- [ RunTime:0.000353s ]
ERR: 无法加载模块:TestIndex

[ 2016-04-27T22:21:48+08:00 ] 127.0.0.1 /testIndex/Public/images/misc/menu-button.png
INFO: [ app_init ] --START--
INFO: Run Behavior\BuildLiteBehavior [ RunTime:0.000025s ]
INFO: [ app_init ] --END-- [ RunTime:0.000368s ]
ERR: 无法加载模块:TestIndex

[ 2016-04-27T22:21:48+08:00 ] 127.0.0.1 /testIndex/Public/images/misc/home-button.png
INFO: [ app_init ] --START--
INFO: Run Behavior\BuildLiteBehavior [ RunTime:0.000034s ]
INFO: [ app_init ] --END-- [ RunTime:0.009997s ]
ERR: 无法加载模块:TestIndex

[ 2016-04-27T22:21:48+08:00 ] 127.0.0.1 /testIndex/Public/images/status.gif
INFO: [ app_init ] --START--
INFO: Run Behavior\BuildLiteBehavior [ RunTime:0.000030s ]
INFO: [ app_init ] --END-- [ RunTime:0.000550s ]
ERR: 无法加载模块:TestIndex

[ 2016-04-27T22:21:48+08:00 ] 127.0.0.1 /testIndex/Public/images/misc/arrow-right.png
INFO: [ app_init ] --START--
INFO: Run Behavior\BuildLiteBehavior [ RunTime:0.000028s ]
INFO: [ app_init ] --END-- [ RunTime:0.000382s ]
ERR: 无法加载模块:TestIndex

[ 2016-04-27T22:21:48+08:00 ] 127.0.0.1 /testIndex/Public/images/ui/next1.png
INFO: [ app_init ] --START--
INFO: Run Behavior\BuildLiteBehavior [ RunTime:0.000036s ]
INFO: [ app_init ] --END-- [ RunTime:0.000459s ]
ERR: 无法加载模块:TestIndex

[ 2016-04-27T22:21:48+08:00 ] 127.0.0.1 /testIndex/Public/images/misc/close-button.png
INFO: [ app_init ] --START--
INFO: Run Behavior\BuildLiteBehavior [ RunTime:0.000024s ]
INFO: [ app_init ] --END-- [ RunTime:0.000349s ]
ERR: 无法加载模块:TestIndex

[ 2016-04-27T22:21:48+08:00 ] 127.0.0.1 /testIndex/Public/images/misc/arrow-left.png
INFO: [ app_init ] --START--
INFO: Run Behavior\BuildLiteBehavior [ RunTime:0.000028s ]
INFO: [ app_init ] --END-- [ RunTime:0.005986s ]
ERR: 无法加载模块:TestIndex

[ 2016-04-27T22:21:48+08:00 ] 127.0.0.1 /testIndex/Public/images/ui/prev1.png
INFO: [ app_init ] --START--
INFO: Run Behavior\BuildLiteBehavior [ RunTime:0.000026s ]
INFO: [ app_init ] --END-- [ RunTime:0.000386s ]
ERR: 无法加载模块:TestIndex

[ 2016-04-27T22:21:48+08:00 ] 127.0.0.1 /testIndex/Public/images/misc/social/facebook.png
INFO: [ app_init ] --START--
INFO: Run Behavior\BuildLiteBehavior [ RunTime:0.000025s ]
INFO: [ app_init ] --END-- [ RunTime:0.000504s ]
ERR: 无法加载模块:TestIndex

[ 2016-04-27T22:21:48+08:00 ] 127.0.0.1 /testIndex/Public/images/misc/social/twitter.png
INFO: [ app_init ] --START--
INFO: Run Behavior\BuildLiteBehavior [ RunTime:0.000030s ]
INFO: [ app_init ] --END-- [ RunTime:0.000614s ]
ERR: 无法加载模块:TestIndex

[ 2016-04-27T22:21:48+08:00 ] 127.0.0.1 /testIndex/Public/images/misc/social/google.png
INFO: [ app_init ] --START--
INFO: Run Behavior\BuildLiteBehavior [ RunTime:0.000025s ]
INFO: [ app_init ] --END-- [ RunTime:0.001718s ]
ERR: 无法加载模块:TestIndex

[ 2016-04-27T22:21:48+08:00 ] 127.0.0.1 /testIndex/Public/images/misc/twitter.png
INFO: [ app_init ] --START--
INFO: Run Behavior\BuildLiteBehavior [ RunTime:0.000028s ]
INFO: [ app_init ] --END-- [ RunTime:0.000405s ]
ERR: 无法加载模块:TestIndex

[ 2016-04-27T22:21:48+08:00 ] 127.0.0.1 /testIndex/Public/images/misc/googleplus.png
INFO: [ app_init ] --START--
INFO: Run Behavior\BuildLiteBehavior [ RunTime:0.000070s ]
INFO: [ app_init ] --END-- [ RunTime:0.000459s ]
ERR: 无法加载模块:TestIndex

[ 2016-04-27T22:21:48+08:00 ] 127.0.0.1 /testIndex/Public/images/misc/facebook.png
INFO: [ app_init ] --START--
INFO: Run Behavior\BuildLiteBehavior [ RunTime:0.000031s ]
INFO: [ app_init ] --END-- [ RunTime:0.000446s ]
ERR: 无法加载模块:TestIndex

[ 2016-04-27T22:24:35+08:00 ] 127.0.0.1 /fonts.googleapis.com/css@family=Raleway_3A400,100,200,300,500,600
INFO: [ app_init ] --START--
INFO: Run Behavior\BuildLiteBehavior [ RunTime:0.000026s ]
INFO: [ app_init ] --END-- [ RunTime:0.000350s ]
ERR: 无法加载模块:Fonts.googleapis.com

[ 2016-04-27T22:24:35+08:00 ] 127.0.0.1 /fonts.googleapis.com/css@family=Dosis_3A200,300,400,500,600,700,800
INFO: [ app_init ] --START--
INFO: Run Behavior\BuildLiteBehavior [ RunTime:0.000027s ]
INFO: [ app_init ] --END-- [ RunTime:0.000368s ]
ERR: 无法加载模块:Fonts.googleapis.com

[ 2016-04-27T22:24:35+08:00 ] 127.0.0.1 /fonts.googleapis.com/css@family=Lato_3A400,700,900
INFO: [ app_init ] --START--
INFO: Run Behavior\BuildLiteBehavior [ RunTime:0.000029s ]
INFO: [ app_init ] --END-- [ RunTime:0.002671s ]
ERR: 无法加载模块:Fonts.googleapis.com

[ 2016-04-27T22:24:35+08:00 ] 127.0.0.1 /fonts.googleapis.com/css@family=Open+Sans_3A300italic,400italic,600italic,700italic,800italic,400,300,600,700,800
INFO: [ app_init ] --START--
INFO: Run Behavior\BuildLiteBehavior [ RunTime:0.000029s ]
INFO: [ app_init ] --END-- [ RunTime:0.000408s ]
ERR: 无法加载模块:Fonts.googleapis.com

[ 2016-04-27T22:24:35+08:00 ] 127.0.0.1 /testIndex/Public/images/misc/body-bg.png
INFO: [ app_init ] --START--
INFO: Run Behavior\BuildLiteBehavior [ RunTime:0.000026s ]
INFO: [ app_init ] --END-- [ RunTime:0.009223s ]
ERR: 无法加载模块:TestIndex

[ 2016-04-27T22:24:35+08:00 ] 127.0.0.1 /testIndex/Public/images/misc/home-button.png
INFO: [ app_init ] --START--
INFO: Run Behavior\BuildLiteBehavior [ RunTime:0.000024s ]
INFO: [ app_init ] --END-- [ RunTime:0.000351s ]
ERR: 无法加载模块:TestIndex

[ 2016-04-27T22:24:35+08:00 ] 127.0.0.1 /testIndex/Public/images/status.gif
INFO: [ app_init ] --START--
INFO: Run Behavior\BuildLiteBehavior [ RunTime:0.000025s ]
INFO: [ app_init ] --END-- [ RunTime:0.000346s ]
ERR: 无法加载模块:TestIndex

[ 2016-04-27T22:24:35+08:00 ] 127.0.0.1 /testIndex/Public/images/misc/menu-button.png
INFO: [ app_init ] --START--
INFO: Run Behavior\BuildLiteBehavior [ RunTime:0.000029s ]
INFO: [ app_init ] --END-- [ RunTime:0.000391s ]
ERR: 无法加载模块:TestIndex

[ 2016-04-27T22:24:35+08:00 ] 127.0.0.1 /testIndex/Public/images/misc/close-button.png
INFO: [ app_init ] --START--
INFO: Run Behavior\BuildLiteBehavior [ RunTime:0.000026s ]
INFO: [ app_init ] --END-- [ RunTime:0.000346s ]
ERR: 无法加载模块:TestIndex

[ 2016-04-27T22:24:35+08:00 ] 127.0.0.1 /testIndex/Public/images/misc/arrow-right.png
INFO: [ app_init ] --START--
INFO: Run Behavior\BuildLiteBehavior [ RunTime:0.000026s ]
INFO: [ app_init ] --END-- [ RunTime:0.000377s ]
ERR: 无法加载模块:TestIndex

[ 2016-04-27T22:24:35+08:00 ] 127.0.0.1 /testIndex/Public/images/ui/next1.png
INFO: [ app_init ] --START--
INFO: Run Behavior\BuildLiteBehavior [ RunTime:0.000027s ]
INFO: [ app_init ] --END-- [ RunTime:0.000354s ]
ERR: 无法加载模块:TestIndex

[ 2016-04-27T22:24:35+08:00 ] 127.0.0.1 /testIndex/Public/images/ui/prev1.png
INFO: [ app_init ] --START--
INFO: Run Behavior\BuildLiteBehavior [ RunTime:0.000076s ]
INFO: [ app_init ] --END-- [ RunTime:0.005034s ]
ERR: 无法加载模块:TestIndex

[ 2016-04-27T22:24:35+08:00 ] 127.0.0.1 /testIndex/Public/images/misc/arrow-left.png
INFO: [ app_init ] --START--
INFO: Run Behavior\BuildLiteBehavior [ RunTime:0.000030s ]
INFO: [ app_init ] --END-- [ RunTime:0.000433s ]
ERR: 无法加载模块:TestIndex

[ 2016-04-27T22:24:35+08:00 ] 127.0.0.1 /testIndex/Public/images/misc/social/facebook.png
INFO: [ app_init ] --START--
INFO: Run Behavior\BuildLiteBehavior [ RunTime:0.000028s ]
INFO: [ app_init ] --END-- [ RunTime:0.000361s ]
ERR: 无法加载模块:TestIndex

[ 2016-04-27T22:24:35+08:00 ] 127.0.0.1 /testIndex/Public/images/misc/social/google.png
INFO: [ app_init ] --START--
INFO: Run Behavior\BuildLiteBehavior [ RunTime:0.000030s ]
INFO: [ app_init ] --END-- [ RunTime:0.000502s ]
ERR: 无法加载模块:TestIndex

[ 2016-04-27T22:24:35+08:00 ] 127.0.0.1 /testIndex/Public/images/misc/social/twitter.png
INFO: [ app_init ] --START--
INFO: Run Behavior\BuildLiteBehavior [ RunTime:0.000029s ]
INFO: [ app_init ] --END-- [ RunTime:0.000566s ]
ERR: 无法加载模块:TestIndex

[ 2016-04-27T22:24:35+08:00 ] 127.0.0.1 /testIndex/Public/images/misc/twitter.png
INFO: [ app_init ] --START--
INFO: Run Behavior\BuildLiteBehavior [ RunTime:0.000064s ]
INFO: [ app_init ] --END-- [ RunTime:0.000739s ]
ERR: 无法加载模块:TestIndex

[ 2016-04-27T22:24:35+08:00 ] 127.0.0.1 /testIndex/Public/images/misc/googleplus.png
INFO: [ app_init ] --START--
INFO: Run Behavior\BuildLiteBehavior [ RunTime:0.000028s ]
INFO: [ app_init ] --END-- [ RunTime:0.000360s ]
ERR: 无法加载模块:TestIndex

[ 2016-04-27T22:24:35+08:00 ] 127.0.0.1 /testIndex/Public/images/misc/facebook.png
INFO: [ app_init ] --START--
INFO: Run Behavior\BuildLiteBehavior [ RunTime:0.000018s ]
INFO: [ app_init ] --END-- [ RunTime:0.000242s ]
ERR: 无法加载模块:TestIndex

[ 2016-04-27T22:30:52+08:00 ] 127.0.0.1 /fonts.googleapis.com/css@family=Open+Sans_3A300italic,400italic,600italic,700italic,800italic,400,300,600,700,800
INFO: [ app_init ] --START--
INFO: Run Behavior\BuildLiteBehavior [ RunTime:0.000027s ]
INFO: [ app_init ] --END-- [ RunTime:0.000569s ]
ERR: 无法加载模块:Fonts.googleapis.com

[ 2016-04-27T22:30:52+08:00 ] 127.0.0.1 /fonts.googleapis.com/css@family=Raleway_3A400,100,200,300,500,600
INFO: [ app_init ] --START--
INFO: Run Behavior\BuildLiteBehavior [ RunTime:0.000024s ]
INFO: [ app_init ] --END-- [ RunTime:0.000353s ]
ERR: 无法加载模块:Fonts.googleapis.com

[ 2016-04-27T22:30:52+08:00 ] 127.0.0.1 /fonts.googleapis.com/css@family=Dosis_3A200,300,400,500,600,700,800
INFO: [ app_init ] --START--
INFO: Run Behavior\BuildLiteBehavior [ RunTime:0.000026s ]
INFO: [ app_init ] --END-- [ RunTime:0.001364s ]
ERR: 无法加载模块:Fonts.googleapis.com

[ 2016-04-27T22:30:52+08:00 ] 127.0.0.1 /fonts.googleapis.com/css@family=Lato_3A400,700,900
INFO: [ app_init ] --START--
INFO: Run Behavior\BuildLiteBehavior [ RunTime:0.000027s ]
INFO: [ app_init ] --END-- [ RunTime:0.000381s ]
ERR: 无法加载模块:Fonts.googleapis.com

[ 2016-04-27T22:30:52+08:00 ] 127.0.0.1 /testIndex/Public/images/status.gif
INFO: [ app_init ] --START--
INFO: Run Behavior\BuildLiteBehavior [ RunTime:0.000025s ]
INFO: [ app_init ] --END-- [ RunTime:0.000351s ]
ERR: 无法加载模块:TestIndex

[ 2016-04-27T22:30:52+08:00 ] 127.0.0.1 /testIndex/Public/images/misc/menu-button.png
INFO: [ app_init ] --START--
INFO: Run Behavior\BuildLiteBehavior [ RunTime:0.000026s ]
INFO: [ app_init ] --END-- [ RunTime:0.000367s ]
ERR: 无法加载模块:TestIndex

[ 2016-04-27T22:30:52+08:00 ] 127.0.0.1 /testIndex/Public/images/misc/home-button.png
INFO: [ app_init ] --START--
INFO: Run Behavior\BuildLiteBehavior [ RunTime:0.000026s ]
INFO: [ app_init ] --END-- [ RunTime:0.000382s ]
ERR: 无法加载模块:TestIndex

[ 2016-04-27T22:30:52+08:00 ] 127.0.0.1 /testIndex/Public/images/misc/body-bg.png
INFO: [ app_init ] --START--
INFO: Run Behavior\BuildLiteBehavior [ RunTime:0.000027s ]
INFO: [ app_init ] --END-- [ RunTime:0.000366s ]
ERR: 无法加载模块:TestIndex

[ 2016-04-27T22:30:52+08:00 ] 127.0.0.1 /testIndex/Public/images/misc/arrow-right.png
INFO: [ app_init ] --START--
INFO: Run Behavior\BuildLiteBehavior [ RunTime:0.000036s ]
INFO: [ app_init ] --END-- [ RunTime:0.000499s ]
ERR: 无法加载模块:TestIndex

[ 2016-04-27T22:30:52+08:00 ] 127.0.0.1 /testIndex/Public/images/misc/close-button.png
INFO: [ app_init ] --START--
INFO: Run Behavior\BuildLiteBehavior [ RunTime:0.000027s ]
INFO: [ app_init ] --END-- [ RunTime:0.000397s ]
ERR: 无法加载模块:TestIndex

[ 2016-04-27T22:30:52+08:00 ] 127.0.0.1 /testIndex/Public/images/misc/arrow-left.png
INFO: [ app_init ] --START--
INFO: Run Behavior\BuildLiteBehavior [ RunTime:0.000027s ]
INFO: [ app_init ] --END-- [ RunTime:0.000347s ]
ERR: 无法加载模块:TestIndex

[ 2016-04-27T22:30:52+08:00 ] 127.0.0.1 /testIndex/Public/images/ui/next1.png
INFO: [ app_init ] --START--
INFO: Run Behavior\BuildLiteBehavior [ RunTime:0.000026s ]
INFO: [ app_init ] --END-- [ RunTime:0.000351s ]
ERR: 无法加载模块:TestIndex

[ 2016-04-27T22:30:52+08:00 ] 127.0.0.1 /testIndex/Public/images/ui/prev1.png
INFO: [ app_init ] --START--
INFO: Run Behavior\BuildLiteBehavior [ RunTime:0.000200s ]
INFO: [ app_init ] --END-- [ RunTime:0.000553s ]
ERR: 无法加载模块:TestIndex

[ 2016-04-27T22:30:52+08:00 ] 127.0.0.1 /testIndex/Public/images/misc/social/facebook.png
INFO: [ app_init ] --START--
INFO: Run Behavior\BuildLiteBehavior [ RunTime:0.000028s ]
INFO: [ app_init ] --END-- [ RunTime:0.000501s ]
ERR: 无法加载模块:TestIndex

[ 2016-04-27T22:30:52+08:00 ] 127.0.0.1 /testIndex/Public/images/misc/social/twitter.png
INFO: [ app_init ] --START--
INFO: Run Behavior\BuildLiteBehavior [ RunTime:0.000028s ]
INFO: [ app_init ] --END-- [ RunTime:0.000389s ]
ERR: 无法加载模块:TestIndex

[ 2016-04-27T22:30:52+08:00 ] 127.0.0.1 /testIndex/Public/images/misc/social/google.png
INFO: [ app_init ] --START--
INFO: Run Behavior\BuildLiteBehavior [ RunTime:0.000026s ]
INFO: [ app_init ] --END-- [ RunTime:0.000367s ]
ERR: 无法加载模块:TestIndex

[ 2016-04-27T22:30:52+08:00 ] 127.0.0.1 /testIndex/Public/images/misc/twitter.png
INFO: [ app_init ] --START--
INFO: Run Behavior\BuildLiteBehavior [ RunTime:0.000032s ]
INFO: [ app_init ] --END-- [ RunTime:0.000418s ]
ERR: 无法加载模块:TestIndex

[ 2016-04-27T22:30:52+08:00 ] 127.0.0.1 /testIndex/Public/images/misc/googleplus.png
INFO: [ app_init ] --START--
INFO: Run Behavior\BuildLiteBehavior [ RunTime:0.000033s ]
INFO: [ app_init ] --END-- [ RunTime:0.001547s ]
ERR: 无法加载模块:TestIndex

[ 2016-04-27T22:30:52+08:00 ] 127.0.0.1 /testIndex/Public/images/misc/facebook.png
INFO: [ app_init ] --START--
INFO: Run Behavior\BuildLiteBehavior [ RunTime:0.000057s ]
INFO: [ app_init ] --END-- [ RunTime:0.000639s ]
ERR: 无法加载模块:TestIndex

